<?xml version="1.0" encoding="UTF-8"?>
<testsuite xmlns:xsi="http://www.w3.org/2001/XMLSchema-instance" xsi:noNamespaceSchemaLocation="https://maven.apache.org/surefire/maven-surefire-plugin/xsd/surefire-test-report-3.0.xsd" version="3.0" name="TestSuite" time="7.823" tests="14" errors="0" skipped="0" failures="3">
  <properties>
    <property name="sun.desktop" value="windows"/>
    <property name="awt.toolkit" value="sun.awt.windows.WToolkit"/>
    <property name="java.specification.version" value="11"/>
    <property name="sun.cpu.isalist" value="amd64"/>
    <property name="sun.jnu.encoding" value="Cp1252"/>
    <property name="java.class.path" value="C:\Users\MD SHAHADUL ISLAM\IdeaProjects\Practice_RestAPI_AutomationFramework_QE_Winter2022\target\test-classes;C:\Users\MD SHAHADUL ISLAM\IdeaProjects\Practice_RestAPI_AutomationFramework_QE_Winter2022\target\classes;C:\Users\MD SHAHADUL ISLAM\.m2\repository\io\rest-assured\rest-assured\5.1.1\rest-assured-5.1.1.jar;C:\Users\MD SHAHADUL ISLAM\.m2\repository\org\apache\groovy\groovy\4.0.1\groovy-4.0.1.jar;C:\Users\MD SHAHADUL ISLAM\.m2\repository\org\apache\groovy\groovy-xml\4.0.1\groovy-xml-4.0.1.jar;C:\Users\MD SHAHADUL ISLAM\.m2\repository\org\hamcrest\hamcrest\2.1\hamcrest-2.1.jar;C:\Users\MD SHAHADUL ISLAM\.m2\repository\org\ccil\cowan\tagsoup\tagsoup\1.2.1\tagsoup-1.2.1.jar;C:\Users\MD SHAHADUL ISLAM\.m2\repository\io\rest-assured\rest-assured-all\5.1.1\rest-assured-all-5.1.1.jar;C:\Users\MD SHAHADUL ISLAM\.m2\repository\org\apache\commons\commons-lang3\3.11\commons-lang3-3.11.jar;C:\Users\MD SHAHADUL ISLAM\.m2\repository\org\apache\groovy\groovy-json\4.0.1\groovy-json-4.0.1.jar;C:\Users\MD SHAHADUL ISLAM\.m2\repository\io\rest-assured\json-path\4.5.0\json-path-4.5.0.jar;C:\Users\MD SHAHADUL ISLAM\.m2\repository\org\codehaus\groovy\groovy-json\3.0.9\groovy-json-3.0.9.jar;C:\Users\MD SHAHADUL ISLAM\.m2\repository\org\codehaus\groovy\groovy\3.0.9\groovy-3.0.9.jar;C:\Users\MD SHAHADUL ISLAM\.m2\repository\io\rest-assured\rest-assured-common\4.5.0\rest-assured-common-4.5.0.jar;C:\Users\MD SHAHADUL ISLAM\.m2\repository\io\rest-assured\xml-path\5.1.1\xml-path-5.1.1.jar;C:\Users\MD SHAHADUL ISLAM\.m2\repository\io\rest-assured\json-schema-validator\5.1.1\json-schema-validator-5.1.1.jar;C:\Users\MD SHAHADUL ISLAM\.m2\repository\com\github\java-json-tools\json-schema-validator\2.2.14\json-schema-validator-2.2.14.jar;C:\Users\MD SHAHADUL ISLAM\.m2\repository\com\google\guava\guava\28.2-android\guava-28.2-android.jar;C:\Users\MD SHAHADUL ISLAM\.m2\repository\com\google\guava\failureaccess\1.0.1\failureaccess-1.0.1.jar;C:\Users\MD SHAHADUL ISLAM\.m2\repository\com\google\guava\listenablefuture\9999.0-empty-to-avoid-conflict-with-guava\listenablefuture-9999.0-empty-to-avoid-conflict-with-guava.jar;C:\Users\MD SHAHADUL ISLAM\.m2\repository\org\checkerframework\checker-compat-qual\2.5.5\checker-compat-qual-2.5.5.jar;C:\Users\MD SHAHADUL ISLAM\.m2\repository\com\google\errorprone\error_prone_annotations\2.3.4\error_prone_annotations-2.3.4.jar;C:\Users\MD SHAHADUL ISLAM\.m2\repository\com\google\j2objc\j2objc-annotations\1.3\j2objc-annotations-1.3.jar;C:\Users\MD SHAHADUL ISLAM\.m2\repository\com\github\java-json-tools\jackson-coreutils-equivalence\1.0\jackson-coreutils-equivalence-1.0.jar;C:\Users\MD SHAHADUL ISLAM\.m2\repository\com\github\java-json-tools\jackson-coreutils\2.0\jackson-coreutils-2.0.jar;C:\Users\MD SHAHADUL ISLAM\.m2\repository\com\github\java-json-tools\msg-simple\1.2\msg-simple-1.2.jar;C:\Users\MD SHAHADUL ISLAM\.m2\repository\com\github\java-json-tools\btf\1.3\btf-1.3.jar;C:\Users\MD SHAHADUL ISLAM\.m2\repository\com\github\java-json-tools\json-schema-core\1.2.14\json-schema-core-1.2.14.jar;C:\Users\MD SHAHADUL ISLAM\.m2\repository\com\github\java-json-tools\uri-template\0.10\uri-template-0.10.jar;C:\Users\MD SHAHADUL ISLAM\.m2\repository\org\mozilla\rhino\1.7.7.2\rhino-1.7.7.2.jar;C:\Users\MD SHAHADUL ISLAM\.m2\repository\com\sun\mail\mailapi\1.6.2\mailapi-1.6.2.jar;C:\Users\MD SHAHADUL ISLAM\.m2\repository\joda-time\joda-time\2.10.5\joda-time-2.10.5.jar;C:\Users\MD SHAHADUL ISLAM\.m2\repository\com\googlecode\libphonenumber\libphonenumber\8.11.1\libphonenumber-8.11.1.jar;C:\Users\MD SHAHADUL ISLAM\.m2\repository\net\sf\jopt-simple\jopt-simple\5.0.4\jopt-simple-5.0.4.jar;C:\Users\MD SHAHADUL ISLAM\.m2\repository\com\github\scribejava\scribejava-apis\2.5.3\scribejava-apis-2.5.3.jar;C:\Users\MD SHAHADUL ISLAM\.m2\repository\com\github\scribejava\scribejava-core\2.5.3\scribejava-core-2.5.3.jar;C:\Users\MD SHAHADUL ISLAM\.m2\repository\org\testng\testng\7.6.1\testng-7.6.1.jar;C:\Users\MD SHAHADUL ISLAM\.m2\repository\com\google\code\findbugs\jsr305\3.0.2\jsr305-3.0.2.jar;C:\Users\MD SHAHADUL ISLAM\.m2\repository\org\slf4j\slf4j-api\1.7.36\slf4j-api-1.7.36.jar;C:\Users\MD SHAHADUL ISLAM\.m2\repository\com\beust\jcommander\1.82\jcommander-1.82.jar;C:\Users\MD SHAHADUL ISLAM\.m2\repository\org\webjars\jquery\3.6.0\jquery-3.6.0.jar;C:\Users\MD SHAHADUL ISLAM\.m2\repository\com\fasterxml\jackson\core\jackson-databind\2.13.1\jackson-databind-2.13.1.jar;C:\Users\MD SHAHADUL ISLAM\.m2\repository\com\fasterxml\jackson\core\jackson-annotations\2.13.1\jackson-annotations-2.13.1.jar;C:\Users\MD SHAHADUL ISLAM\.m2\repository\com\fasterxml\jackson\core\jackson-core\2.13.1\jackson-core-2.13.1.jar;C:\Users\MD SHAHADUL ISLAM\.m2\repository\com\mashape\unirest\unirest-java\1.4.9\unirest-java-1.4.9.jar;C:\Users\MD SHAHADUL ISLAM\.m2\repository\org\apache\httpcomponents\httpclient\4.5.13\httpclient-4.5.13.jar;C:\Users\MD SHAHADUL ISLAM\.m2\repository\org\apache\httpcomponents\httpcore\4.4.13\httpcore-4.4.13.jar;C:\Users\MD SHAHADUL ISLAM\.m2\repository\commons-logging\commons-logging\1.2\commons-logging-1.2.jar;C:\Users\MD SHAHADUL ISLAM\.m2\repository\commons-codec\commons-codec\1.11\commons-codec-1.11.jar;C:\Users\MD SHAHADUL ISLAM\.m2\repository\org\apache\httpcomponents\httpasyncclient\4.1.5\httpasyncclient-4.1.5.jar;C:\Users\MD SHAHADUL ISLAM\.m2\repository\org\apache\httpcomponents\httpcore-nio\4.4.15\httpcore-nio-4.4.15.jar;C:\Users\MD SHAHADUL ISLAM\.m2\repository\org\apache\httpcomponents\httpmime\4.5.13\httpmime-4.5.13.jar;C:\Users\MD SHAHADUL ISLAM\.m2\repository\org\json\json\20220320\json-20220320.jar;C:\Users\MD SHAHADUL ISLAM\.m2\repository\com\googlecode\json-simple\json-simple\1.1.1\json-simple-1.1.1.jar;C:\Users\MD SHAHADUL ISLAM\.m2\repository\junit\junit\4.10\junit-4.10.jar;C:\Users\MD SHAHADUL ISLAM\.m2\repository\org\hamcrest\hamcrest-core\1.1\hamcrest-core-1.1.jar;"/>
    <property name="java.vm.vendor" value="Oracle Corporation"/>
    <property name="sun.arch.data.model" value="64"/>
    <property name="user.variant" value=""/>
    <property name="java.vendor.url" value="https://openjdk.java.net/"/>
    <property name="user.timezone" value="America/New_York"/>
    <property name="java.vm.specification.version" value="11"/>
    <property name="os.name" value="Windows 10"/>
    <property name="sun.java.launcher" value="SUN_STANDARD"/>
    <property name="user.country" value="US"/>
    <property name="sun.boot.library.path" value="C:\Program Files\Java\jdk-11.0.13\bin"/>
    <property name="sun.java.command" value="C:\Users\MD SHAHADUL ISLAM\AppData\Local\Temp\surefire7999644623515135538\surefirebooter15352591029959176551.jar C:\Users\MD SHAHADUL ISLAM\AppData\Local\Temp\surefire7999644623515135538 2022-08-31T18-49-06_643-jvmRun1 surefire484730142057238316tmp surefire_09770072766356729126tmp"/>
    <property name="jdk.debug" value="release"/>
    <property name="surefire.test.class.path" value="C:\Users\MD SHAHADUL ISLAM\IdeaProjects\Practice_RestAPI_AutomationFramework_QE_Winter2022\target\test-classes;C:\Users\MD SHAHADUL ISLAM\IdeaProjects\Practice_RestAPI_AutomationFramework_QE_Winter2022\target\classes;C:\Users\MD SHAHADUL ISLAM\.m2\repository\io\rest-assured\rest-assured\5.1.1\rest-assured-5.1.1.jar;C:\Users\MD SHAHADUL ISLAM\.m2\repository\org\apache\groovy\groovy\4.0.1\groovy-4.0.1.jar;C:\Users\MD SHAHADUL ISLAM\.m2\repository\org\apache\groovy\groovy-xml\4.0.1\groovy-xml-4.0.1.jar;C:\Users\MD SHAHADUL ISLAM\.m2\repository\org\hamcrest\hamcrest\2.1\hamcrest-2.1.jar;C:\Users\MD SHAHADUL ISLAM\.m2\repository\org\ccil\cowan\tagsoup\tagsoup\1.2.1\tagsoup-1.2.1.jar;C:\Users\MD SHAHADUL ISLAM\.m2\repository\io\rest-assured\rest-assured-all\5.1.1\rest-assured-all-5.1.1.jar;C:\Users\MD SHAHADUL ISLAM\.m2\repository\org\apache\commons\commons-lang3\3.11\commons-lang3-3.11.jar;C:\Users\MD SHAHADUL ISLAM\.m2\repository\org\apache\groovy\groovy-json\4.0.1\groovy-json-4.0.1.jar;C:\Users\MD SHAHADUL ISLAM\.m2\repository\io\rest-assured\json-path\4.5.0\json-path-4.5.0.jar;C:\Users\MD SHAHADUL ISLAM\.m2\repository\org\codehaus\groovy\groovy-json\3.0.9\groovy-json-3.0.9.jar;C:\Users\MD SHAHADUL ISLAM\.m2\repository\org\codehaus\groovy\groovy\3.0.9\groovy-3.0.9.jar;C:\Users\MD SHAHADUL ISLAM\.m2\repository\io\rest-assured\rest-assured-common\4.5.0\rest-assured-common-4.5.0.jar;C:\Users\MD SHAHADUL ISLAM\.m2\repository\io\rest-assured\xml-path\5.1.1\xml-path-5.1.1.jar;C:\Users\MD SHAHADUL ISLAM\.m2\repository\io\rest-assured\json-schema-validator\5.1.1\json-schema-validator-5.1.1.jar;C:\Users\MD SHAHADUL ISLAM\.m2\repository\com\github\java-json-tools\json-schema-validator\2.2.14\json-schema-validator-2.2.14.jar;C:\Users\MD SHAHADUL ISLAM\.m2\repository\com\google\guava\guava\28.2-android\guava-28.2-android.jar;C:\Users\MD SHAHADUL ISLAM\.m2\repository\com\google\guava\failureaccess\1.0.1\failureaccess-1.0.1.jar;C:\Users\MD SHAHADUL ISLAM\.m2\repository\com\google\guava\listenablefuture\9999.0-empty-to-avoid-conflict-with-guava\listenablefuture-9999.0-empty-to-avoid-conflict-with-guava.jar;C:\Users\MD SHAHADUL ISLAM\.m2\repository\org\checkerframework\checker-compat-qual\2.5.5\checker-compat-qual-2.5.5.jar;C:\Users\MD SHAHADUL ISLAM\.m2\repository\com\google\errorprone\error_prone_annotations\2.3.4\error_prone_annotations-2.3.4.jar;C:\Users\MD SHAHADUL ISLAM\.m2\repository\com\google\j2objc\j2objc-annotations\1.3\j2objc-annotations-1.3.jar;C:\Users\MD SHAHADUL ISLAM\.m2\repository\com\github\java-json-tools\jackson-coreutils-equivalence\1.0\jackson-coreutils-equivalence-1.0.jar;C:\Users\MD SHAHADUL ISLAM\.m2\repository\com\github\java-json-tools\jackson-coreutils\2.0\jackson-coreutils-2.0.jar;C:\Users\MD SHAHADUL ISLAM\.m2\repository\com\github\java-json-tools\msg-simple\1.2\msg-simple-1.2.jar;C:\Users\MD SHAHADUL ISLAM\.m2\repository\com\github\java-json-tools\btf\1.3\btf-1.3.jar;C:\Users\MD SHAHADUL ISLAM\.m2\repository\com\github\java-json-tools\json-schema-core\1.2.14\json-schema-core-1.2.14.jar;C:\Users\MD SHAHADUL ISLAM\.m2\repository\com\github\java-json-tools\uri-template\0.10\uri-template-0.10.jar;C:\Users\MD SHAHADUL ISLAM\.m2\repository\org\mozilla\rhino\1.7.7.2\rhino-1.7.7.2.jar;C:\Users\MD SHAHADUL ISLAM\.m2\repository\com\sun\mail\mailapi\1.6.2\mailapi-1.6.2.jar;C:\Users\MD SHAHADUL ISLAM\.m2\repository\joda-time\joda-time\2.10.5\joda-time-2.10.5.jar;C:\Users\MD SHAHADUL ISLAM\.m2\repository\com\googlecode\libphonenumber\libphonenumber\8.11.1\libphonenumber-8.11.1.jar;C:\Users\MD SHAHADUL ISLAM\.m2\repository\net\sf\jopt-simple\jopt-simple\5.0.4\jopt-simple-5.0.4.jar;C:\Users\MD SHAHADUL ISLAM\.m2\repository\com\github\scribejava\scribejava-apis\2.5.3\scribejava-apis-2.5.3.jar;C:\Users\MD SHAHADUL ISLAM\.m2\repository\com\github\scribejava\scribejava-core\2.5.3\scribejava-core-2.5.3.jar;C:\Users\MD SHAHADUL ISLAM\.m2\repository\org\testng\testng\7.6.1\testng-7.6.1.jar;C:\Users\MD SHAHADUL ISLAM\.m2\repository\com\google\code\findbugs\jsr305\3.0.2\jsr305-3.0.2.jar;C:\Users\MD SHAHADUL ISLAM\.m2\repository\org\slf4j\slf4j-api\1.7.36\slf4j-api-1.7.36.jar;C:\Users\MD SHAHADUL ISLAM\.m2\repository\com\beust\jcommander\1.82\jcommander-1.82.jar;C:\Users\MD SHAHADUL ISLAM\.m2\repository\org\webjars\jquery\3.6.0\jquery-3.6.0.jar;C:\Users\MD SHAHADUL ISLAM\.m2\repository\com\fasterxml\jackson\core\jackson-databind\2.13.1\jackson-databind-2.13.1.jar;C:\Users\MD SHAHADUL ISLAM\.m2\repository\com\fasterxml\jackson\core\jackson-annotations\2.13.1\jackson-annotations-2.13.1.jar;C:\Users\MD SHAHADUL ISLAM\.m2\repository\com\fasterxml\jackson\core\jackson-core\2.13.1\jackson-core-2.13.1.jar;C:\Users\MD SHAHADUL ISLAM\.m2\repository\com\mashape\unirest\unirest-java\1.4.9\unirest-java-1.4.9.jar;C:\Users\MD SHAHADUL ISLAM\.m2\repository\org\apache\httpcomponents\httpclient\4.5.13\httpclient-4.5.13.jar;C:\Users\MD SHAHADUL ISLAM\.m2\repository\org\apache\httpcomponents\httpcore\4.4.13\httpcore-4.4.13.jar;C:\Users\MD SHAHADUL ISLAM\.m2\repository\commons-logging\commons-logging\1.2\commons-logging-1.2.jar;C:\Users\MD SHAHADUL ISLAM\.m2\repository\commons-codec\commons-codec\1.11\commons-codec-1.11.jar;C:\Users\MD SHAHADUL ISLAM\.m2\repository\org\apache\httpcomponents\httpasyncclient\4.1.5\httpasyncclient-4.1.5.jar;C:\Users\MD SHAHADUL ISLAM\.m2\repository\org\apache\httpcomponents\httpcore-nio\4.4.15\httpcore-nio-4.4.15.jar;C:\Users\MD SHAHADUL ISLAM\.m2\repository\org\apache\httpcomponents\httpmime\4.5.13\httpmime-4.5.13.jar;C:\Users\MD SHAHADUL ISLAM\.m2\repository\org\json\json\20220320\json-20220320.jar;C:\Users\MD SHAHADUL ISLAM\.m2\repository\com\googlecode\json-simple\json-simple\1.1.1\json-simple-1.1.1.jar;C:\Users\MD SHAHADUL ISLAM\.m2\repository\junit\junit\4.10\junit-4.10.jar;C:\Users\MD SHAHADUL ISLAM\.m2\repository\org\hamcrest\hamcrest-core\1.1\hamcrest-core-1.1.jar;"/>
    <property name="sun.cpu.endian" value="little"/>
    <property name="user.home" value="C:\Users\MD SHAHADUL ISLAM"/>
    <property name="user.language" value="en"/>
    <property name="java.specification.vendor" value="Oracle Corporation"/>
    <property name="java.version.date" value="2021-10-19"/>
    <property name="java.home" value="C:\Program Files\Java\jdk-11.0.13"/>
    <property name="testng.dtd.http" value="true"/>
    <property name="file.separator" value="\"/>
    <property name="basedir" value="C:\Users\MD SHAHADUL ISLAM\IdeaProjects\Practice_RestAPI_AutomationFramework_QE_Winter2022"/>
    <property name="java.vm.compressedOopsMode" value="Zero based"/>
    <property name="line.separator" value="&#10;"/>
    <property name="java.specification.name" value="Java Platform API Specification"/>
    <property name="java.vm.specification.vendor" value="Oracle Corporation"/>
    <property name="java.awt.graphicsenv" value="sun.awt.Win32GraphicsEnvironment"/>
    <property name="surefire.real.class.path" value="C:\Users\MD SHAHADUL ISLAM\AppData\Local\Temp\surefire7999644623515135538\surefirebooter15352591029959176551.jar"/>
    <property name="user.script" value=""/>
    <property name="sun.management.compiler" value="HotSpot 64-Bit Tiered Compilers"/>
    <property name="java.runtime.version" value="11.0.13+10-LTS-370"/>
    <property name="user.name" value="MD SHAHADUL ISLAM"/>
    <property name="path.separator" value=";"/>
    <property name="os.version" value="10.0"/>
    <property name="java.runtime.name" value="Java(TM) SE Runtime Environment"/>
    <property name="file.encoding" value="Cp1252"/>
    <property name="java.vm.name" value="Java HotSpot(TM) 64-Bit Server VM"/>
    <property name="java.vendor.version" value="18.9"/>
    <property name="localRepository" value="C:\Users\MD SHAHADUL ISLAM\.m2\repository"/>
    <property name="java.vendor.url.bug" value="https://bugreport.java.com/bugreport/"/>
    <property name="java.io.tmpdir" value="C:\Users\MDSHAH~1\AppData\Local\Temp\"/>
    <property name="idea.version" value="2022.1"/>
    <property name="java.version" value="11.0.13"/>
    <property name="user.dir" value="C:\Users\MD SHAHADUL ISLAM\IdeaProjects\Practice_RestAPI_AutomationFramework_QE_Winter2022"/>
    <property name="os.arch" value="amd64"/>
    <property name="java.vm.specification.name" value="Java Virtual Machine Specification"/>
    <property name="java.awt.printerjob" value="sun.awt.windows.WPrinterJob"/>
    <property name="sun.os.patch.level" value=""/>
    <property name="java.library.path" value="C:\Program Files\Java\jdk-11.0.13\bin;C:\WINDOWS\Sun\Java\bin;C:\WINDOWS\system32;C:\WINDOWS;C:\Program Files\Common Files\Oracle\Java\javapath;C:\Program Files (x86)\VMware\VMware Player\bin\;C:\Program Files\Java\jdk-11.0.13\bin;C:\WINDOWS\system32;C:\WINDOWS;C:\WINDOWS\System32\Wbem;C:\WINDOWS\System32\WindowsPowerShell\v1.0\;C:\WINDOWS\System32\OpenSSH\;C:\Program Files\dotnet\;C:\Program Files\Git\cmd;C:\apache-maven-3.8.6\bin;C:\Program Files\nodejs\;C:\Program Files\MySQL\MySQL Shell 8.0\bin\;C:\Users\MD SHAHADUL ISLAM\AppData\Local\Microsoft\WindowsApps;C:\Users\MD SHAHADUL ISLAM\.dotnet\tools;C:\Users\MD SHAHADUL ISLAM\AppData\Roaming\npm;."/>
    <property name="java.vendor" value="Oracle Corporation"/>
    <property name="java.vm.info" value="mixed mode"/>
    <property name="java.vm.version" value="11.0.13+10-LTS-370"/>
    <property name="sun.io.unicode.encoding" value="UnicodeLittle"/>
    <property name="java.class.version" value="55.0"/>
  </properties>
  <testcase name="testGetUserTimeLineTweet" classname="twitterAPITest.Tweet2Test" time="1.228">
    <system-out><![CDATA[End Point : ===> /users/1557786208402640898/tweets
Base URL : ===> https://api.twitter.com/1.1/users/1557786208402640898/tweets
HTTP/1.1 404 Not Found
cache-control: no-cache, no-store, max-age=0
content-length: 0
x-response-time: 4
x-connection-hash: 6c4402a55d09b8f22eae86a3c27ded20be7d31d3fefda4e835484ceb925baa50
date: Wed, 31 Aug 2022 22:49:09 GMT
server: tsa_b

]]></system-out>
    <system-err><![CDATA[SLF4J: Failed to load class "org.slf4j.impl.StaticLoggerBinder".
SLF4J: Defaulting to no-operation (NOP) logger implementation
SLF4J: See http://www.slf4j.org/codes.html#StaticLoggerBinder for further details.
]]></system-err>
  </testcase>
  <testcase name="testGetUserTimeLineTweetFollowing" classname="twitterAPITest.Tweet2Test" time="0.4">
    <system-out><![CDATA[<html class="dog" lang="en">
  <head>
    <meta http-equiv="Content-Type" content="text/html; charset=utf-8"/>
    <meta name="viewport" content="width=device-width, initial-scale=1.0"/>
    <title>Twitter / ?</title>
    <meta name="version" content="1"/>
    <link href="https://abs.twimg.com/favicons/favicon.ico" rel="shortcut icon" type="image/x-icon"/>
    <link rel="stylesheet" href="https://abs.twimg.com/errors/fullscreen_errors-39d97faf8c7cf33e502c3c015176efd9.css"/>
  </head>
  <body dir="auto">
    <div class="top">
      <svg viewbox="0 0 1519 200">
        <defs/>
        <path d="M708 103l9-5 13 1 2-2 5 1h8l1-1 42-5h7l7 3v1l12-2a9368 9368 0 0129-6l2-5 12 1 6-2 3 1 2 1v-2l13-2v1l4 2 7-1h1l17-3 1 2 4-1 18-7 3-1 4-1h9l13-1 1-4 3-2 13 1v2l22-2 10-3h6l10 5 16-5 15-3 2-1 8-4 6-2 12-1 7-2 8 5 7 1 22-9h7l5-1v-1l25-3 1 2 5 2v1h11l2 1 8-4h3l-1 1h11l10-6 6 3 9-1 4-1 1 1 1-2 6-1 1-1 10-2h2l7-5v1h4l3-1c11 0 23 2 34-3 2-2 7 0 10 0l12 1 4 1 9 2 12-1 11-3 11 1h4l10-6 17 1 2 1c9 2 19-3 22-11l1-1 9 1 15-5c3-1 9 4 9-5 5 0 5 3 5 7l2 3 4-1 4-2 9-4 3-3h3l8-4 6-3 26 2 7-4h18l7 1c10 3 13-6 17-12l8 4 3-1 14-3 15-2a38 38 0 01-5-1l-8-4 7-8 8-4-10-136-922 71 16 205z"/>
        <path d="M-36 193l9-5 13 1 2-2 5 1h8l1-1 42-5h7l7 3v1l12-2a9328 9328 0 0129-6l2-5 12 1 6-2 3 1 2 1v-2l13-2v1l4 2 7-1h1l17-3 1 2 4-1 18-7 3-1 4-1h9l13-1 1-4 3-2 13 1v2l22-2 10-3h6l10 5 16-5 15-3 2-1 8-4 6-2 12-1 7-2 8 5 7 1 22-9h7l5-1v-1l25-3 1 2 5 2v1h11l2 1 8-4h3l-1 1h9a6 6 0 002 0l10-6 6 3 9-1 4-1a6 6 0 001 1l1-2 6-1 1-1 10-2h2l7-5v1h4l3-1c11 0 23 2 34-3 2-2 7 0 10 0l12 1 4 1 9 2 12-1 11-3 11 1h4l10-6 17 1 2 1c9 2 19-3 22-11l1-1 9 1 15-5c3-1 9 4 9-5 5 0 5 3 5 7l2 3 4-1 4-2 9-4 3-3h3l8-4 6-3 26 2 7-4h18l7 1c10 3 13-6 17-12l8 4 3-1 14-3 15-2a37 37 0 01-5-1l-8-4 7-8 8-4-10-136-922 71 16 205z"/>
      </svg>
    </div>
    <div class="container">
      <div class="content">
        <a shape="rect" href="https://twitter.com" title="Twitter logo">
          <svg class="bird" viewbox="0 0 24 24">
            <g>
              <path d="M23.643 4.937c-.835.37-1.732.62-2.675.733.962-.576 1.7-1.49 2.048-2.578-.9.534-1.897.922-2.958 1.13-.85-.904-2.06-1.47-3.4-1.47-2.572 0-4.658 2.086-4.658 4.66 0 .364.042.718.12 1.06-3.873-.195-7.304-2.05-9.602-4.868-.4.69-.63 1.49-.63 2.342 0 1.616.823 3.043 2.072 3.878-.764-.025-1.482-.234-2.11-.583v.06c0 2.257 1.605 4.14 3.737 4.568-.392.106-.803.162-1.227.162-.3 0-.593-.028-.877-.082.593 1.85 2.313 3.198 4.352 3.234-1.595 1.25-3.604 1.995-5.786 1.995-.376 0-.747-.022-1.112-.065 2.062 1.323 4.51 2.093 7.14 2.093 8.57 0 13.255-7.098 13.255-13.254 0-.2-.005-.402-.014-.602.91-.658 1.7-1.477 2.323-2.41z"/>
            </g>
          </svg>
        </a>
        <h1 id="header">Nothing to see here</h1>
        <p id="description">Looks like this page doesn’t exist. Here’s a picture of a poodle sitting in a chair for your trouble.</p>
        <a shape="rect" class="button" id="button_search" href="/">Looking for this?</a>
      </div>
      <img id="image" src="https://abs.twimg.com/errors/ErrorState_NotFound.png" alt="A primped poodle with a bow in its hair sitting in a chair like a human."/>
      <div class="footer">
        <ul>
          <li>
            <a shape="rect" id="footer_home" href="https://twitter.com/">Home</a>
          </li>
          <li>
            <a shape="rect" id="footer_status" href="https://status.twitterstat.us/">Status</a>
          </li>
          <li>
            <a shape="rect" id="footer_tos" href="https://twitter.com/tos">Terms of Service</a>
          </li>
          <li>
            <a shape="rect" id="footer_privacy" href="https://twitter.com/privacy">Privacy Policy</a>
          </li>
          <li>
            <a shape="rect" id="footer_cookie" href="https://support.twitter.com/articles/20170514">Cookie Policy</a>
          </li>
          <li>
            <a shape="rect" id="footer_imprint" href="https://legal.twitter.com/imprint">Imprint</a>
          </li>
          <li>
            <a shape="rect" id="footer_ads" href="https://business.twitter.com/en/help/troubleshooting/how-twitter-ads-work.html">Ads info</a>
          </li>
          <li dir="ltr">
© Twitter             <span id="copyright-year">    </span>
          </li>
        </ul>
      </div>
    </div>
  </body>
  <script src="https://abs.twimg.com/errors/404-8651f633fd193e0b546010676a4fac06.js"/>
</html>
]]></system-out>
  </testcase>
  <testcase name="testGetUserTimeLineTweet" classname="twitterAPITest.TweetTest" time="1.248">
    <failure message="Text value does not match expected [Hello Babor Vai, Welcome to our class6] but found [We are learning Rest API Automation and Hashem is the team Lead52ebbd53-913d-4f82-a8d2-3b8f395fc166]" type="java.lang.AssertionError"><![CDATA[java.lang.AssertionError: Text value does not match expected [Hello Babor Vai, Welcome to our class6] but found [We are learning Rest API Automation and Hashem is the team Lead52ebbd53-913d-4f82-a8d2-3b8f395fc166]
	at twitterAPITest.TweetTest.testGetUserTimeLineTweet(TweetTest.java:40)
]]></failure>
    <system-out><![CDATA[io.restassured.internal.ValidatableResponseImpl@526b2f3e
]]></system-out>
  </testcase>
  <testcase name="testGetUserTimeLineTweetNew" classname="twitterAPITest.TweetTest" time="0.894">
    <failure message="Text value does not match expected [Hello Babor Vai, Welcome to our class6] but found [We are learning Rest API Automation and Hashem is the team Lead52ebbd53-913d-4f82-a8d2-3b8f395fc166]" type="java.lang.AssertionError"><![CDATA[java.lang.AssertionError: Text value does not match expected [Hello Babor Vai, Welcome to our class6] but found [We are learning Rest API Automation and Hashem is the team Lead52ebbd53-913d-4f82-a8d2-3b8f395fc166]
	at twitterAPITest.TweetTest.testGetUserTimeLineTweetNew(TweetTest.java:62)
]]></failure>
    <system-out><![CDATA[[
    {
        "created_at": "Wed Aug 31 22:48:12 +0000 2022",
        "id": 1565109227919663104,
        "id_str": "1565109227919663104",
        "text": "We are learning Rest API Automation and Hashem is the team Lead52ebbd53-913d-4f82-a8d2-3b8f395fc166",
        "truncated": false,
        "entities": {
            "hashtags": [
                
            ],
            "symbols": [
                
            ],
            "user_mentions": [
                
            ],
            "urls": [
                
            ]
        },
        "source": "<a href=\"https://qatest122.com\" rel=\"nofollow\">API_QE_WINTER2022_M$I</a>",
        "in_reply_to_status_id": null,
        "in_reply_to_status_id_str": null,
        "in_reply_to_user_id": null,
        "in_reply_to_user_id_str": null,
        "in_reply_to_screen_name": null,
        "user": {
            "id": 1557786208402640898,
            "id_str": "1557786208402640898",
            "name": "MD SHAHADUL ISLAM SHEBLEY",
            "screen_name": "shebley_md",
            "location": "",
            "description": "Simplicity is king…",
            "url": null,
            "entities": {
                "description": {
                    "urls": [
                        
                    ]
                }
            },
            "protected": false,
            "followers_count": 1,
            "friends_count": 14,
            "listed_count": 0,
            "created_at": "Thu Aug 11 17:49:40 +0000 2022",
            "favourites_count": 10,
            "utc_offset": null,
            "time_zone": null,
            "geo_enabled": false,
            "verified": false,
            "statuses_count": 11,
            "lang": null,
            "contributors_enabled": false,
            "is_translator": false,
            "is_translation_enabled": false,
            "profile_background_color": "F5F8FA",
            "profile_background_image_url": null,
            "profile_background_image_url_https": null,
            "profile_background_tile": false,
            "profile_image_url": "http://pbs.twimg.com/profile_images/1557786418684071941/GCTITrwQ_normal.jpg",
            "profile_image_url_https": "https://pbs.twimg.com/profile_images/1557786418684071941/GCTITrwQ_normal.jpg",
            "profile_banner_url": "https://pbs.twimg.com/profile_banners/1557786208402640898/1661890786",
            "profile_link_color": "1DA1F2",
            "profile_sidebar_border_color": "C0DEED",
            "profile_sidebar_fill_color": "DDEEF6",
            "profile_text_color": "333333",
            "profile_use_background_image": true,
            "has_extended_profile": true,
            "default_profile": true,
            "default_profile_image": false,
            "following": false,
            "follow_request_sent": false,
            "notifications": false,
            "translator_type": "none",
            "withheld_in_countries": [
                
            ]
        },
        "geo": null,
        "coordinates": null,
        "place": null,
        "contributors": null,
        "is_quote_status": false,
        "retweet_count": 0,
        "favorite_count": 0,
        "favorited": false,
        "retweeted": false,
        "lang": "en"
    },
    {
        "created_at": "Wed Aug 31 22:45:09 +0000 2022",
        "id": 1565108460202737668,
        "id_str": "1565108460202737668",
        "text": "Moore holds massive fundraising lead over Cox in Maryland election https://t.co/2Uzzn757a2",
        "truncated": false,
        "entities": {
            "hashtags": [
                
            ],
            "symbols": [
                
            ],
            "user_mentions": [
                
            ],
            "urls": [
                {
                    "url": "https://t.co/2Uzzn757a2",
                    "expanded_url": "https://fxn.ws/3CLCqkI",
                    "display_url": "fxn.ws/3CLCqkI",
                    "indices": [
                        67,
                        90
                    ]
                }
            ]
        },
        "source": "<a href=\"http://www.socialflow.com\" rel=\"nofollow\">SocialFlow</a>",
        "in_reply_to_status_id": null,
        "in_reply_to_status_id_str": null,
        "in_reply_to_user_id": null,
        "in_reply_to_user_id_str": null,
        "in_reply_to_screen_name": null,
        "user": {
            "id": 1367531,
            "id_str": "1367531",
            "name": "Fox News",
            "screen_name": "FoxNews",
            "location": "U.S.A.",
            "description": "Follow America's #1 cable news network, delivering you breaking news, insightful analysis, and must-see videos. https://t.co/sXA1eVB5Gv",
            "url": "https://t.co/s4jEId5Aef",
            "entities": {
                "url": {
                    "urls": [
                        {
                            "url": "https://t.co/s4jEId5Aef",
                            "expanded_url": "http://www.foxnews.com",
                            "display_url": "foxnews.com",
                            "indices": [
                                0,
                                23
                            ]
                        }
                    ]
                },
                "description": {
                    "urls": [
                        {
                            "url": "https://t.co/sXA1eVB5Gv",
                            "expanded_url": "http://foxnews.com/contact",
                            "display_url": "foxnews.com/contact",
                            "indices": [
                                112,
                                135
                            ]
                        }
                    ]
                }
            },
            "protected": false,
            "followers_count": 22305278,
            "friends_count": 261,
            "listed_count": 72680,
            "created_at": "Sat Mar 17 19:01:26 +0000 2007",
            "favourites_count": 4,
            "utc_offset": null,
            "time_zone": null,
            "geo_enabled": true,
            "verified": true,
            "statuses_count": 492198,
            "lang": null,
            "contributors_enabled": false,
            "is_translator": false,
            "is_translation_enabled": true,
            "profile_background_color": "0E2331",
            "profile_background_image_url": "http://abs.twimg.com/images/themes/theme1/bg.png",
            "profile_background_image_url_https": "https://abs.twimg.com/images/themes/theme1/bg.png",
            "profile_background_tile": false,
            "profile_image_url": "http://pbs.twimg.com/profile_images/1459143267673677853/xtIvtfZp_normal.jpg",
            "profile_image_url_https": "https://pbs.twimg.com/profile_images/1459143267673677853/xtIvtfZp_normal.jpg",
            "profile_banner_url": "https://pbs.twimg.com/profile_banners/1367531/1492649996",
            "profile_link_color": "183A52",
            "profile_sidebar_border_color": "FFFFFF",
            "profile_sidebar_fill_color": "F4F4F4",
            "profile_text_color": "000000",
            "profile_use_background_image": true,
            "has_extended_profile": false,
            "default_profile": false,
            "default_profile_image": false,
            "following": true,
            "follow_request_sent": false,
            "notifications": false,
            "translator_type": "regular",
            "withheld_in_countries": [
                
            ]
        },
        "geo": null,
        "coordinates": null,
        "place": null,
        "contributors": null,
        "is_quote_status": false,
        "retweet_count": 5,
        "favorite_count": 8,
        "favorited": false,
        "retweeted": false,
        "possibly_sensitive": false,
        "possibly_sensitive_appealable": false,
        "lang": "en"
    },
    {
        "created_at": "Wed Aug 31 22:40:06 +0000 2022",
        "id": 1565107186849685506,
        "id_str": "1565107186849685506",
        "text": "John Simpson: Mikhail Gorbachev was a man of decency but not vision https://t.co/qxlYh4sPw8",
        "truncated": false,
        "entities": {
            "hashtags": [
                
            ],
            "symbols": [
                
            ],
            "user_mentions": [
                
            ],
            "urls": [
                {
                    "url": "https://t.co/qxlYh4sPw8",
                    "expanded_url": "https://bbc.in/3KOCuSR",
                    "display_url": "bbc.in/3KOCuSR",
                    "indices": [
                        68,
                        91
                    ]
                }
            ]
        },
        "source": "<a href=\"http://www.socialflow.com\" rel=\"nofollow\">SocialFlow</a>",
        "in_reply_to_status_id": null,
        "in_reply_to_status_id_str": null,
        "in_reply_to_user_id": null,
        "in_reply_to_user_id_str": null,
        "in_reply_to_screen_name": null,
        "user": {
            "id": 742143,
            "id_str": "742143",
            "name": "BBC News (World)",
            "screen_name": "BBCWorld",
            "location": "London, UK",
            "description": "News, features and analysis from the World's newsroom. Breaking news, follow @BBCBreaking. UK news, @BBCNews. Latest sports news @BBCSport",
            "url": "https://t.co/4zUWrLAYqP",
            "entities": {
                "url": {
                    "urls": [
                        {
                            "url": "https://t.co/4zUWrLAYqP",
                            "expanded_url": "http://www.bbc.com/news",
                            "display_url": "bbc.com/news",
                            "indices": [
                                0,
                                23
                            ]
                        }
                    ]
                },
                "description": {
                    "urls": [
                        
                    ]
                }
            },
            "protected": false,
            "followers_count": 38022012,
            "friends_count": 18,
            "listed_count": 132778,
            "created_at": "Thu Feb 01 07:44:29 +0000 2007",
            "favourites_count": 1,
            "utc_offset": null,
            "time_zone": null,
            "geo_enabled": true,
            "verified": true,
            "statuses_count": 350860,
            "lang": null,
            "contributors_enabled": false,
            "is_translator": false,
            "is_translation_enabled": true,
            "profile_background_color": "FFFFFF",
            "profile_background_image_url": "http://abs.twimg.com/images/themes/theme1/bg.png",
            "profile_background_image_url_https": "https://abs.twimg.com/images/themes/theme1/bg.png",
            "profile_background_tile": false,
            "profile_image_url": "http://pbs.twimg.com/profile_images/1529107170448523264/q3VwEx38_normal.jpg",
            "profile_image_url_https": "https://pbs.twimg.com/profile_images/1529107170448523264/q3VwEx38_normal.jpg",
            "profile_banner_url": "https://pbs.twimg.com/profile_banners/742143/1653400584",
            "profile_link_color": "1F527B",
            "profile_sidebar_border_color": "FFFFFF",
            "profile_sidebar_fill_color": "FFFFFF",
            "profile_text_color": "5A5A5A",
            "profile_use_background_image": true,
            "has_extended_profile": false,
            "default_profile": false,
            "default_profile_image": false,
            "following": true,
            "follow_request_sent": false,
            "notifications": false,
            "translator_type": "none",
            "withheld_in_countries": [
                
            ]
        },
        "geo": null,
        "coordinates": null,
        "place": null,
        "contributors": null,
        "is_quote_status": false,
        "retweet_count": 9,
        "favorite_count": 39,
        "favorited": false,
        "retweeted": false,
        "possibly_sensitive": false,
        "possibly_sensitive_appealable": false,
        "lang": "en"
    },
    {
        "created_at": "Wed Aug 31 22:40:04 +0000 2022",
        "id": 1565107180105236482,
        "id_str": "1565107180105236482",
        "text": "Florida deputies find body in pond next to Hooters restaurant https://t.co/wXgUXhXzHL",
        "truncated": false,
        "entities": {
            "hashtags": [
                
            ],
            "symbols": [
                
            ],
            "user_mentions": [
                
            ],
            "urls": [
                {
                    "url": "https://t.co/wXgUXhXzHL",
                    "expanded_url": "https://fxn.ws/3pYUKPF",
                    "display_url": "fxn.ws/3pYUKPF",
                    "indices": [
                        62,
                        85
                    ]
                }
            ]
        },
        "source": "<a href=\"http://www.socialflow.com\" rel=\"nofollow\">SocialFlow</a>",
        "in_reply_to_status_id": null,
        "in_reply_to_status_id_str": null,
        "in_reply_to_user_id": null,
        "in_reply_to_user_id_str": null,
        "in_reply_to_screen_name": null,
        "user": {
            "id": 1367531,
            "id_str": "1367531",
            "name": "Fox News",
            "screen_name": "FoxNews",
            "location": "U.S.A.",
            "description": "Follow America's #1 cable news network, delivering you breaking news, insightful analysis, and must-see videos. https://t.co/sXA1eVB5Gv",
            "url": "https://t.co/s4jEId5Aef",
            "entities": {
                "url": {
                    "urls": [
                        {
                            "url": "https://t.co/s4jEId5Aef",
                            "expanded_url": "http://www.foxnews.com",
                            "display_url": "foxnews.com",
                            "indices": [
                                0,
                                23
                            ]
                        }
                    ]
                },
                "description": {
                    "urls": [
                        {
                            "url": "https://t.co/sXA1eVB5Gv",
                            "expanded_url": "http://foxnews.com/contact",
                            "display_url": "foxnews.com/contact",
                            "indices": [
                                112,
                                135
                            ]
                        }
                    ]
                }
            },
            "protected": false,
            "followers_count": 22305278,
            "friends_count": 261,
            "listed_count": 72680,
            "created_at": "Sat Mar 17 19:01:26 +0000 2007",
            "favourites_count": 4,
            "utc_offset": null,
            "time_zone": null,
            "geo_enabled": true,
            "verified": true,
            "statuses_count": 492198,
            "lang": null,
            "contributors_enabled": false,
            "is_translator": false,
            "is_translation_enabled": true,
            "profile_background_color": "0E2331",
            "profile_background_image_url": "http://abs.twimg.com/images/themes/theme1/bg.png",
            "profile_background_image_url_https": "https://abs.twimg.com/images/themes/theme1/bg.png",
            "profile_background_tile": false,
            "profile_image_url": "http://pbs.twimg.com/profile_images/1459143267673677853/xtIvtfZp_normal.jpg",
            "profile_image_url_https": "https://pbs.twimg.com/profile_images/1459143267673677853/xtIvtfZp_normal.jpg",
            "profile_banner_url": "https://pbs.twimg.com/profile_banners/1367531/1492649996",
            "profile_link_color": "183A52",
            "profile_sidebar_border_color": "FFFFFF",
            "profile_sidebar_fill_color": "F4F4F4",
            "profile_text_color": "000000",
            "profile_use_background_image": true,
            "has_extended_profile": false,
            "default_profile": false,
            "default_profile_image": false,
            "following": true,
            "follow_request_sent": false,
            "notifications": false,
            "translator_type": "regular",
            "withheld_in_countries": [
                
            ]
        },
        "geo": null,
        "coordinates": null,
        "place": null,
        "contributors": null,
        "is_quote_status": false,
        "retweet_count": 8,
        "favorite_count": 16,
        "favorited": false,
        "retweeted": false,
        "possibly_sensitive": false,
        "possibly_sensitive_appealable": false,
        "lang": "en"
    },
    {
        "created_at": "Wed Aug 31 22:35:06 +0000 2022",
        "id": 1565105930785771520,
        "id_str": "1565105930785771520",
        "text": "Sen. Rick Scott demands answers from CDC head regarding taxpayer-funded media training from Dem consultant… https://t.co/majWadImlq",
        "truncated": true,
        "entities": {
            "hashtags": [
                
            ],
            "symbols": [
                
            ],
            "user_mentions": [
                
            ],
            "urls": [
                {
                    "url": "https://t.co/majWadImlq",
                    "expanded_url": "https://twitter.com/i/web/status/1565105930785771520",
                    "display_url": "twitter.com/i/web/status/1…",
                    "indices": [
                        108,
                        131
                    ]
                }
            ]
        },
        "source": "<a href=\"http://www.socialflow.com\" rel=\"nofollow\">SocialFlow</a>",
        "in_reply_to_status_id": null,
        "in_reply_to_status_id_str": null,
        "in_reply_to_user_id": null,
        "in_reply_to_user_id_str": null,
        "in_reply_to_screen_name": null,
        "user": {
            "id": 1367531,
            "id_str": "1367531",
            "name": "Fox News",
            "screen_name": "FoxNews",
            "location": "U.S.A.",
            "description": "Follow America's #1 cable news network, delivering you breaking news, insightful analysis, and must-see videos. https://t.co/sXA1eVB5Gv",
            "url": "https://t.co/s4jEId5Aef",
            "entities": {
                "url": {
                    "urls": [
                        {
                            "url": "https://t.co/s4jEId5Aef",
                            "expanded_url": "http://www.foxnews.com",
                            "display_url": "foxnews.com",
                            "indices": [
                                0,
                                23
                            ]
                        }
                    ]
                },
                "description": {
                    "urls": [
                        {
                            "url": "https://t.co/sXA1eVB5Gv",
                            "expanded_url": "http://foxnews.com/contact",
                            "display_url": "foxnews.com/contact",
                            "indices": [
                                112,
                                135
                            ]
                        }
                    ]
                }
            },
            "protected": false,
            "followers_count": 22305278,
            "friends_count": 261,
            "listed_count": 72680,
            "created_at": "Sat Mar 17 19:01:26 +0000 2007",
            "favourites_count": 4,
            "utc_offset": null,
            "time_zone": null,
            "geo_enabled": true,
            "verified": true,
            "statuses_count": 492198,
            "lang": null,
            "contributors_enabled": false,
            "is_translator": false,
            "is_translation_enabled": true,
            "profile_background_color": "0E2331",
            "profile_background_image_url": "http://abs.twimg.com/images/themes/theme1/bg.png",
            "profile_background_image_url_https": "https://abs.twimg.com/images/themes/theme1/bg.png",
            "profile_background_tile": false,
            "profile_image_url": "http://pbs.twimg.com/profile_images/1459143267673677853/xtIvtfZp_normal.jpg",
            "profile_image_url_https": "https://pbs.twimg.com/profile_images/1459143267673677853/xtIvtfZp_normal.jpg",
            "profile_banner_url": "https://pbs.twimg.com/profile_banners/1367531/1492649996",
            "profile_link_color": "183A52",
            "profile_sidebar_border_color": "FFFFFF",
            "profile_sidebar_fill_color": "F4F4F4",
            "profile_text_color": "000000",
            "profile_use_background_image": true,
            "has_extended_profile": false,
            "default_profile": false,
            "default_profile_image": false,
            "following": true,
            "follow_request_sent": false,
            "notifications": false,
            "translator_type": "regular",
            "withheld_in_countries": [
                
            ]
        },
        "geo": null,
        "coordinates": null,
        "place": null,
        "contributors": null,
        "is_quote_status": false,
        "retweet_count": 22,
        "favorite_count": 74,
        "favorited": false,
        "retweeted": false,
        "possibly_sensitive": false,
        "possibly_sensitive_appealable": false,
        "lang": "en"
    },
    {
        "created_at": "Wed Aug 31 22:30:08 +0000 2022",
        "id": 1565104681382289408,
        "id_str": "1565104681382289408",
        "text": "Chick-fil-A's hunger relief program reaches 15M-meal milestone in its 10th year https://t.co/02ETK0fyki",
        "truncated": false,
        "entities": {
            "hashtags": [
                
            ],
            "symbols": [
                
            ],
            "user_mentions": [
                
            ],
            "urls": [
                {
                    "url": "https://t.co/02ETK0fyki",
                    "expanded_url": "https://fxn.ws/3cAtYKk",
                    "display_url": "fxn.ws/3cAtYKk",
                    "indices": [
                        80,
                        103
                    ]
                }
            ]
        },
        "source": "<a href=\"http://www.socialflow.com\" rel=\"nofollow\">SocialFlow</a>",
        "in_reply_to_status_id": null,
        "in_reply_to_status_id_str": null,
        "in_reply_to_user_id": null,
        "in_reply_to_user_id_str": null,
        "in_reply_to_screen_name": null,
        "user": {
            "id": 1367531,
            "id_str": "1367531",
            "name": "Fox News",
            "screen_name": "FoxNews",
            "location": "U.S.A.",
            "description": "Follow America's #1 cable news network, delivering you breaking news, insightful analysis, and must-see videos. https://t.co/sXA1eVB5Gv",
            "url": "https://t.co/s4jEId5Aef",
            "entities": {
                "url": {
                    "urls": [
                        {
                            "url": "https://t.co/s4jEId5Aef",
                            "expanded_url": "http://www.foxnews.com",
                            "display_url": "foxnews.com",
                            "indices": [
                                0,
                                23
                            ]
                        }
                    ]
                },
                "description": {
                    "urls": [
                        {
                            "url": "https://t.co/sXA1eVB5Gv",
                            "expanded_url": "http://foxnews.com/contact",
                            "display_url": "foxnews.com/contact",
                            "indices": [
                                112,
                                135
                            ]
                        }
                    ]
                }
            },
            "protected": false,
            "followers_count": 22305278,
            "friends_count": 261,
            "listed_count": 72680,
            "created_at": "Sat Mar 17 19:01:26 +0000 2007",
            "favourites_count": 4,
            "utc_offset": null,
            "time_zone": null,
            "geo_enabled": true,
            "verified": true,
            "statuses_count": 492198,
            "lang": null,
            "contributors_enabled": false,
            "is_translator": false,
            "is_translation_enabled": true,
            "profile_background_color": "0E2331",
            "profile_background_image_url": "http://abs.twimg.com/images/themes/theme1/bg.png",
            "profile_background_image_url_https": "https://abs.twimg.com/images/themes/theme1/bg.png",
            "profile_background_tile": false,
            "profile_image_url": "http://pbs.twimg.com/profile_images/1459143267673677853/xtIvtfZp_normal.jpg",
            "profile_image_url_https": "https://pbs.twimg.com/profile_images/1459143267673677853/xtIvtfZp_normal.jpg",
            "profile_banner_url": "https://pbs.twimg.com/profile_banners/1367531/1492649996",
            "profile_link_color": "183A52",
            "profile_sidebar_border_color": "FFFFFF",
            "profile_sidebar_fill_color": "F4F4F4",
            "profile_text_color": "000000",
            "profile_use_background_image": true,
            "has_extended_profile": false,
            "default_profile": false,
            "default_profile_image": false,
            "following": true,
            "follow_request_sent": false,
            "notifications": false,
            "translator_type": "regular",
            "withheld_in_countries": [
                
            ]
        },
        "geo": null,
        "coordinates": null,
        "place": null,
        "contributors": null,
        "is_quote_status": false,
        "retweet_count": 27,
        "favorite_count": 135,
        "favorited": false,
        "retweeted": false,
        "possibly_sensitive": false,
        "possibly_sensitive_appealable": false,
        "lang": "en"
    },
    {
        "created_at": "Wed Aug 31 22:26:03 +0000 2022",
        "id": 1565103651240247296,
        "id_str": "1565103651240247296",
        "text": "BREAKING THE MOLD: Conservative host @greggutfeld has made history by ending liberal pundit’s 5-year ratings streak… https://t.co/Ig4GGIemS9",
        "truncated": true,
        "entities": {
            "hashtags": [
                
            ],
            "symbols": [
                
            ],
            "user_mentions": [
                {
                    "screen_name": "greggutfeld",
                    "name": "GregGutfeld",
                    "id": 28628850,
                    "id_str": "28628850",
                    "indices": [
                        37,
                        49
                    ]
                }
            ],
            "urls": [
                {
                    "url": "https://t.co/Ig4GGIemS9",
                    "expanded_url": "https://twitter.com/i/web/status/1565103651240247296",
                    "display_url": "twitter.com/i/web/status/1…",
                    "indices": [
                        117,
                        140
                    ]
                }
            ]
        },
        "source": "<a href=\"http://www.socialflow.com\" rel=\"nofollow\">SocialFlow</a>",
        "in_reply_to_status_id": null,
        "in_reply_to_status_id_str": null,
        "in_reply_to_user_id": null,
        "in_reply_to_user_id_str": null,
        "in_reply_to_screen_name": null,
        "user": {
            "id": 1367531,
            "id_str": "1367531",
            "name": "Fox News",
            "screen_name": "FoxNews",
            "location": "U.S.A.",
            "description": "Follow America's #1 cable news network, delivering you breaking news, insightful analysis, and must-see videos. https://t.co/sXA1eVB5Gv",
            "url": "https://t.co/s4jEId5Aef",
            "entities": {
                "url": {
                    "urls": [
                        {
                            "url": "https://t.co/s4jEId5Aef",
                            "expanded_url": "http://www.foxnews.com",
                            "display_url": "foxnews.com",
                            "indices": [
                                0,
                                23
                            ]
                        }
                    ]
                },
                "description": {
                    "urls": [
                        {
                            "url": "https://t.co/sXA1eVB5Gv",
                            "expanded_url": "http://foxnews.com/contact",
                            "display_url": "foxnews.com/contact",
                            "indices": [
                                112,
                                135
                            ]
                        }
                    ]
                }
            },
            "protected": false,
            "followers_count": 22305278,
            "friends_count": 261,
            "listed_count": 72680,
            "created_at": "Sat Mar 17 19:01:26 +0000 2007",
            "favourites_count": 4,
            "utc_offset": null,
            "time_zone": null,
            "geo_enabled": true,
            "verified": true,
            "statuses_count": 492198,
            "lang": null,
            "contributors_enabled": false,
            "is_translator": false,
            "is_translation_enabled": true,
            "profile_background_color": "0E2331",
            "profile_background_image_url": "http://abs.twimg.com/images/themes/theme1/bg.png",
            "profile_background_image_url_https": "https://abs.twimg.com/images/themes/theme1/bg.png",
            "profile_background_tile": false,
            "profile_image_url": "http://pbs.twimg.com/profile_images/1459143267673677853/xtIvtfZp_normal.jpg",
            "profile_image_url_https": "https://pbs.twimg.com/profile_images/1459143267673677853/xtIvtfZp_normal.jpg",
            "profile_banner_url": "https://pbs.twimg.com/profile_banners/1367531/1492649996",
            "profile_link_color": "183A52",
            "profile_sidebar_border_color": "FFFFFF",
            "profile_sidebar_fill_color": "F4F4F4",
            "profile_text_color": "000000",
            "profile_use_background_image": true,
            "has_extended_profile": false,
            "default_profile": false,
            "default_profile_image": false,
            "following": true,
            "follow_request_sent": false,
            "notifications": false,
            "translator_type": "regular",
            "withheld_in_countries": [
                
            ]
        },
        "geo": null,
        "coordinates": null,
        "place": null,
        "contributors": null,
        "is_quote_status": false,
        "retweet_count": 97,
        "favorite_count": 742,
        "favorited": false,
        "retweeted": false,
        "possibly_sensitive": false,
        "possibly_sensitive_appealable": false,
        "lang": "en"
    },
    {
        "created_at": "Wed Aug 31 22:25:56 +0000 2022",
        "id": 1565103623947829249,
        "id_str": "1565103623947829249",
        "text": "FACT OR FICTION: Rachel Williams claims the show portrayed her as ‘greedy, snobbish, disloyal, dishonest,’ and so m… https://t.co/bINfmze1q4",
        "truncated": true,
        "entities": {
            "hashtags": [
                
            ],
            "symbols": [
                
            ],
            "user_mentions": [
                
            ],
            "urls": [
                {
                    "url": "https://t.co/bINfmze1q4",
                    "expanded_url": "https://twitter.com/i/web/status/1565103623947829249",
                    "display_url": "twitter.com/i/web/status/1…",
                    "indices": [
                        117,
                        140
                    ]
                }
            ]
        },
        "source": "<a href=\"http://www.socialflow.com\" rel=\"nofollow\">SocialFlow</a>",
        "in_reply_to_status_id": null,
        "in_reply_to_status_id_str": null,
        "in_reply_to_user_id": null,
        "in_reply_to_user_id_str": null,
        "in_reply_to_screen_name": null,
        "user": {
            "id": 1367531,
            "id_str": "1367531",
            "name": "Fox News",
            "screen_name": "FoxNews",
            "location": "U.S.A.",
            "description": "Follow America's #1 cable news network, delivering you breaking news, insightful analysis, and must-see videos. https://t.co/sXA1eVB5Gv",
            "url": "https://t.co/s4jEId5Aef",
            "entities": {
                "url": {
                    "urls": [
                        {
                            "url": "https://t.co/s4jEId5Aef",
                            "expanded_url": "http://www.foxnews.com",
                            "display_url": "foxnews.com",
                            "indices": [
                                0,
                                23
                            ]
                        }
                    ]
                },
                "description": {
                    "urls": [
                        {
                            "url": "https://t.co/sXA1eVB5Gv",
                            "expanded_url": "http://foxnews.com/contact",
                            "display_url": "foxnews.com/contact",
                            "indices": [
                                112,
                                135
                            ]
                        }
                    ]
                }
            },
            "protected": false,
            "followers_count": 22305278,
            "friends_count": 261,
            "listed_count": 72680,
            "created_at": "Sat Mar 17 19:01:26 +0000 2007",
            "favourites_count": 4,
            "utc_offset": null,
            "time_zone": null,
            "geo_enabled": true,
            "verified": true,
            "statuses_count": 492198,
            "lang": null,
            "contributors_enabled": false,
            "is_translator": false,
            "is_translation_enabled": true,
            "profile_background_color": "0E2331",
            "profile_background_image_url": "http://abs.twimg.com/images/themes/theme1/bg.png",
            "profile_background_image_url_https": "https://abs.twimg.com/images/themes/theme1/bg.png",
            "profile_background_tile": false,
            "profile_image_url": "http://pbs.twimg.com/profile_images/1459143267673677853/xtIvtfZp_normal.jpg",
            "profile_image_url_https": "https://pbs.twimg.com/profile_images/1459143267673677853/xtIvtfZp_normal.jpg",
            "profile_banner_url": "https://pbs.twimg.com/profile_banners/1367531/1492649996",
            "profile_link_color": "183A52",
            "profile_sidebar_border_color": "FFFFFF",
            "profile_sidebar_fill_color": "F4F4F4",
            "profile_text_color": "000000",
            "profile_use_background_image": true,
            "has_extended_profile": false,
            "default_profile": false,
            "default_profile_image": false,
            "following": true,
            "follow_request_sent": false,
            "notifications": false,
            "translator_type": "regular",
            "withheld_in_countries": [
                
            ]
        },
        "geo": null,
        "coordinates": null,
        "place": null,
        "contributors": null,
        "is_quote_status": false,
        "retweet_count": 6,
        "favorite_count": 28,
        "favorited": false,
        "retweeted": false,
        "possibly_sensitive": false,
        "possibly_sensitive_appealable": false,
        "lang": "en"
    },
    {
        "created_at": "Wed Aug 31 22:25:03 +0000 2022",
        "id": 1565103400504758273,
        "id_str": "1565103400504758273",
        "text": "Atlanta skyscraper fire sends a dark column of smoke into the sky https://t.co/8UoMBqTiIJ",
        "truncated": false,
        "entities": {
            "hashtags": [
                
            ],
            "symbols": [
                
            ],
            "user_mentions": [
                
            ],
            "urls": [
                {
                    "url": "https://t.co/8UoMBqTiIJ",
                    "expanded_url": "https://fxn.ws/3TIcpJd",
                    "display_url": "fxn.ws/3TIcpJd",
                    "indices": [
                        66,
                        89
                    ]
                }
            ]
        },
        "source": "<a href=\"http://www.socialflow.com\" rel=\"nofollow\">SocialFlow</a>",
        "in_reply_to_status_id": null,
        "in_reply_to_status_id_str": null,
        "in_reply_to_user_id": null,
        "in_reply_to_user_id_str": null,
        "in_reply_to_screen_name": null,
        "user": {
            "id": 1367531,
            "id_str": "1367531",
            "name": "Fox News",
            "screen_name": "FoxNews",
            "location": "U.S.A.",
            "description": "Follow America's #1 cable news network, delivering you breaking news, insightful analysis, and must-see videos. https://t.co/sXA1eVB5Gv",
            "url": "https://t.co/s4jEId5Aef",
            "entities": {
                "url": {
                    "urls": [
                        {
                            "url": "https://t.co/s4jEId5Aef",
                            "expanded_url": "http://www.foxnews.com",
                            "display_url": "foxnews.com",
                            "indices": [
                                0,
                                23
                            ]
                        }
                    ]
                },
                "description": {
                    "urls": [
                        {
                            "url": "https://t.co/sXA1eVB5Gv",
                            "expanded_url": "http://foxnews.com/contact",
                            "display_url": "foxnews.com/contact",
                            "indices": [
                                112,
                                135
                            ]
                        }
                    ]
                }
            },
            "protected": false,
            "followers_count": 22305278,
            "friends_count": 261,
            "listed_count": 72680,
            "created_at": "Sat Mar 17 19:01:26 +0000 2007",
            "favourites_count": 4,
            "utc_offset": null,
            "time_zone": null,
            "geo_enabled": true,
            "verified": true,
            "statuses_count": 492198,
            "lang": null,
            "contributors_enabled": false,
            "is_translator": false,
            "is_translation_enabled": true,
            "profile_background_color": "0E2331",
            "profile_background_image_url": "http://abs.twimg.com/images/themes/theme1/bg.png",
            "profile_background_image_url_https": "https://abs.twimg.com/images/themes/theme1/bg.png",
            "profile_background_tile": false,
            "profile_image_url": "http://pbs.twimg.com/profile_images/1459143267673677853/xtIvtfZp_normal.jpg",
            "profile_image_url_https": "https://pbs.twimg.com/profile_images/1459143267673677853/xtIvtfZp_normal.jpg",
            "profile_banner_url": "https://pbs.twimg.com/profile_banners/1367531/1492649996",
            "profile_link_color": "183A52",
            "profile_sidebar_border_color": "FFFFFF",
            "profile_sidebar_fill_color": "F4F4F4",
            "profile_text_color": "000000",
            "profile_use_background_image": true,
            "has_extended_profile": false,
            "default_profile": false,
            "default_profile_image": false,
            "following": true,
            "follow_request_sent": false,
            "notifications": false,
            "translator_type": "regular",
            "withheld_in_countries": [
                
            ]
        },
        "geo": null,
        "coordinates": null,
        "place": null,
        "contributors": null,
        "is_quote_status": false,
        "retweet_count": 16,
        "favorite_count": 32,
        "favorited": false,
        "retweeted": false,
        "possibly_sensitive": false,
        "possibly_sensitive_appealable": false,
        "lang": "en"
    },
    {
        "created_at": "Wed Aug 31 22:22:00 +0000 2022",
        "id": 1565102633156845568,
        "id_str": "1565102633156845568",
        "text": "We have recovered all jobs lost in the pandemic. Schools are back open. Small businesses are growing. Because we ar… https://t.co/DdlFyxg4Vv",
        "truncated": true,
        "entities": {
            "hashtags": [
                
            ],
            "symbols": [
                
            ],
            "user_mentions": [
                
            ],
            "urls": [
                {
                    "url": "https://t.co/DdlFyxg4Vv",
                    "expanded_url": "https://twitter.com/i/web/status/1565102633156845568",
                    "display_url": "twitter.com/i/web/status/1…",
                    "indices": [
                        117,
                        140
                    ]
                }
            ]
        },
        "source": "<a href=\"https://sproutsocial.com\" rel=\"nofollow\">Sprout Social</a>",
        "in_reply_to_status_id": null,
        "in_reply_to_status_id_str": null,
        "in_reply_to_user_id": null,
        "in_reply_to_user_id_str": null,
        "in_reply_to_screen_name": null,
        "user": {
            "id": 30354991,
            "id_str": "30354991",
            "name": "Kamala Harris",
            "screen_name": "KamalaHarris",
            "location": "Washington, DC",
            "description": "Fighting for the people. Wife, Momala, Auntie. She/her. Official account is @VP.",
            "url": "https://t.co/uBcfgtTRsi",
            "entities": {
                "url": {
                    "urls": [
                        {
                            "url": "https://t.co/uBcfgtTRsi",
                            "expanded_url": "https://joebiden.com",
                            "display_url": "joebiden.com",
                            "indices": [
                                0,
                                23
                            ]
                        }
                    ]
                },
                "description": {
                    "urls": [
                        
                    ]
                }
            },
            "protected": false,
            "followers_count": 19992633,
            "friends_count": 731,
            "listed_count": 27080,
            "created_at": "Sat Apr 11 00:42:07 +0000 2009",
            "favourites_count": 361,
            "utc_offset": null,
            "time_zone": null,
            "geo_enabled": false,
            "verified": true,
            "statuses_count": 16715,
            "lang": null,
            "contributors_enabled": false,
            "is_translator": false,
            "is_translation_enabled": false,
            "profile_background_color": "FFFFFF",
            "profile_background_image_url": "http://abs.twimg.com/images/themes/theme8/bg.gif",
            "profile_background_image_url_https": "https://abs.twimg.com/images/themes/theme8/bg.gif",
            "profile_background_tile": false,
            "profile_image_url": "http://pbs.twimg.com/profile_images/1377062766314467332/2hyqngJz_normal.jpg",
            "profile_image_url_https": "https://pbs.twimg.com/profile_images/1377062766314467332/2hyqngJz_normal.jpg",
            "profile_banner_url": "https://pbs.twimg.com/profile_banners/30354991/1626295504",
            "profile_link_color": "4468A6",
            "profile_sidebar_border_color": "FFFFFF",
            "profile_sidebar_fill_color": "FFFFFF",
            "profile_text_color": "333333",
            "profile_use_background_image": false,
            "has_extended_profile": false,
            "default_profile": false,
            "default_profile_image": false,
            "following": true,
            "follow_request_sent": false,
            "notifications": false,
            "translator_type": "none",
            "withheld_in_countries": [
                
            ]
        },
        "geo": null,
        "coordinates": null,
        "place": null,
        "contributors": null,
        "is_quote_status": false,
        "retweet_count": 340,
        "favorite_count": 2198,
        "favorited": false,
        "retweeted": false,
        "lang": "en"
    },
    {
        "created_at": "Wed Aug 31 22:20:09 +0000 2022",
        "id": 1565102168847392784,
        "id_str": "1565102168847392784",
        "text": "Filipina teen with no English given top cadet rank https://t.co/Car0fALojg",
        "truncated": false,
        "entities": {
            "hashtags": [
                
            ],
            "symbols": [
                
            ],
            "user_mentions": [
                
            ],
            "urls": [
                {
                    "url": "https://t.co/Car0fALojg",
                    "expanded_url": "https://bbc.in/3pUIjEB",
                    "display_url": "bbc.in/3pUIjEB",
                    "indices": [
                        51,
                        74
                    ]
                }
            ]
        },
        "source": "<a href=\"http://www.socialflow.com\" rel=\"nofollow\">SocialFlow</a>",
        "in_reply_to_status_id": null,
        "in_reply_to_status_id_str": null,
        "in_reply_to_user_id": null,
        "in_reply_to_user_id_str": null,
        "in_reply_to_screen_name": null,
        "user": {
            "id": 742143,
            "id_str": "742143",
            "name": "BBC News (World)",
            "screen_name": "BBCWorld",
            "location": "London, UK",
            "description": "News, features and analysis from the World's newsroom. Breaking news, follow @BBCBreaking. UK news, @BBCNews. Latest sports news @BBCSport",
            "url": "https://t.co/4zUWrLAYqP",
            "entities": {
                "url": {
                    "urls": [
                        {
                            "url": "https://t.co/4zUWrLAYqP",
                            "expanded_url": "http://www.bbc.com/news",
                            "display_url": "bbc.com/news",
                            "indices": [
                                0,
                                23
                            ]
                        }
                    ]
                },
                "description": {
                    "urls": [
                        
                    ]
                }
            },
            "protected": false,
            "followers_count": 38022012,
            "friends_count": 18,
            "listed_count": 132778,
            "created_at": "Thu Feb 01 07:44:29 +0000 2007",
            "favourites_count": 1,
            "utc_offset": null,
            "time_zone": null,
            "geo_enabled": true,
            "verified": true,
            "statuses_count": 350860,
            "lang": null,
            "contributors_enabled": false,
            "is_translator": false,
            "is_translation_enabled": true,
            "profile_background_color": "FFFFFF",
            "profile_background_image_url": "http://abs.twimg.com/images/themes/theme1/bg.png",
            "profile_background_image_url_https": "https://abs.twimg.com/images/themes/theme1/bg.png",
            "profile_background_tile": false,
            "profile_image_url": "http://pbs.twimg.com/profile_images/1529107170448523264/q3VwEx38_normal.jpg",
            "profile_image_url_https": "https://pbs.twimg.com/profile_images/1529107170448523264/q3VwEx38_normal.jpg",
            "profile_banner_url": "https://pbs.twimg.com/profile_banners/742143/1653400584",
            "profile_link_color": "1F527B",
            "profile_sidebar_border_color": "FFFFFF",
            "profile_sidebar_fill_color": "FFFFFF",
            "profile_text_color": "5A5A5A",
            "profile_use_background_image": true,
            "has_extended_profile": false,
            "default_profile": false,
            "default_profile_image": false,
            "following": true,
            "follow_request_sent": false,
            "notifications": false,
            "translator_type": "none",
            "withheld_in_countries": [
                
            ]
        },
        "geo": null,
        "coordinates": null,
        "place": null,
        "contributors": null,
        "is_quote_status": false,
        "retweet_count": 24,
        "favorite_count": 185,
        "favorited": false,
        "retweeted": false,
        "possibly_sensitive": false,
        "possibly_sensitive_appealable": false,
        "lang": "en"
    },
    {
        "created_at": "Wed Aug 31 22:20:07 +0000 2022",
        "id": 1565102160299302913,
        "id_str": "1565102160299302913",
        "text": "Families sue US over injuries allegedly caused by jet fuel leaks getting into Hawaii drinking water https://t.co/TCt9Fhy212",
        "truncated": false,
        "entities": {
            "hashtags": [
                
            ],
            "symbols": [
                
            ],
            "user_mentions": [
                
            ],
            "urls": [
                {
                    "url": "https://t.co/TCt9Fhy212",
                    "expanded_url": "https://fxn.ws/3wF7ezJ",
                    "display_url": "fxn.ws/3wF7ezJ",
                    "indices": [
                        100,
                        123
                    ]
                }
            ]
        },
        "source": "<a href=\"http://www.socialflow.com\" rel=\"nofollow\">SocialFlow</a>",
        "in_reply_to_status_id": null,
        "in_reply_to_status_id_str": null,
        "in_reply_to_user_id": null,
        "in_reply_to_user_id_str": null,
        "in_reply_to_screen_name": null,
        "user": {
            "id": 1367531,
            "id_str": "1367531",
            "name": "Fox News",
            "screen_name": "FoxNews",
            "location": "U.S.A.",
            "description": "Follow America's #1 cable news network, delivering you breaking news, insightful analysis, and must-see videos. https://t.co/sXA1eVB5Gv",
            "url": "https://t.co/s4jEId5Aef",
            "entities": {
                "url": {
                    "urls": [
                        {
                            "url": "https://t.co/s4jEId5Aef",
                            "expanded_url": "http://www.foxnews.com",
                            "display_url": "foxnews.com",
                            "indices": [
                                0,
                                23
                            ]
                        }
                    ]
                },
                "description": {
                    "urls": [
                        {
                            "url": "https://t.co/sXA1eVB5Gv",
                            "expanded_url": "http://foxnews.com/contact",
                            "display_url": "foxnews.com/contact",
                            "indices": [
                                112,
                                135
                            ]
                        }
                    ]
                }
            },
            "protected": false,
            "followers_count": 22305278,
            "friends_count": 261,
            "listed_count": 72680,
            "created_at": "Sat Mar 17 19:01:26 +0000 2007",
            "favourites_count": 4,
            "utc_offset": null,
            "time_zone": null,
            "geo_enabled": true,
            "verified": true,
            "statuses_count": 492198,
            "lang": null,
            "contributors_enabled": false,
            "is_translator": false,
            "is_translation_enabled": true,
            "profile_background_color": "0E2331",
            "profile_background_image_url": "http://abs.twimg.com/images/themes/theme1/bg.png",
            "profile_background_image_url_https": "https://abs.twimg.com/images/themes/theme1/bg.png",
            "profile_background_tile": false,
            "profile_image_url": "http://pbs.twimg.com/profile_images/1459143267673677853/xtIvtfZp_normal.jpg",
            "profile_image_url_https": "https://pbs.twimg.com/profile_images/1459143267673677853/xtIvtfZp_normal.jpg",
            "profile_banner_url": "https://pbs.twimg.com/profile_banners/1367531/1492649996",
            "profile_link_color": "183A52",
            "profile_sidebar_border_color": "FFFFFF",
            "profile_sidebar_fill_color": "F4F4F4",
            "profile_text_color": "000000",
            "profile_use_background_image": true,
            "has_extended_profile": false,
            "default_profile": false,
            "default_profile_image": false,
            "following": true,
            "follow_request_sent": false,
            "notifications": false,
            "translator_type": "regular",
            "withheld_in_countries": [
                
            ]
        },
        "geo": null,
        "coordinates": null,
        "place": null,
        "contributors": null,
        "is_quote_status": false,
        "retweet_count": 17,
        "favorite_count": 52,
        "favorited": false,
        "retweeted": false,
        "possibly_sensitive": false,
        "possibly_sensitive_appealable": false,
        "lang": "en"
    },
    {
        "created_at": "Wed Aug 31 22:15:17 +0000 2022",
        "id": 1565100940436422656,
        "id_str": "1565100940436422656",
        "text": "Watch #Artemis I launch to the Moon! The broadcast will begin Saturday, Sept. 3, at 12:15pm ET (16:15 UTC) on our T… https://t.co/JtWN6IY5fP",
        "truncated": true,
        "entities": {
            "hashtags": [
                {
                    "text": "Artemis",
                    "indices": [
                        6,
                        14
                    ]
                }
            ],
            "symbols": [
                
            ],
            "user_mentions": [
                
            ],
            "urls": [
                {
                    "url": "https://t.co/JtWN6IY5fP",
                    "expanded_url": "https://twitter.com/i/web/status/1565100940436422656",
                    "display_url": "twitter.com/i/web/status/1…",
                    "indices": [
                        117,
                        140
                    ]
                }
            ]
        },
        "source": "<a href=\"https://www.sprinklr.com\" rel=\"nofollow\">Sprinklr</a>",
        "in_reply_to_status_id": null,
        "in_reply_to_status_id_str": null,
        "in_reply_to_user_id": null,
        "in_reply_to_user_id_str": null,
        "in_reply_to_screen_name": null,
        "user": {
            "id": 11348282,
            "id_str": "11348282",
            "name": "NASA",
            "screen_name": "NASA",
            "location": "Pale Blue Dot",
            "description": "There's space for everybody. ✨",
            "url": "https://t.co/9NkQJKAnuU",
            "entities": {
                "url": {
                    "urls": [
                        {
                            "url": "https://t.co/9NkQJKAnuU",
                            "expanded_url": "http://www.nasa.gov/",
                            "display_url": "nasa.gov",
                            "indices": [
                                0,
                                23
                            ]
                        }
                    ]
                },
                "description": {
                    "urls": [
                        
                    ]
                }
            },
            "protected": false,
            "followers_count": 61749498,
            "friends_count": 181,
            "listed_count": 99442,
            "created_at": "Wed Dec 19 20:20:32 +0000 2007",
            "favourites_count": 14175,
            "utc_offset": null,
            "time_zone": null,
            "geo_enabled": false,
            "verified": true,
            "statuses_count": 68511,
            "lang": null,
            "contributors_enabled": false,
            "is_translator": false,
            "is_translation_enabled": false,
            "profile_background_color": "000000",
            "profile_background_image_url": "http://abs.twimg.com/images/themes/theme1/bg.png",
            "profile_background_image_url_https": "https://abs.twimg.com/images/themes/theme1/bg.png",
            "profile_background_tile": false,
            "profile_image_url": "http://pbs.twimg.com/profile_images/1321163587679784960/0ZxKlEKB_normal.jpg",
            "profile_image_url_https": "https://pbs.twimg.com/profile_images/1321163587679784960/0ZxKlEKB_normal.jpg",
            "profile_banner_url": "https://pbs.twimg.com/profile_banners/11348282/1659538659",
            "profile_link_color": "205BA7",
            "profile_sidebar_border_color": "000000",
            "profile_sidebar_fill_color": "F3F2F2",
            "profile_text_color": "000000",
            "profile_use_background_image": true,
            "has_extended_profile": true,
            "default_profile": false,
            "default_profile_image": false,
            "following": true,
            "follow_request_sent": false,
            "notifications": false,
            "translator_type": "regular",
            "withheld_in_countries": [
                
            ]
        },
        "geo": null,
        "coordinates": null,
        "place": null,
        "contributors": null,
        "is_quote_status": false,
        "retweet_count": 270,
        "favorite_count": 1139,
        "favorited": false,
        "retweeted": false,
        "possibly_sensitive": false,
        "possibly_sensitive_appealable": false,
        "lang": "en"
    },
    {
        "created_at": "Wed Aug 31 22:15:05 +0000 2022",
        "id": 1565100890394165248,
        "id_str": "1565100890394165248",
        "text": "Delta Air Lines issues $6B in refunds since 2020 https://t.co/VbYzJvB0nP",
        "truncated": false,
        "entities": {
            "hashtags": [
                
            ],
            "symbols": [
                
            ],
            "user_mentions": [
                
            ],
            "urls": [
                {
                    "url": "https://t.co/VbYzJvB0nP",
                    "expanded_url": "https://fxn.ws/3Tw4gYc",
                    "display_url": "fxn.ws/3Tw4gYc",
                    "indices": [
                        49,
                        72
                    ]
                }
            ]
        },
        "source": "<a href=\"http://www.socialflow.com\" rel=\"nofollow\">SocialFlow</a>",
        "in_reply_to_status_id": null,
        "in_reply_to_status_id_str": null,
        "in_reply_to_user_id": null,
        "in_reply_to_user_id_str": null,
        "in_reply_to_screen_name": null,
        "user": {
            "id": 1367531,
            "id_str": "1367531",
            "name": "Fox News",
            "screen_name": "FoxNews",
            "location": "U.S.A.",
            "description": "Follow America's #1 cable news network, delivering you breaking news, insightful analysis, and must-see videos. https://t.co/sXA1eVB5Gv",
            "url": "https://t.co/s4jEId5Aef",
            "entities": {
                "url": {
                    "urls": [
                        {
                            "url": "https://t.co/s4jEId5Aef",
                            "expanded_url": "http://www.foxnews.com",
                            "display_url": "foxnews.com",
                            "indices": [
                                0,
                                23
                            ]
                        }
                    ]
                },
                "description": {
                    "urls": [
                        {
                            "url": "https://t.co/sXA1eVB5Gv",
                            "expanded_url": "http://foxnews.com/contact",
                            "display_url": "foxnews.com/contact",
                            "indices": [
                                112,
                                135
                            ]
                        }
                    ]
                }
            },
            "protected": false,
            "followers_count": 22305278,
            "friends_count": 261,
            "listed_count": 72680,
            "created_at": "Sat Mar 17 19:01:26 +0000 2007",
            "favourites_count": 4,
            "utc_offset": null,
            "time_zone": null,
            "geo_enabled": true,
            "verified": true,
            "statuses_count": 492198,
            "lang": null,
            "contributors_enabled": false,
            "is_translator": false,
            "is_translation_enabled": true,
            "profile_background_color": "0E2331",
            "profile_background_image_url": "http://abs.twimg.com/images/themes/theme1/bg.png",
            "profile_background_image_url_https": "https://abs.twimg.com/images/themes/theme1/bg.png",
            "profile_background_tile": false,
            "profile_image_url": "http://pbs.twimg.com/profile_images/1459143267673677853/xtIvtfZp_normal.jpg",
            "profile_image_url_https": "https://pbs.twimg.com/profile_images/1459143267673677853/xtIvtfZp_normal.jpg",
            "profile_banner_url": "https://pbs.twimg.com/profile_banners/1367531/1492649996",
            "profile_link_color": "183A52",
            "profile_sidebar_border_color": "FFFFFF",
            "profile_sidebar_fill_color": "F4F4F4",
            "profile_text_color": "000000",
            "profile_use_background_image": true,
            "has_extended_profile": false,
            "default_profile": false,
            "default_profile_image": false,
            "following": true,
            "follow_request_sent": false,
            "notifications": false,
            "translator_type": "regular",
            "withheld_in_countries": [
                
            ]
        },
        "geo": null,
        "coordinates": null,
        "place": null,
        "contributors": null,
        "is_quote_status": false,
        "retweet_count": 21,
        "favorite_count": 46,
        "favorited": false,
        "retweeted": false,
        "possibly_sensitive": false,
        "possibly_sensitive_appealable": false,
        "lang": "en"
    },
    {
        "created_at": "Wed Aug 31 22:10:05 +0000 2022",
        "id": 1565099635504447488,
        "id_str": "1565099635504447488",
        "text": "Lisa Marie Presley says she felt like a 'pariah' after loss of son Benjamin https://t.co/N8y4N9sKHd",
        "truncated": false,
        "entities": {
            "hashtags": [
                
            ],
            "symbols": [
                
            ],
            "user_mentions": [
                
            ],
            "urls": [
                {
                    "url": "https://t.co/N8y4N9sKHd",
                    "expanded_url": "https://fxn.ws/3TxDui4",
                    "display_url": "fxn.ws/3TxDui4",
                    "indices": [
                        76,
                        99
                    ]
                }
            ]
        },
        "source": "<a href=\"http://www.socialflow.com\" rel=\"nofollow\">SocialFlow</a>",
        "in_reply_to_status_id": null,
        "in_reply_to_status_id_str": null,
        "in_reply_to_user_id": null,
        "in_reply_to_user_id_str": null,
        "in_reply_to_screen_name": null,
        "user": {
            "id": 1367531,
            "id_str": "1367531",
            "name": "Fox News",
            "screen_name": "FoxNews",
            "location": "U.S.A.",
            "description": "Follow America's #1 cable news network, delivering you breaking news, insightful analysis, and must-see videos. https://t.co/sXA1eVB5Gv",
            "url": "https://t.co/s4jEId5Aef",
            "entities": {
                "url": {
                    "urls": [
                        {
                            "url": "https://t.co/s4jEId5Aef",
                            "expanded_url": "http://www.foxnews.com",
                            "display_url": "foxnews.com",
                            "indices": [
                                0,
                                23
                            ]
                        }
                    ]
                },
                "description": {
                    "urls": [
                        {
                            "url": "https://t.co/sXA1eVB5Gv",
                            "expanded_url": "http://foxnews.com/contact",
                            "display_url": "foxnews.com/contact",
                            "indices": [
                                112,
                                135
                            ]
                        }
                    ]
                }
            },
            "protected": false,
            "followers_count": 22305278,
            "friends_count": 261,
            "listed_count": 72680,
            "created_at": "Sat Mar 17 19:01:26 +0000 2007",
            "favourites_count": 4,
            "utc_offset": null,
            "time_zone": null,
            "geo_enabled": true,
            "verified": true,
            "statuses_count": 492198,
            "lang": null,
            "contributors_enabled": false,
            "is_translator": false,
            "is_translation_enabled": true,
            "profile_background_color": "0E2331",
            "profile_background_image_url": "http://abs.twimg.com/images/themes/theme1/bg.png",
            "profile_background_image_url_https": "https://abs.twimg.com/images/themes/theme1/bg.png",
            "profile_background_tile": false,
            "profile_image_url": "http://pbs.twimg.com/profile_images/1459143267673677853/xtIvtfZp_normal.jpg",
            "profile_image_url_https": "https://pbs.twimg.com/profile_images/1459143267673677853/xtIvtfZp_normal.jpg",
            "profile_banner_url": "https://pbs.twimg.com/profile_banners/1367531/1492649996",
            "profile_link_color": "183A52",
            "profile_sidebar_border_color": "FFFFFF",
            "profile_sidebar_fill_color": "F4F4F4",
            "profile_text_color": "000000",
            "profile_use_background_image": true,
            "has_extended_profile": false,
            "default_profile": false,
            "default_profile_image": false,
            "following": true,
            "follow_request_sent": false,
            "notifications": false,
            "translator_type": "regular",
            "withheld_in_countries": [
                
            ]
        },
        "geo": null,
        "coordinates": null,
        "place": null,
        "contributors": null,
        "is_quote_status": false,
        "retweet_count": 11,
        "favorite_count": 49,
        "favorited": false,
        "retweeted": false,
        "possibly_sensitive": false,
        "possibly_sensitive_appealable": false,
        "lang": "en"
    },
    {
        "created_at": "Wed Aug 31 22:06:27 +0000 2022",
        "id": 1565098718944264192,
        "id_str": "1565098718944264192",
        "text": "OH, BABY: Canine unit helped border agents make the largest bust in 20 years. https://t.co/paHERjbyTa https://t.co/7m2qdoGi9X",
        "truncated": false,
        "entities": {
            "hashtags": [
                
            ],
            "symbols": [
                
            ],
            "user_mentions": [
                
            ],
            "urls": [
                {
                    "url": "https://t.co/paHERjbyTa",
                    "expanded_url": "https://fxn.ws/3Ro7eMj",
                    "display_url": "fxn.ws/3Ro7eMj",
                    "indices": [
                        78,
                        101
                    ]
                }
            ],
            "media": [
                {
                    "id": 1565098716205383681,
                    "id_str": "1565098716205383681",
                    "indices": [
                        102,
                        125
                    ],
                    "media_url": "http://pbs.twimg.com/media/FbhY_XnXgAE6UTB.jpg",
                    "media_url_https": "https://pbs.twimg.com/media/FbhY_XnXgAE6UTB.jpg",
                    "url": "https://t.co/7m2qdoGi9X",
                    "display_url": "pic.twitter.com/7m2qdoGi9X",
                    "expanded_url": "https://twitter.com/FoxNews/status/1565098718944264192/photo/1",
                    "type": "photo",
                    "sizes": {
                        "thumb": {
                            "w": 150,
                            "h": 150,
                            "resize": "crop"
                        },
                        "small": {
                            "w": 680,
                            "h": 680,
                            "resize": "fit"
                        },
                        "medium": {
                            "w": 1000,
                            "h": 1000,
                            "resize": "fit"
                        },
                        "large": {
                            "w": 1000,
                            "h": 1000,
                            "resize": "fit"
                        }
                    }
                }
            ]
        },
        "extended_entities": {
            "media": [
                {
                    "id": 1565098716205383681,
                    "id_str": "1565098716205383681",
                    "indices": [
                        102,
                        125
                    ],
                    "media_url": "http://pbs.twimg.com/media/FbhY_XnXgAE6UTB.jpg",
                    "media_url_https": "https://pbs.twimg.com/media/FbhY_XnXgAE6UTB.jpg",
                    "url": "https://t.co/7m2qdoGi9X",
                    "display_url": "pic.twitter.com/7m2qdoGi9X",
                    "expanded_url": "https://twitter.com/FoxNews/status/1565098718944264192/photo/1",
                    "type": "photo",
                    "sizes": {
                        "thumb": {
                            "w": 150,
                            "h": 150,
                            "resize": "crop"
                        },
                        "small": {
                            "w": 680,
                            "h": 680,
                            "resize": "fit"
                        },
                        "medium": {
                            "w": 1000,
                            "h": 1000,
                            "resize": "fit"
                        },
                        "large": {
                            "w": 1000,
                            "h": 1000,
                            "resize": "fit"
                        }
                    }
                }
            ]
        },
        "source": "<a href=\"http://www.socialflow.com\" rel=\"nofollow\">SocialFlow</a>",
        "in_reply_to_status_id": null,
        "in_reply_to_status_id_str": null,
        "in_reply_to_user_id": null,
        "in_reply_to_user_id_str": null,
        "in_reply_to_screen_name": null,
        "user": {
            "id": 1367531,
            "id_str": "1367531",
            "name": "Fox News",
            "screen_name": "FoxNews",
            "location": "U.S.A.",
            "description": "Follow America's #1 cable news network, delivering you breaking news, insightful analysis, and must-see videos. https://t.co/sXA1eVB5Gv",
            "url": "https://t.co/s4jEId5Aef",
            "entities": {
                "url": {
                    "urls": [
                        {
                            "url": "https://t.co/s4jEId5Aef",
                            "expanded_url": "http://www.foxnews.com",
                            "display_url": "foxnews.com",
                            "indices": [
                                0,
                                23
                            ]
                        }
                    ]
                },
                "description": {
                    "urls": [
                        {
                            "url": "https://t.co/sXA1eVB5Gv",
                            "expanded_url": "http://foxnews.com/contact",
                            "display_url": "foxnews.com/contact",
                            "indices": [
                                112,
                                135
                            ]
                        }
                    ]
                }
            },
            "protected": false,
            "followers_count": 22305278,
            "friends_count": 261,
            "listed_count": 72680,
            "created_at": "Sat Mar 17 19:01:26 +0000 2007",
            "favourites_count": 4,
            "utc_offset": null,
            "time_zone": null,
            "geo_enabled": true,
            "verified": true,
            "statuses_count": 492198,
            "lang": null,
            "contributors_enabled": false,
            "is_translator": false,
            "is_translation_enabled": true,
            "profile_background_color": "0E2331",
            "profile_background_image_url": "http://abs.twimg.com/images/themes/theme1/bg.png",
            "profile_background_image_url_https": "https://abs.twimg.com/images/themes/theme1/bg.png",
            "profile_background_tile": false,
            "profile_image_url": "http://pbs.twimg.com/profile_images/1459143267673677853/xtIvtfZp_normal.jpg",
            "profile_image_url_https": "https://pbs.twimg.com/profile_images/1459143267673677853/xtIvtfZp_normal.jpg",
            "profile_banner_url": "https://pbs.twimg.com/profile_banners/1367531/1492649996",
            "profile_link_color": "183A52",
            "profile_sidebar_border_color": "FFFFFF",
            "profile_sidebar_fill_color": "F4F4F4",
            "profile_text_color": "000000",
            "profile_use_background_image": true,
            "has_extended_profile": false,
            "default_profile": false,
            "default_profile_image": false,
            "following": true,
            "follow_request_sent": false,
            "notifications": false,
            "translator_type": "regular",
            "withheld_in_countries": [
                
            ]
        },
        "geo": null,
        "coordinates": null,
        "place": null,
        "contributors": null,
        "is_quote_status": false,
        "retweet_count": 126,
        "favorite_count": 464,
        "favorited": false,
        "retweeted": false,
        "possibly_sensitive": false,
        "possibly_sensitive_appealable": false,
        "lang": "en"
    },
    {
        "created_at": "Wed Aug 31 22:05:07 +0000 2022",
        "id": 1565098382842109952,
        "id_str": "1565098382842109952",
        "text": "Wisconsin elections agency seeks $1.3 million in order to increase confidence in election results https://t.co/GkFs42mbN8",
        "truncated": false,
        "entities": {
            "hashtags": [
                
            ],
            "symbols": [
                
            ],
            "user_mentions": [
                
            ],
            "urls": [
                {
                    "url": "https://t.co/GkFs42mbN8",
                    "expanded_url": "https://fxn.ws/3AAnq6o",
                    "display_url": "fxn.ws/3AAnq6o",
                    "indices": [
                        98,
                        121
                    ]
                }
            ]
        },
        "source": "<a href=\"http://www.socialflow.com\" rel=\"nofollow\">SocialFlow</a>",
        "in_reply_to_status_id": null,
        "in_reply_to_status_id_str": null,
        "in_reply_to_user_id": null,
        "in_reply_to_user_id_str": null,
        "in_reply_to_screen_name": null,
        "user": {
            "id": 1367531,
            "id_str": "1367531",
            "name": "Fox News",
            "screen_name": "FoxNews",
            "location": "U.S.A.",
            "description": "Follow America's #1 cable news network, delivering you breaking news, insightful analysis, and must-see videos. https://t.co/sXA1eVB5Gv",
            "url": "https://t.co/s4jEId5Aef",
            "entities": {
                "url": {
                    "urls": [
                        {
                            "url": "https://t.co/s4jEId5Aef",
                            "expanded_url": "http://www.foxnews.com",
                            "display_url": "foxnews.com",
                            "indices": [
                                0,
                                23
                            ]
                        }
                    ]
                },
                "description": {
                    "urls": [
                        {
                            "url": "https://t.co/sXA1eVB5Gv",
                            "expanded_url": "http://foxnews.com/contact",
                            "display_url": "foxnews.com/contact",
                            "indices": [
                                112,
                                135
                            ]
                        }
                    ]
                }
            },
            "protected": false,
            "followers_count": 22305278,
            "friends_count": 261,
            "listed_count": 72680,
            "created_at": "Sat Mar 17 19:01:26 +0000 2007",
            "favourites_count": 4,
            "utc_offset": null,
            "time_zone": null,
            "geo_enabled": true,
            "verified": true,
            "statuses_count": 492198,
            "lang": null,
            "contributors_enabled": false,
            "is_translator": false,
            "is_translation_enabled": true,
            "profile_background_color": "0E2331",
            "profile_background_image_url": "http://abs.twimg.com/images/themes/theme1/bg.png",
            "profile_background_image_url_https": "https://abs.twimg.com/images/themes/theme1/bg.png",
            "profile_background_tile": false,
            "profile_image_url": "http://pbs.twimg.com/profile_images/1459143267673677853/xtIvtfZp_normal.jpg",
            "profile_image_url_https": "https://pbs.twimg.com/profile_images/1459143267673677853/xtIvtfZp_normal.jpg",
            "profile_banner_url": "https://pbs.twimg.com/profile_banners/1367531/1492649996",
            "profile_link_color": "183A52",
            "profile_sidebar_border_color": "FFFFFF",
            "profile_sidebar_fill_color": "F4F4F4",
            "profile_text_color": "000000",
            "profile_use_background_image": true,
            "has_extended_profile": false,
            "default_profile": false,
            "default_profile_image": false,
            "following": true,
            "follow_request_sent": false,
            "notifications": false,
            "translator_type": "regular",
            "withheld_in_countries": [
                
            ]
        },
        "geo": null,
        "coordinates": null,
        "place": null,
        "contributors": null,
        "is_quote_status": false,
        "retweet_count": 16,
        "favorite_count": 55,
        "favorited": false,
        "retweeted": false,
        "possibly_sensitive": false,
        "possibly_sensitive_appealable": false,
        "lang": "en"
    },
    {
        "created_at": "Wed Aug 31 22:04:51 +0000 2022",
        "id": 1565098318132350976,
        "id_str": "1565098318132350976",
        "text": "Claims of torture against Uyghurs in China are credible, says UN in long-awaited report that China tried to stop be… https://t.co/9RdZGCCL5h",
        "truncated": true,
        "entities": {
            "hashtags": [
                
            ],
            "symbols": [
                
            ],
            "user_mentions": [
                
            ],
            "urls": [
                {
                    "url": "https://t.co/9RdZGCCL5h",
                    "expanded_url": "https://twitter.com/i/web/status/1565098318132350976",
                    "display_url": "twitter.com/i/web/status/1…",
                    "indices": [
                        117,
                        140
                    ]
                }
            ]
        },
        "source": "<a href=\"http://www.socialflow.com\" rel=\"nofollow\">SocialFlow</a>",
        "in_reply_to_status_id": null,
        "in_reply_to_status_id_str": null,
        "in_reply_to_user_id": null,
        "in_reply_to_user_id_str": null,
        "in_reply_to_screen_name": null,
        "user": {
            "id": 5402612,
            "id_str": "5402612",
            "name": "BBC Breaking News",
            "screen_name": "BBCBreaking",
            "location": "London, UK",
            "description": "Breaking news alerts and updates from the BBC. For news, features, analysis follow @BBCWorld (international) or @BBCNews (UK). Latest sport news @BBCSport.",
            "url": "https://t.co/A7Clxaz0fX",
            "entities": {
                "url": {
                    "urls": [
                        {
                            "url": "https://t.co/A7Clxaz0fX",
                            "expanded_url": "http://www.bbc.co.uk/news",
                            "display_url": "bbc.co.uk/news",
                            "indices": [
                                0,
                                23
                            ]
                        }
                    ]
                },
                "description": {
                    "urls": [
                        
                    ]
                }
            },
            "protected": false,
            "followers_count": 50900494,
            "friends_count": 3,
            "listed_count": 148060,
            "created_at": "Sun Apr 22 14:42:37 +0000 2007",
            "favourites_count": 0,
            "utc_offset": null,
            "time_zone": null,
            "geo_enabled": false,
            "verified": true,
            "statuses_count": 38229,
            "lang": null,
            "contributors_enabled": false,
            "is_translator": false,
            "is_translation_enabled": true,
            "profile_background_color": "FFFFFF",
            "profile_background_image_url": "http://abs.twimg.com/images/themes/theme1/bg.png",
            "profile_background_image_url_https": "https://abs.twimg.com/images/themes/theme1/bg.png",
            "profile_background_tile": false,
            "profile_image_url": "http://pbs.twimg.com/profile_images/1150716997254209536/M7gkjsv5_normal.jpg",
            "profile_image_url_https": "https://pbs.twimg.com/profile_images/1150716997254209536/M7gkjsv5_normal.jpg",
            "profile_banner_url": "https://pbs.twimg.com/profile_banners/5402612/1653400708",
            "profile_link_color": "1F527B",
            "profile_sidebar_border_color": "FFFFFF",
            "profile_sidebar_fill_color": "FFFFFF",
            "profile_text_color": "5A5A5A",
            "profile_use_background_image": true,
            "has_extended_profile": false,
            "default_profile": false,
            "default_profile_image": false,
            "following": true,
            "follow_request_sent": false,
            "notifications": false,
            "translator_type": "none",
            "withheld_in_countries": [
                
            ]
        },
        "geo": null,
        "coordinates": null,
        "place": null,
        "contributors": null,
        "is_quote_status": false,
        "retweet_count": 373,
        "favorite_count": 742,
        "favorited": false,
        "retweeted": false,
        "possibly_sensitive": false,
        "possibly_sensitive_appealable": false,
        "lang": "en"
    },
    {
        "created_at": "Wed Aug 31 22:00:25 +0000 2022",
        "id": 1565097200606232576,
        "id_str": "1565097200606232576",
        "text": "Billionaire oil refinery owner reveals 'simple' solution to lower inflation https://t.co/8dO5it4KJ8",
        "truncated": false,
        "entities": {
            "hashtags": [
                
            ],
            "symbols": [
                
            ],
            "user_mentions": [
                
            ],
            "urls": [
                {
                    "url": "https://t.co/8dO5it4KJ8",
                    "expanded_url": "https://fxn.ws/3ecNCfJ",
                    "display_url": "fxn.ws/3ecNCfJ",
                    "indices": [
                        76,
                        99
                    ]
                }
            ]
        },
        "source": "<a href=\"http://www.socialflow.com\" rel=\"nofollow\">SocialFlow</a>",
        "in_reply_to_status_id": null,
        "in_reply_to_status_id_str": null,
        "in_reply_to_user_id": null,
        "in_reply_to_user_id_str": null,
        "in_reply_to_screen_name": null,
        "user": {
            "id": 1367531,
            "id_str": "1367531",
            "name": "Fox News",
            "screen_name": "FoxNews",
            "location": "U.S.A.",
            "description": "Follow America's #1 cable news network, delivering you breaking news, insightful analysis, and must-see videos. https://t.co/sXA1eVB5Gv",
            "url": "https://t.co/s4jEId5Aef",
            "entities": {
                "url": {
                    "urls": [
                        {
                            "url": "https://t.co/s4jEId5Aef",
                            "expanded_url": "http://www.foxnews.com",
                            "display_url": "foxnews.com",
                            "indices": [
                                0,
                                23
                            ]
                        }
                    ]
                },
                "description": {
                    "urls": [
                        {
                            "url": "https://t.co/sXA1eVB5Gv",
                            "expanded_url": "http://foxnews.com/contact",
                            "display_url": "foxnews.com/contact",
                            "indices": [
                                112,
                                135
                            ]
                        }
                    ]
                }
            },
            "protected": false,
            "followers_count": 22305278,
            "friends_count": 261,
            "listed_count": 72680,
            "created_at": "Sat Mar 17 19:01:26 +0000 2007",
            "favourites_count": 4,
            "utc_offset": null,
            "time_zone": null,
            "geo_enabled": true,
            "verified": true,
            "statuses_count": 492198,
            "lang": null,
            "contributors_enabled": false,
            "is_translator": false,
            "is_translation_enabled": true,
            "profile_background_color": "0E2331",
            "profile_background_image_url": "http://abs.twimg.com/images/themes/theme1/bg.png",
            "profile_background_image_url_https": "https://abs.twimg.com/images/themes/theme1/bg.png",
            "profile_background_tile": false,
            "profile_image_url": "http://pbs.twimg.com/profile_images/1459143267673677853/xtIvtfZp_normal.jpg",
            "profile_image_url_https": "https://pbs.twimg.com/profile_images/1459143267673677853/xtIvtfZp_normal.jpg",
            "profile_banner_url": "https://pbs.twimg.com/profile_banners/1367531/1492649996",
            "profile_link_color": "183A52",
            "profile_sidebar_border_color": "FFFFFF",
            "profile_sidebar_fill_color": "F4F4F4",
            "profile_text_color": "000000",
            "profile_use_background_image": true,
            "has_extended_profile": false,
            "default_profile": false,
            "default_profile_image": false,
            "following": true,
            "follow_request_sent": false,
            "notifications": false,
            "translator_type": "regular",
            "withheld_in_countries": [
                
            ]
        },
        "geo": null,
        "coordinates": null,
        "place": null,
        "contributors": null,
        "is_quote_status": false,
        "retweet_count": 27,
        "favorite_count": 84,
        "favorited": false,
        "retweeted": false,
        "possibly_sensitive": false,
        "possibly_sensitive_appealable": false,
        "lang": "en"
    },
    {
        "created_at": "Wed Aug 31 22:00:04 +0000 2022",
        "id": 1565097113259855874,
        "id_str": "1565097113259855874",
        "text": "Shelter staff rescue 250 dogs from Pakistan floods https://t.co/Ac0yVJ8muK",
        "truncated": false,
        "entities": {
            "hashtags": [
                
            ],
            "symbols": [
                
            ],
            "user_mentions": [
                
            ],
            "urls": [
                {
                    "url": "https://t.co/Ac0yVJ8muK",
                    "expanded_url": "https://bbc.in/3KyoyMi",
                    "display_url": "bbc.in/3KyoyMi",
                    "indices": [
                        51,
                        74
                    ]
                }
            ]
        },
        "source": "<a href=\"http://www.socialflow.com\" rel=\"nofollow\">SocialFlow</a>",
        "in_reply_to_status_id": null,
        "in_reply_to_status_id_str": null,
        "in_reply_to_user_id": null,
        "in_reply_to_user_id_str": null,
        "in_reply_to_screen_name": null,
        "user": {
            "id": 742143,
            "id_str": "742143",
            "name": "BBC News (World)",
            "screen_name": "BBCWorld",
            "location": "London, UK",
            "description": "News, features and analysis from the World's newsroom. Breaking news, follow @BBCBreaking. UK news, @BBCNews. Latest sports news @BBCSport",
            "url": "https://t.co/4zUWrLAYqP",
            "entities": {
                "url": {
                    "urls": [
                        {
                            "url": "https://t.co/4zUWrLAYqP",
                            "expanded_url": "http://www.bbc.com/news",
                            "display_url": "bbc.com/news",
                            "indices": [
                                0,
                                23
                            ]
                        }
                    ]
                },
                "description": {
                    "urls": [
                        
                    ]
                }
            },
            "protected": false,
            "followers_count": 38022012,
            "friends_count": 18,
            "listed_count": 132778,
            "created_at": "Thu Feb 01 07:44:29 +0000 2007",
            "favourites_count": 1,
            "utc_offset": null,
            "time_zone": null,
            "geo_enabled": true,
            "verified": true,
            "statuses_count": 350860,
            "lang": null,
            "contributors_enabled": false,
            "is_translator": false,
            "is_translation_enabled": true,
            "profile_background_color": "FFFFFF",
            "profile_background_image_url": "http://abs.twimg.com/images/themes/theme1/bg.png",
            "profile_background_image_url_https": "https://abs.twimg.com/images/themes/theme1/bg.png",
            "profile_background_tile": false,
            "profile_image_url": "http://pbs.twimg.com/profile_images/1529107170448523264/q3VwEx38_normal.jpg",
            "profile_image_url_https": "https://pbs.twimg.com/profile_images/1529107170448523264/q3VwEx38_normal.jpg",
            "profile_banner_url": "https://pbs.twimg.com/profile_banners/742143/1653400584",
            "profile_link_color": "1F527B",
            "profile_sidebar_border_color": "FFFFFF",
            "profile_sidebar_fill_color": "FFFFFF",
            "profile_text_color": "5A5A5A",
            "profile_use_background_image": true,
            "has_extended_profile": false,
            "default_profile": false,
            "default_profile_image": false,
            "following": true,
            "follow_request_sent": false,
            "notifications": false,
            "translator_type": "none",
            "withheld_in_countries": [
                
            ]
        },
        "geo": null,
        "coordinates": null,
        "place": null,
        "contributors": null,
        "is_quote_status": false,
        "retweet_count": 28,
        "favorite_count": 257,
        "favorited": false,
        "retweeted": false,
        "possibly_sensitive": false,
        "possibly_sensitive_appealable": false,
        "lang": "en"
    }
]
]]></system-out>
  </testcase>
  <testcase name="testPropertyFromResponse" classname="twitterAPITest.TweetTest" time="0.865">
    <system-out><![CDATA[true
Property value : We are learning Rest API Automation and Hashem is the team Lead07ff21d7-69e9-4872-b5a8-8dd6fd41e499
[
    {
        "created_at": "Wed Aug 31 22:49:12 +0000 2022",
        "id": 1565109476612505603,
        "id_str": "1565109476612505603",
        "text": "We are learning Rest API Automation and Hashem is the team Lead07ff21d7-69e9-4872-b5a8-8dd6fd41e499",
        "truncated": false,
        "entities": {
            "hashtags": [
                
            ],
            "symbols": [
                
            ],
            "user_mentions": [
                
            ],
            "urls": [
                
            ]
        },
        "source": "<a href=\"https://qatest122.com\" rel=\"nofollow\">API_QE_WINTER2022_M$I</a>",
        "in_reply_to_status_id": null,
        "in_reply_to_status_id_str": null,
        "in_reply_to_user_id": null,
        "in_reply_to_user_id_str": null,
        "in_reply_to_screen_name": null,
        "user": {
            "id": 1557786208402640898,
            "id_str": "1557786208402640898",
            "name": "MD SHAHADUL ISLAM SHEBLEY",
            "screen_name": "shebley_md",
            "location": "",
            "description": "Simplicity is king…",
            "url": null,
            "entities": {
                "description": {
                    "urls": [
                        
                    ]
                }
            },
            "protected": false,
            "followers_count": 1,
            "friends_count": 14,
            "listed_count": 0,
            "created_at": "Thu Aug 11 17:49:40 +0000 2022",
            "favourites_count": 10,
            "utc_offset": null,
            "time_zone": null,
            "geo_enabled": false,
            "verified": false,
            "statuses_count": 12,
            "lang": null,
            "contributors_enabled": false,
            "is_translator": false,
            "is_translation_enabled": false,
            "profile_background_color": "F5F8FA",
            "profile_background_image_url": null,
            "profile_background_image_url_https": null,
            "profile_background_tile": false,
            "profile_image_url": "http://pbs.twimg.com/profile_images/1557786418684071941/GCTITrwQ_normal.jpg",
            "profile_image_url_https": "https://pbs.twimg.com/profile_images/1557786418684071941/GCTITrwQ_normal.jpg",
            "profile_banner_url": "https://pbs.twimg.com/profile_banners/1557786208402640898/1661890786",
            "profile_link_color": "1DA1F2",
            "profile_sidebar_border_color": "C0DEED",
            "profile_sidebar_fill_color": "DDEEF6",
            "profile_text_color": "333333",
            "profile_use_background_image": true,
            "has_extended_profile": true,
            "default_profile": true,
            "default_profile_image": false,
            "following": false,
            "follow_request_sent": false,
            "notifications": false,
            "translator_type": "none",
            "withheld_in_countries": [
                
            ]
        },
        "geo": null,
        "coordinates": null,
        "place": null,
        "contributors": null,
        "is_quote_status": false,
        "retweet_count": 0,
        "favorite_count": 0,
        "favorited": false,
        "retweeted": false,
        "lang": "en"
    },
    {
        "created_at": "Wed Aug 31 22:48:12 +0000 2022",
        "id": 1565109227919663104,
        "id_str": "1565109227919663104",
        "text": "We are learning Rest API Automation and Hashem is the team Lead52ebbd53-913d-4f82-a8d2-3b8f395fc166",
        "truncated": false,
        "entities": {
            "hashtags": [
                
            ],
            "symbols": [
                
            ],
            "user_mentions": [
                
            ],
            "urls": [
                
            ]
        },
        "source": "<a href=\"https://qatest122.com\" rel=\"nofollow\">API_QE_WINTER2022_M$I</a>",
        "in_reply_to_status_id": null,
        "in_reply_to_status_id_str": null,
        "in_reply_to_user_id": null,
        "in_reply_to_user_id_str": null,
        "in_reply_to_screen_name": null,
        "user": {
            "id": 1557786208402640898,
            "id_str": "1557786208402640898",
            "name": "MD SHAHADUL ISLAM SHEBLEY",
            "screen_name": "shebley_md",
            "location": "",
            "description": "Simplicity is king…",
            "url": null,
            "entities": {
                "description": {
                    "urls": [
                        
                    ]
                }
            },
            "protected": false,
            "followers_count": 1,
            "friends_count": 14,
            "listed_count": 0,
            "created_at": "Thu Aug 11 17:49:40 +0000 2022",
            "favourites_count": 10,
            "utc_offset": null,
            "time_zone": null,
            "geo_enabled": false,
            "verified": false,
            "statuses_count": 12,
            "lang": null,
            "contributors_enabled": false,
            "is_translator": false,
            "is_translation_enabled": false,
            "profile_background_color": "F5F8FA",
            "profile_background_image_url": null,
            "profile_background_image_url_https": null,
            "profile_background_tile": false,
            "profile_image_url": "http://pbs.twimg.com/profile_images/1557786418684071941/GCTITrwQ_normal.jpg",
            "profile_image_url_https": "https://pbs.twimg.com/profile_images/1557786418684071941/GCTITrwQ_normal.jpg",
            "profile_banner_url": "https://pbs.twimg.com/profile_banners/1557786208402640898/1661890786",
            "profile_link_color": "1DA1F2",
            "profile_sidebar_border_color": "C0DEED",
            "profile_sidebar_fill_color": "DDEEF6",
            "profile_text_color": "333333",
            "profile_use_background_image": true,
            "has_extended_profile": true,
            "default_profile": true,
            "default_profile_image": false,
            "following": false,
            "follow_request_sent": false,
            "notifications": false,
            "translator_type": "none",
            "withheld_in_countries": [
                
            ]
        },
        "geo": null,
        "coordinates": null,
        "place": null,
        "contributors": null,
        "is_quote_status": false,
        "retweet_count": 0,
        "favorite_count": 0,
        "favorited": false,
        "retweeted": false,
        "lang": "en"
    },
    {
        "created_at": "Wed Aug 31 22:45:09 +0000 2022",
        "id": 1565108460202737668,
        "id_str": "1565108460202737668",
        "text": "Moore holds massive fundraising lead over Cox in Maryland election https://t.co/2Uzzn757a2",
        "truncated": false,
        "entities": {
            "hashtags": [
                
            ],
            "symbols": [
                
            ],
            "user_mentions": [
                
            ],
            "urls": [
                {
                    "url": "https://t.co/2Uzzn757a2",
                    "expanded_url": "https://fxn.ws/3CLCqkI",
                    "display_url": "fxn.ws/3CLCqkI",
                    "indices": [
                        67,
                        90
                    ]
                }
            ]
        },
        "source": "<a href=\"http://www.socialflow.com\" rel=\"nofollow\">SocialFlow</a>",
        "in_reply_to_status_id": null,
        "in_reply_to_status_id_str": null,
        "in_reply_to_user_id": null,
        "in_reply_to_user_id_str": null,
        "in_reply_to_screen_name": null,
        "user": {
            "id": 1367531,
            "id_str": "1367531",
            "name": "Fox News",
            "screen_name": "FoxNews",
            "location": "U.S.A.",
            "description": "Follow America's #1 cable news network, delivering you breaking news, insightful analysis, and must-see videos. https://t.co/sXA1eVB5Gv",
            "url": "https://t.co/s4jEId5Aef",
            "entities": {
                "url": {
                    "urls": [
                        {
                            "url": "https://t.co/s4jEId5Aef",
                            "expanded_url": "http://www.foxnews.com",
                            "display_url": "foxnews.com",
                            "indices": [
                                0,
                                23
                            ]
                        }
                    ]
                },
                "description": {
                    "urls": [
                        {
                            "url": "https://t.co/sXA1eVB5Gv",
                            "expanded_url": "http://foxnews.com/contact",
                            "display_url": "foxnews.com/contact",
                            "indices": [
                                112,
                                135
                            ]
                        }
                    ]
                }
            },
            "protected": false,
            "followers_count": 22305278,
            "friends_count": 261,
            "listed_count": 72680,
            "created_at": "Sat Mar 17 19:01:26 +0000 2007",
            "favourites_count": 4,
            "utc_offset": null,
            "time_zone": null,
            "geo_enabled": true,
            "verified": true,
            "statuses_count": 492198,
            "lang": null,
            "contributors_enabled": false,
            "is_translator": false,
            "is_translation_enabled": true,
            "profile_background_color": "0E2331",
            "profile_background_image_url": "http://abs.twimg.com/images/themes/theme1/bg.png",
            "profile_background_image_url_https": "https://abs.twimg.com/images/themes/theme1/bg.png",
            "profile_background_tile": false,
            "profile_image_url": "http://pbs.twimg.com/profile_images/1459143267673677853/xtIvtfZp_normal.jpg",
            "profile_image_url_https": "https://pbs.twimg.com/profile_images/1459143267673677853/xtIvtfZp_normal.jpg",
            "profile_banner_url": "https://pbs.twimg.com/profile_banners/1367531/1492649996",
            "profile_link_color": "183A52",
            "profile_sidebar_border_color": "FFFFFF",
            "profile_sidebar_fill_color": "F4F4F4",
            "profile_text_color": "000000",
            "profile_use_background_image": true,
            "has_extended_profile": false,
            "default_profile": false,
            "default_profile_image": false,
            "following": true,
            "follow_request_sent": false,
            "notifications": false,
            "translator_type": "regular",
            "withheld_in_countries": [
                
            ]
        },
        "geo": null,
        "coordinates": null,
        "place": null,
        "contributors": null,
        "is_quote_status": false,
        "retweet_count": 5,
        "favorite_count": 8,
        "favorited": false,
        "retweeted": false,
        "possibly_sensitive": false,
        "possibly_sensitive_appealable": false,
        "lang": "en"
    },
    {
        "created_at": "Wed Aug 31 22:40:06 +0000 2022",
        "id": 1565107186849685506,
        "id_str": "1565107186849685506",
        "text": "John Simpson: Mikhail Gorbachev was a man of decency but not vision https://t.co/qxlYh4sPw8",
        "truncated": false,
        "entities": {
            "hashtags": [
                
            ],
            "symbols": [
                
            ],
            "user_mentions": [
                
            ],
            "urls": [
                {
                    "url": "https://t.co/qxlYh4sPw8",
                    "expanded_url": "https://bbc.in/3KOCuSR",
                    "display_url": "bbc.in/3KOCuSR",
                    "indices": [
                        68,
                        91
                    ]
                }
            ]
        },
        "source": "<a href=\"http://www.socialflow.com\" rel=\"nofollow\">SocialFlow</a>",
        "in_reply_to_status_id": null,
        "in_reply_to_status_id_str": null,
        "in_reply_to_user_id": null,
        "in_reply_to_user_id_str": null,
        "in_reply_to_screen_name": null,
        "user": {
            "id": 742143,
            "id_str": "742143",
            "name": "BBC News (World)",
            "screen_name": "BBCWorld",
            "location": "London, UK",
            "description": "News, features and analysis from the World's newsroom. Breaking news, follow @BBCBreaking. UK news, @BBCNews. Latest sports news @BBCSport",
            "url": "https://t.co/4zUWrLAYqP",
            "entities": {
                "url": {
                    "urls": [
                        {
                            "url": "https://t.co/4zUWrLAYqP",
                            "expanded_url": "http://www.bbc.com/news",
                            "display_url": "bbc.com/news",
                            "indices": [
                                0,
                                23
                            ]
                        }
                    ]
                },
                "description": {
                    "urls": [
                        
                    ]
                }
            },
            "protected": false,
            "followers_count": 38022015,
            "friends_count": 18,
            "listed_count": 132778,
            "created_at": "Thu Feb 01 07:44:29 +0000 2007",
            "favourites_count": 1,
            "utc_offset": null,
            "time_zone": null,
            "geo_enabled": true,
            "verified": true,
            "statuses_count": 350860,
            "lang": null,
            "contributors_enabled": false,
            "is_translator": false,
            "is_translation_enabled": true,
            "profile_background_color": "FFFFFF",
            "profile_background_image_url": "http://abs.twimg.com/images/themes/theme1/bg.png",
            "profile_background_image_url_https": "https://abs.twimg.com/images/themes/theme1/bg.png",
            "profile_background_tile": false,
            "profile_image_url": "http://pbs.twimg.com/profile_images/1529107170448523264/q3VwEx38_normal.jpg",
            "profile_image_url_https": "https://pbs.twimg.com/profile_images/1529107170448523264/q3VwEx38_normal.jpg",
            "profile_banner_url": "https://pbs.twimg.com/profile_banners/742143/1653400584",
            "profile_link_color": "1F527B",
            "profile_sidebar_border_color": "FFFFFF",
            "profile_sidebar_fill_color": "FFFFFF",
            "profile_text_color": "5A5A5A",
            "profile_use_background_image": true,
            "has_extended_profile": false,
            "default_profile": false,
            "default_profile_image": false,
            "following": true,
            "follow_request_sent": false,
            "notifications": false,
            "translator_type": "none",
            "withheld_in_countries": [
                
            ]
        },
        "geo": null,
        "coordinates": null,
        "place": null,
        "contributors": null,
        "is_quote_status": false,
        "retweet_count": 9,
        "favorite_count": 40,
        "favorited": false,
        "retweeted": false,
        "possibly_sensitive": false,
        "possibly_sensitive_appealable": false,
        "lang": "en"
    },
    {
        "created_at": "Wed Aug 31 22:40:04 +0000 2022",
        "id": 1565107180105236482,
        "id_str": "1565107180105236482",
        "text": "Florida deputies find body in pond next to Hooters restaurant https://t.co/wXgUXhXzHL",
        "truncated": false,
        "entities": {
            "hashtags": [
                
            ],
            "symbols": [
                
            ],
            "user_mentions": [
                
            ],
            "urls": [
                {
                    "url": "https://t.co/wXgUXhXzHL",
                    "expanded_url": "https://fxn.ws/3pYUKPF",
                    "display_url": "fxn.ws/3pYUKPF",
                    "indices": [
                        62,
                        85
                    ]
                }
            ]
        },
        "source": "<a href=\"http://www.socialflow.com\" rel=\"nofollow\">SocialFlow</a>",
        "in_reply_to_status_id": null,
        "in_reply_to_status_id_str": null,
        "in_reply_to_user_id": null,
        "in_reply_to_user_id_str": null,
        "in_reply_to_screen_name": null,
        "user": {
            "id": 1367531,
            "id_str": "1367531",
            "name": "Fox News",
            "screen_name": "FoxNews",
            "location": "U.S.A.",
            "description": "Follow America's #1 cable news network, delivering you breaking news, insightful analysis, and must-see videos. https://t.co/sXA1eVB5Gv",
            "url": "https://t.co/s4jEId5Aef",
            "entities": {
                "url": {
                    "urls": [
                        {
                            "url": "https://t.co/s4jEId5Aef",
                            "expanded_url": "http://www.foxnews.com",
                            "display_url": "foxnews.com",
                            "indices": [
                                0,
                                23
                            ]
                        }
                    ]
                },
                "description": {
                    "urls": [
                        {
                            "url": "https://t.co/sXA1eVB5Gv",
                            "expanded_url": "http://foxnews.com/contact",
                            "display_url": "foxnews.com/contact",
                            "indices": [
                                112,
                                135
                            ]
                        }
                    ]
                }
            },
            "protected": false,
            "followers_count": 22305278,
            "friends_count": 261,
            "listed_count": 72680,
            "created_at": "Sat Mar 17 19:01:26 +0000 2007",
            "favourites_count": 4,
            "utc_offset": null,
            "time_zone": null,
            "geo_enabled": true,
            "verified": true,
            "statuses_count": 492198,
            "lang": null,
            "contributors_enabled": false,
            "is_translator": false,
            "is_translation_enabled": true,
            "profile_background_color": "0E2331",
            "profile_background_image_url": "http://abs.twimg.com/images/themes/theme1/bg.png",
            "profile_background_image_url_https": "https://abs.twimg.com/images/themes/theme1/bg.png",
            "profile_background_tile": false,
            "profile_image_url": "http://pbs.twimg.com/profile_images/1459143267673677853/xtIvtfZp_normal.jpg",
            "profile_image_url_https": "https://pbs.twimg.com/profile_images/1459143267673677853/xtIvtfZp_normal.jpg",
            "profile_banner_url": "https://pbs.twimg.com/profile_banners/1367531/1492649996",
            "profile_link_color": "183A52",
            "profile_sidebar_border_color": "FFFFFF",
            "profile_sidebar_fill_color": "F4F4F4",
            "profile_text_color": "000000",
            "profile_use_background_image": true,
            "has_extended_profile": false,
            "default_profile": false,
            "default_profile_image": false,
            "following": true,
            "follow_request_sent": false,
            "notifications": false,
            "translator_type": "regular",
            "withheld_in_countries": [
                
            ]
        },
        "geo": null,
        "coordinates": null,
        "place": null,
        "contributors": null,
        "is_quote_status": false,
        "retweet_count": 8,
        "favorite_count": 16,
        "favorited": false,
        "retweeted": false,
        "possibly_sensitive": false,
        "possibly_sensitive_appealable": false,
        "lang": "en"
    },
    {
        "created_at": "Wed Aug 31 22:35:06 +0000 2022",
        "id": 1565105930785771520,
        "id_str": "1565105930785771520",
        "text": "Sen. Rick Scott demands answers from CDC head regarding taxpayer-funded media training from Dem consultant… https://t.co/majWadImlq",
        "truncated": true,
        "entities": {
            "hashtags": [
                
            ],
            "symbols": [
                
            ],
            "user_mentions": [
                
            ],
            "urls": [
                {
                    "url": "https://t.co/majWadImlq",
                    "expanded_url": "https://twitter.com/i/web/status/1565105930785771520",
                    "display_url": "twitter.com/i/web/status/1…",
                    "indices": [
                        108,
                        131
                    ]
                }
            ]
        },
        "source": "<a href=\"http://www.socialflow.com\" rel=\"nofollow\">SocialFlow</a>",
        "in_reply_to_status_id": null,
        "in_reply_to_status_id_str": null,
        "in_reply_to_user_id": null,
        "in_reply_to_user_id_str": null,
        "in_reply_to_screen_name": null,
        "user": {
            "id": 1367531,
            "id_str": "1367531",
            "name": "Fox News",
            "screen_name": "FoxNews",
            "location": "U.S.A.",
            "description": "Follow America's #1 cable news network, delivering you breaking news, insightful analysis, and must-see videos. https://t.co/sXA1eVB5Gv",
            "url": "https://t.co/s4jEId5Aef",
            "entities": {
                "url": {
                    "urls": [
                        {
                            "url": "https://t.co/s4jEId5Aef",
                            "expanded_url": "http://www.foxnews.com",
                            "display_url": "foxnews.com",
                            "indices": [
                                0,
                                23
                            ]
                        }
                    ]
                },
                "description": {
                    "urls": [
                        {
                            "url": "https://t.co/sXA1eVB5Gv",
                            "expanded_url": "http://foxnews.com/contact",
                            "display_url": "foxnews.com/contact",
                            "indices": [
                                112,
                                135
                            ]
                        }
                    ]
                }
            },
            "protected": false,
            "followers_count": 22305278,
            "friends_count": 261,
            "listed_count": 72680,
            "created_at": "Sat Mar 17 19:01:26 +0000 2007",
            "favourites_count": 4,
            "utc_offset": null,
            "time_zone": null,
            "geo_enabled": true,
            "verified": true,
            "statuses_count": 492198,
            "lang": null,
            "contributors_enabled": false,
            "is_translator": false,
            "is_translation_enabled": true,
            "profile_background_color": "0E2331",
            "profile_background_image_url": "http://abs.twimg.com/images/themes/theme1/bg.png",
            "profile_background_image_url_https": "https://abs.twimg.com/images/themes/theme1/bg.png",
            "profile_background_tile": false,
            "profile_image_url": "http://pbs.twimg.com/profile_images/1459143267673677853/xtIvtfZp_normal.jpg",
            "profile_image_url_https": "https://pbs.twimg.com/profile_images/1459143267673677853/xtIvtfZp_normal.jpg",
            "profile_banner_url": "https://pbs.twimg.com/profile_banners/1367531/1492649996",
            "profile_link_color": "183A52",
            "profile_sidebar_border_color": "FFFFFF",
            "profile_sidebar_fill_color": "F4F4F4",
            "profile_text_color": "000000",
            "profile_use_background_image": true,
            "has_extended_profile": false,
            "default_profile": false,
            "default_profile_image": false,
            "following": true,
            "follow_request_sent": false,
            "notifications": false,
            "translator_type": "regular",
            "withheld_in_countries": [
                
            ]
        },
        "geo": null,
        "coordinates": null,
        "place": null,
        "contributors": null,
        "is_quote_status": false,
        "retweet_count": 22,
        "favorite_count": 74,
        "favorited": false,
        "retweeted": false,
        "possibly_sensitive": false,
        "possibly_sensitive_appealable": false,
        "lang": "en"
    },
    {
        "created_at": "Wed Aug 31 22:30:08 +0000 2022",
        "id": 1565104681382289408,
        "id_str": "1565104681382289408",
        "text": "Chick-fil-A's hunger relief program reaches 15M-meal milestone in its 10th year https://t.co/02ETK0fyki",
        "truncated": false,
        "entities": {
            "hashtags": [
                
            ],
            "symbols": [
                
            ],
            "user_mentions": [
                
            ],
            "urls": [
                {
                    "url": "https://t.co/02ETK0fyki",
                    "expanded_url": "https://fxn.ws/3cAtYKk",
                    "display_url": "fxn.ws/3cAtYKk",
                    "indices": [
                        80,
                        103
                    ]
                }
            ]
        },
        "source": "<a href=\"http://www.socialflow.com\" rel=\"nofollow\">SocialFlow</a>",
        "in_reply_to_status_id": null,
        "in_reply_to_status_id_str": null,
        "in_reply_to_user_id": null,
        "in_reply_to_user_id_str": null,
        "in_reply_to_screen_name": null,
        "user": {
            "id": 1367531,
            "id_str": "1367531",
            "name": "Fox News",
            "screen_name": "FoxNews",
            "location": "U.S.A.",
            "description": "Follow America's #1 cable news network, delivering you breaking news, insightful analysis, and must-see videos. https://t.co/sXA1eVB5Gv",
            "url": "https://t.co/s4jEId5Aef",
            "entities": {
                "url": {
                    "urls": [
                        {
                            "url": "https://t.co/s4jEId5Aef",
                            "expanded_url": "http://www.foxnews.com",
                            "display_url": "foxnews.com",
                            "indices": [
                                0,
                                23
                            ]
                        }
                    ]
                },
                "description": {
                    "urls": [
                        {
                            "url": "https://t.co/sXA1eVB5Gv",
                            "expanded_url": "http://foxnews.com/contact",
                            "display_url": "foxnews.com/contact",
                            "indices": [
                                112,
                                135
                            ]
                        }
                    ]
                }
            },
            "protected": false,
            "followers_count": 22305278,
            "friends_count": 261,
            "listed_count": 72680,
            "created_at": "Sat Mar 17 19:01:26 +0000 2007",
            "favourites_count": 4,
            "utc_offset": null,
            "time_zone": null,
            "geo_enabled": true,
            "verified": true,
            "statuses_count": 492198,
            "lang": null,
            "contributors_enabled": false,
            "is_translator": false,
            "is_translation_enabled": true,
            "profile_background_color": "0E2331",
            "profile_background_image_url": "http://abs.twimg.com/images/themes/theme1/bg.png",
            "profile_background_image_url_https": "https://abs.twimg.com/images/themes/theme1/bg.png",
            "profile_background_tile": false,
            "profile_image_url": "http://pbs.twimg.com/profile_images/1459143267673677853/xtIvtfZp_normal.jpg",
            "profile_image_url_https": "https://pbs.twimg.com/profile_images/1459143267673677853/xtIvtfZp_normal.jpg",
            "profile_banner_url": "https://pbs.twimg.com/profile_banners/1367531/1492649996",
            "profile_link_color": "183A52",
            "profile_sidebar_border_color": "FFFFFF",
            "profile_sidebar_fill_color": "F4F4F4",
            "profile_text_color": "000000",
            "profile_use_background_image": true,
            "has_extended_profile": false,
            "default_profile": false,
            "default_profile_image": false,
            "following": true,
            "follow_request_sent": false,
            "notifications": false,
            "translator_type": "regular",
            "withheld_in_countries": [
                
            ]
        },
        "geo": null,
        "coordinates": null,
        "place": null,
        "contributors": null,
        "is_quote_status": false,
        "retweet_count": 27,
        "favorite_count": 135,
        "favorited": false,
        "retweeted": false,
        "possibly_sensitive": false,
        "possibly_sensitive_appealable": false,
        "lang": "en"
    },
    {
        "created_at": "Wed Aug 31 22:26:03 +0000 2022",
        "id": 1565103651240247296,
        "id_str": "1565103651240247296",
        "text": "BREAKING THE MOLD: Conservative host @greggutfeld has made history by ending liberal pundit’s 5-year ratings streak… https://t.co/Ig4GGIemS9",
        "truncated": true,
        "entities": {
            "hashtags": [
                
            ],
            "symbols": [
                
            ],
            "user_mentions": [
                {
                    "screen_name": "greggutfeld",
                    "name": "GregGutfeld",
                    "id": 28628850,
                    "id_str": "28628850",
                    "indices": [
                        37,
                        49
                    ]
                }
            ],
            "urls": [
                {
                    "url": "https://t.co/Ig4GGIemS9",
                    "expanded_url": "https://twitter.com/i/web/status/1565103651240247296",
                    "display_url": "twitter.com/i/web/status/1…",
                    "indices": [
                        117,
                        140
                    ]
                }
            ]
        },
        "source": "<a href=\"http://www.socialflow.com\" rel=\"nofollow\">SocialFlow</a>",
        "in_reply_to_status_id": null,
        "in_reply_to_status_id_str": null,
        "in_reply_to_user_id": null,
        "in_reply_to_user_id_str": null,
        "in_reply_to_screen_name": null,
        "user": {
            "id": 1367531,
            "id_str": "1367531",
            "name": "Fox News",
            "screen_name": "FoxNews",
            "location": "U.S.A.",
            "description": "Follow America's #1 cable news network, delivering you breaking news, insightful analysis, and must-see videos. https://t.co/sXA1eVB5Gv",
            "url": "https://t.co/s4jEId5Aef",
            "entities": {
                "url": {
                    "urls": [
                        {
                            "url": "https://t.co/s4jEId5Aef",
                            "expanded_url": "http://www.foxnews.com",
                            "display_url": "foxnews.com",
                            "indices": [
                                0,
                                23
                            ]
                        }
                    ]
                },
                "description": {
                    "urls": [
                        {
                            "url": "https://t.co/sXA1eVB5Gv",
                            "expanded_url": "http://foxnews.com/contact",
                            "display_url": "foxnews.com/contact",
                            "indices": [
                                112,
                                135
                            ]
                        }
                    ]
                }
            },
            "protected": false,
            "followers_count": 22305278,
            "friends_count": 261,
            "listed_count": 72680,
            "created_at": "Sat Mar 17 19:01:26 +0000 2007",
            "favourites_count": 4,
            "utc_offset": null,
            "time_zone": null,
            "geo_enabled": true,
            "verified": true,
            "statuses_count": 492198,
            "lang": null,
            "contributors_enabled": false,
            "is_translator": false,
            "is_translation_enabled": true,
            "profile_background_color": "0E2331",
            "profile_background_image_url": "http://abs.twimg.com/images/themes/theme1/bg.png",
            "profile_background_image_url_https": "https://abs.twimg.com/images/themes/theme1/bg.png",
            "profile_background_tile": false,
            "profile_image_url": "http://pbs.twimg.com/profile_images/1459143267673677853/xtIvtfZp_normal.jpg",
            "profile_image_url_https": "https://pbs.twimg.com/profile_images/1459143267673677853/xtIvtfZp_normal.jpg",
            "profile_banner_url": "https://pbs.twimg.com/profile_banners/1367531/1492649996",
            "profile_link_color": "183A52",
            "profile_sidebar_border_color": "FFFFFF",
            "profile_sidebar_fill_color": "F4F4F4",
            "profile_text_color": "000000",
            "profile_use_background_image": true,
            "has_extended_profile": false,
            "default_profile": false,
            "default_profile_image": false,
            "following": true,
            "follow_request_sent": false,
            "notifications": false,
            "translator_type": "regular",
            "withheld_in_countries": [
                
            ]
        },
        "geo": null,
        "coordinates": null,
        "place": null,
        "contributors": null,
        "is_quote_status": false,
        "retweet_count": 97,
        "favorite_count": 743,
        "favorited": false,
        "retweeted": false,
        "possibly_sensitive": false,
        "possibly_sensitive_appealable": false,
        "lang": "en"
    },
    {
        "created_at": "Wed Aug 31 22:25:56 +0000 2022",
        "id": 1565103623947829249,
        "id_str": "1565103623947829249",
        "text": "FACT OR FICTION: Rachel Williams claims the show portrayed her as ‘greedy, snobbish, disloyal, dishonest,’ and so m… https://t.co/bINfmze1q4",
        "truncated": true,
        "entities": {
            "hashtags": [
                
            ],
            "symbols": [
                
            ],
            "user_mentions": [
                
            ],
            "urls": [
                {
                    "url": "https://t.co/bINfmze1q4",
                    "expanded_url": "https://twitter.com/i/web/status/1565103623947829249",
                    "display_url": "twitter.com/i/web/status/1…",
                    "indices": [
                        117,
                        140
                    ]
                }
            ]
        },
        "source": "<a href=\"http://www.socialflow.com\" rel=\"nofollow\">SocialFlow</a>",
        "in_reply_to_status_id": null,
        "in_reply_to_status_id_str": null,
        "in_reply_to_user_id": null,
        "in_reply_to_user_id_str": null,
        "in_reply_to_screen_name": null,
        "user": {
            "id": 1367531,
            "id_str": "1367531",
            "name": "Fox News",
            "screen_name": "FoxNews",
            "location": "U.S.A.",
            "description": "Follow America's #1 cable news network, delivering you breaking news, insightful analysis, and must-see videos. https://t.co/sXA1eVB5Gv",
            "url": "https://t.co/s4jEId5Aef",
            "entities": {
                "url": {
                    "urls": [
                        {
                            "url": "https://t.co/s4jEId5Aef",
                            "expanded_url": "http://www.foxnews.com",
                            "display_url": "foxnews.com",
                            "indices": [
                                0,
                                23
                            ]
                        }
                    ]
                },
                "description": {
                    "urls": [
                        {
                            "url": "https://t.co/sXA1eVB5Gv",
                            "expanded_url": "http://foxnews.com/contact",
                            "display_url": "foxnews.com/contact",
                            "indices": [
                                112,
                                135
                            ]
                        }
                    ]
                }
            },
            "protected": false,
            "followers_count": 22305278,
            "friends_count": 261,
            "listed_count": 72680,
            "created_at": "Sat Mar 17 19:01:26 +0000 2007",
            "favourites_count": 4,
            "utc_offset": null,
            "time_zone": null,
            "geo_enabled": true,
            "verified": true,
            "statuses_count": 492198,
            "lang": null,
            "contributors_enabled": false,
            "is_translator": false,
            "is_translation_enabled": true,
            "profile_background_color": "0E2331",
            "profile_background_image_url": "http://abs.twimg.com/images/themes/theme1/bg.png",
            "profile_background_image_url_https": "https://abs.twimg.com/images/themes/theme1/bg.png",
            "profile_background_tile": false,
            "profile_image_url": "http://pbs.twimg.com/profile_images/1459143267673677853/xtIvtfZp_normal.jpg",
            "profile_image_url_https": "https://pbs.twimg.com/profile_images/1459143267673677853/xtIvtfZp_normal.jpg",
            "profile_banner_url": "https://pbs.twimg.com/profile_banners/1367531/1492649996",
            "profile_link_color": "183A52",
            "profile_sidebar_border_color": "FFFFFF",
            "profile_sidebar_fill_color": "F4F4F4",
            "profile_text_color": "000000",
            "profile_use_background_image": true,
            "has_extended_profile": false,
            "default_profile": false,
            "default_profile_image": false,
            "following": true,
            "follow_request_sent": false,
            "notifications": false,
            "translator_type": "regular",
            "withheld_in_countries": [
                
            ]
        },
        "geo": null,
        "coordinates": null,
        "place": null,
        "contributors": null,
        "is_quote_status": false,
        "retweet_count": 6,
        "favorite_count": 28,
        "favorited": false,
        "retweeted": false,
        "possibly_sensitive": false,
        "possibly_sensitive_appealable": false,
        "lang": "en"
    },
    {
        "created_at": "Wed Aug 31 22:25:03 +0000 2022",
        "id": 1565103400504758273,
        "id_str": "1565103400504758273",
        "text": "Atlanta skyscraper fire sends a dark column of smoke into the sky https://t.co/8UoMBqTiIJ",
        "truncated": false,
        "entities": {
            "hashtags": [
                
            ],
            "symbols": [
                
            ],
            "user_mentions": [
                
            ],
            "urls": [
                {
                    "url": "https://t.co/8UoMBqTiIJ",
                    "expanded_url": "https://fxn.ws/3TIcpJd",
                    "display_url": "fxn.ws/3TIcpJd",
                    "indices": [
                        66,
                        89
                    ]
                }
            ]
        },
        "source": "<a href=\"http://www.socialflow.com\" rel=\"nofollow\">SocialFlow</a>",
        "in_reply_to_status_id": null,
        "in_reply_to_status_id_str": null,
        "in_reply_to_user_id": null,
        "in_reply_to_user_id_str": null,
        "in_reply_to_screen_name": null,
        "user": {
            "id": 1367531,
            "id_str": "1367531",
            "name": "Fox News",
            "screen_name": "FoxNews",
            "location": "U.S.A.",
            "description": "Follow America's #1 cable news network, delivering you breaking news, insightful analysis, and must-see videos. https://t.co/sXA1eVB5Gv",
            "url": "https://t.co/s4jEId5Aef",
            "entities": {
                "url": {
                    "urls": [
                        {
                            "url": "https://t.co/s4jEId5Aef",
                            "expanded_url": "http://www.foxnews.com",
                            "display_url": "foxnews.com",
                            "indices": [
                                0,
                                23
                            ]
                        }
                    ]
                },
                "description": {
                    "urls": [
                        {
                            "url": "https://t.co/sXA1eVB5Gv",
                            "expanded_url": "http://foxnews.com/contact",
                            "display_url": "foxnews.com/contact",
                            "indices": [
                                112,
                                135
                            ]
                        }
                    ]
                }
            },
            "protected": false,
            "followers_count": 22305278,
            "friends_count": 261,
            "listed_count": 72680,
            "created_at": "Sat Mar 17 19:01:26 +0000 2007",
            "favourites_count": 4,
            "utc_offset": null,
            "time_zone": null,
            "geo_enabled": true,
            "verified": true,
            "statuses_count": 492198,
            "lang": null,
            "contributors_enabled": false,
            "is_translator": false,
            "is_translation_enabled": true,
            "profile_background_color": "0E2331",
            "profile_background_image_url": "http://abs.twimg.com/images/themes/theme1/bg.png",
            "profile_background_image_url_https": "https://abs.twimg.com/images/themes/theme1/bg.png",
            "profile_background_tile": false,
            "profile_image_url": "http://pbs.twimg.com/profile_images/1459143267673677853/xtIvtfZp_normal.jpg",
            "profile_image_url_https": "https://pbs.twimg.com/profile_images/1459143267673677853/xtIvtfZp_normal.jpg",
            "profile_banner_url": "https://pbs.twimg.com/profile_banners/1367531/1492649996",
            "profile_link_color": "183A52",
            "profile_sidebar_border_color": "FFFFFF",
            "profile_sidebar_fill_color": "F4F4F4",
            "profile_text_color": "000000",
            "profile_use_background_image": true,
            "has_extended_profile": false,
            "default_profile": false,
            "default_profile_image": false,
            "following": true,
            "follow_request_sent": false,
            "notifications": false,
            "translator_type": "regular",
            "withheld_in_countries": [
                
            ]
        },
        "geo": null,
        "coordinates": null,
        "place": null,
        "contributors": null,
        "is_quote_status": false,
        "retweet_count": 16,
        "favorite_count": 32,
        "favorited": false,
        "retweeted": false,
        "possibly_sensitive": false,
        "possibly_sensitive_appealable": false,
        "lang": "en"
    },
    {
        "created_at": "Wed Aug 31 22:22:00 +0000 2022",
        "id": 1565102633156845568,
        "id_str": "1565102633156845568",
        "text": "We have recovered all jobs lost in the pandemic. Schools are back open. Small businesses are growing. Because we ar… https://t.co/DdlFyxg4Vv",
        "truncated": true,
        "entities": {
            "hashtags": [
                
            ],
            "symbols": [
                
            ],
            "user_mentions": [
                
            ],
            "urls": [
                {
                    "url": "https://t.co/DdlFyxg4Vv",
                    "expanded_url": "https://twitter.com/i/web/status/1565102633156845568",
                    "display_url": "twitter.com/i/web/status/1…",
                    "indices": [
                        117,
                        140
                    ]
                }
            ]
        },
        "source": "<a href=\"https://sproutsocial.com\" rel=\"nofollow\">Sprout Social</a>",
        "in_reply_to_status_id": null,
        "in_reply_to_status_id_str": null,
        "in_reply_to_user_id": null,
        "in_reply_to_user_id_str": null,
        "in_reply_to_screen_name": null,
        "user": {
            "id": 30354991,
            "id_str": "30354991",
            "name": "Kamala Harris",
            "screen_name": "KamalaHarris",
            "location": "Washington, DC",
            "description": "Fighting for the people. Wife, Momala, Auntie. She/her. Official account is @VP.",
            "url": "https://t.co/uBcfgtTRsi",
            "entities": {
                "url": {
                    "urls": [
                        {
                            "url": "https://t.co/uBcfgtTRsi",
                            "expanded_url": "https://joebiden.com",
                            "display_url": "joebiden.com",
                            "indices": [
                                0,
                                23
                            ]
                        }
                    ]
                },
                "description": {
                    "urls": [
                        
                    ]
                }
            },
            "protected": false,
            "followers_count": 19992633,
            "friends_count": 731,
            "listed_count": 27080,
            "created_at": "Sat Apr 11 00:42:07 +0000 2009",
            "favourites_count": 361,
            "utc_offset": null,
            "time_zone": null,
            "geo_enabled": false,
            "verified": true,
            "statuses_count": 16715,
            "lang": null,
            "contributors_enabled": false,
            "is_translator": false,
            "is_translation_enabled": false,
            "profile_background_color": "FFFFFF",
            "profile_background_image_url": "http://abs.twimg.com/images/themes/theme8/bg.gif",
            "profile_background_image_url_https": "https://abs.twimg.com/images/themes/theme8/bg.gif",
            "profile_background_tile": false,
            "profile_image_url": "http://pbs.twimg.com/profile_images/1377062766314467332/2hyqngJz_normal.jpg",
            "profile_image_url_https": "https://pbs.twimg.com/profile_images/1377062766314467332/2hyqngJz_normal.jpg",
            "profile_banner_url": "https://pbs.twimg.com/profile_banners/30354991/1626295504",
            "profile_link_color": "4468A6",
            "profile_sidebar_border_color": "FFFFFF",
            "profile_sidebar_fill_color": "FFFFFF",
            "profile_text_color": "333333",
            "profile_use_background_image": false,
            "has_extended_profile": false,
            "default_profile": false,
            "default_profile_image": false,
            "following": true,
            "follow_request_sent": false,
            "notifications": false,
            "translator_type": "none",
            "withheld_in_countries": [
                
            ]
        },
        "geo": null,
        "coordinates": null,
        "place": null,
        "contributors": null,
        "is_quote_status": false,
        "retweet_count": 340,
        "favorite_count": 2198,
        "favorited": false,
        "retweeted": false,
        "lang": "en"
    },
    {
        "created_at": "Wed Aug 31 22:20:09 +0000 2022",
        "id": 1565102168847392784,
        "id_str": "1565102168847392784",
        "text": "Filipina teen with no English given top cadet rank https://t.co/Car0fALojg",
        "truncated": false,
        "entities": {
            "hashtags": [
                
            ],
            "symbols": [
                
            ],
            "user_mentions": [
                
            ],
            "urls": [
                {
                    "url": "https://t.co/Car0fALojg",
                    "expanded_url": "https://bbc.in/3pUIjEB",
                    "display_url": "bbc.in/3pUIjEB",
                    "indices": [
                        51,
                        74
                    ]
                }
            ]
        },
        "source": "<a href=\"http://www.socialflow.com\" rel=\"nofollow\">SocialFlow</a>",
        "in_reply_to_status_id": null,
        "in_reply_to_status_id_str": null,
        "in_reply_to_user_id": null,
        "in_reply_to_user_id_str": null,
        "in_reply_to_screen_name": null,
        "user": {
            "id": 742143,
            "id_str": "742143",
            "name": "BBC News (World)",
            "screen_name": "BBCWorld",
            "location": "London, UK",
            "description": "News, features and analysis from the World's newsroom. Breaking news, follow @BBCBreaking. UK news, @BBCNews. Latest sports news @BBCSport",
            "url": "https://t.co/4zUWrLAYqP",
            "entities": {
                "url": {
                    "urls": [
                        {
                            "url": "https://t.co/4zUWrLAYqP",
                            "expanded_url": "http://www.bbc.com/news",
                            "display_url": "bbc.com/news",
                            "indices": [
                                0,
                                23
                            ]
                        }
                    ]
                },
                "description": {
                    "urls": [
                        
                    ]
                }
            },
            "protected": false,
            "followers_count": 38022015,
            "friends_count": 18,
            "listed_count": 132778,
            "created_at": "Thu Feb 01 07:44:29 +0000 2007",
            "favourites_count": 1,
            "utc_offset": null,
            "time_zone": null,
            "geo_enabled": true,
            "verified": true,
            "statuses_count": 350860,
            "lang": null,
            "contributors_enabled": false,
            "is_translator": false,
            "is_translation_enabled": true,
            "profile_background_color": "FFFFFF",
            "profile_background_image_url": "http://abs.twimg.com/images/themes/theme1/bg.png",
            "profile_background_image_url_https": "https://abs.twimg.com/images/themes/theme1/bg.png",
            "profile_background_tile": false,
            "profile_image_url": "http://pbs.twimg.com/profile_images/1529107170448523264/q3VwEx38_normal.jpg",
            "profile_image_url_https": "https://pbs.twimg.com/profile_images/1529107170448523264/q3VwEx38_normal.jpg",
            "profile_banner_url": "https://pbs.twimg.com/profile_banners/742143/1653400584",
            "profile_link_color": "1F527B",
            "profile_sidebar_border_color": "FFFFFF",
            "profile_sidebar_fill_color": "FFFFFF",
            "profile_text_color": "5A5A5A",
            "profile_use_background_image": true,
            "has_extended_profile": false,
            "default_profile": false,
            "default_profile_image": false,
            "following": true,
            "follow_request_sent": false,
            "notifications": false,
            "translator_type": "none",
            "withheld_in_countries": [
                
            ]
        },
        "geo": null,
        "coordinates": null,
        "place": null,
        "contributors": null,
        "is_quote_status": false,
        "retweet_count": 24,
        "favorite_count": 185,
        "favorited": false,
        "retweeted": false,
        "possibly_sensitive": false,
        "possibly_sensitive_appealable": false,
        "lang": "en"
    },
    {
        "created_at": "Wed Aug 31 22:20:07 +0000 2022",
        "id": 1565102160299302913,
        "id_str": "1565102160299302913",
        "text": "Families sue US over injuries allegedly caused by jet fuel leaks getting into Hawaii drinking water https://t.co/TCt9Fhy212",
        "truncated": false,
        "entities": {
            "hashtags": [
                
            ],
            "symbols": [
                
            ],
            "user_mentions": [
                
            ],
            "urls": [
                {
                    "url": "https://t.co/TCt9Fhy212",
                    "expanded_url": "https://fxn.ws/3wF7ezJ",
                    "display_url": "fxn.ws/3wF7ezJ",
                    "indices": [
                        100,
                        123
                    ]
                }
            ]
        },
        "source": "<a href=\"http://www.socialflow.com\" rel=\"nofollow\">SocialFlow</a>",
        "in_reply_to_status_id": null,
        "in_reply_to_status_id_str": null,
        "in_reply_to_user_id": null,
        "in_reply_to_user_id_str": null,
        "in_reply_to_screen_name": null,
        "user": {
            "id": 1367531,
            "id_str": "1367531",
            "name": "Fox News",
            "screen_name": "FoxNews",
            "location": "U.S.A.",
            "description": "Follow America's #1 cable news network, delivering you breaking news, insightful analysis, and must-see videos. https://t.co/sXA1eVB5Gv",
            "url": "https://t.co/s4jEId5Aef",
            "entities": {
                "url": {
                    "urls": [
                        {
                            "url": "https://t.co/s4jEId5Aef",
                            "expanded_url": "http://www.foxnews.com",
                            "display_url": "foxnews.com",
                            "indices": [
                                0,
                                23
                            ]
                        }
                    ]
                },
                "description": {
                    "urls": [
                        {
                            "url": "https://t.co/sXA1eVB5Gv",
                            "expanded_url": "http://foxnews.com/contact",
                            "display_url": "foxnews.com/contact",
                            "indices": [
                                112,
                                135
                            ]
                        }
                    ]
                }
            },
            "protected": false,
            "followers_count": 22305278,
            "friends_count": 261,
            "listed_count": 72680,
            "created_at": "Sat Mar 17 19:01:26 +0000 2007",
            "favourites_count": 4,
            "utc_offset": null,
            "time_zone": null,
            "geo_enabled": true,
            "verified": true,
            "statuses_count": 492198,
            "lang": null,
            "contributors_enabled": false,
            "is_translator": false,
            "is_translation_enabled": true,
            "profile_background_color": "0E2331",
            "profile_background_image_url": "http://abs.twimg.com/images/themes/theme1/bg.png",
            "profile_background_image_url_https": "https://abs.twimg.com/images/themes/theme1/bg.png",
            "profile_background_tile": false,
            "profile_image_url": "http://pbs.twimg.com/profile_images/1459143267673677853/xtIvtfZp_normal.jpg",
            "profile_image_url_https": "https://pbs.twimg.com/profile_images/1459143267673677853/xtIvtfZp_normal.jpg",
            "profile_banner_url": "https://pbs.twimg.com/profile_banners/1367531/1492649996",
            "profile_link_color": "183A52",
            "profile_sidebar_border_color": "FFFFFF",
            "profile_sidebar_fill_color": "F4F4F4",
            "profile_text_color": "000000",
            "profile_use_background_image": true,
            "has_extended_profile": false,
            "default_profile": false,
            "default_profile_image": false,
            "following": true,
            "follow_request_sent": false,
            "notifications": false,
            "translator_type": "regular",
            "withheld_in_countries": [
                
            ]
        },
        "geo": null,
        "coordinates": null,
        "place": null,
        "contributors": null,
        "is_quote_status": false,
        "retweet_count": 17,
        "favorite_count": 52,
        "favorited": false,
        "retweeted": false,
        "possibly_sensitive": false,
        "possibly_sensitive_appealable": false,
        "lang": "en"
    },
    {
        "created_at": "Wed Aug 31 22:15:17 +0000 2022",
        "id": 1565100940436422656,
        "id_str": "1565100940436422656",
        "text": "Watch #Artemis I launch to the Moon! The broadcast will begin Saturday, Sept. 3, at 12:15pm ET (16:15 UTC) on our T… https://t.co/JtWN6IY5fP",
        "truncated": true,
        "entities": {
            "hashtags": [
                {
                    "text": "Artemis",
                    "indices": [
                        6,
                        14
                    ]
                }
            ],
            "symbols": [
                
            ],
            "user_mentions": [
                
            ],
            "urls": [
                {
                    "url": "https://t.co/JtWN6IY5fP",
                    "expanded_url": "https://twitter.com/i/web/status/1565100940436422656",
                    "display_url": "twitter.com/i/web/status/1…",
                    "indices": [
                        117,
                        140
                    ]
                }
            ]
        },
        "source": "<a href=\"https://www.sprinklr.com\" rel=\"nofollow\">Sprinklr</a>",
        "in_reply_to_status_id": null,
        "in_reply_to_status_id_str": null,
        "in_reply_to_user_id": null,
        "in_reply_to_user_id_str": null,
        "in_reply_to_screen_name": null,
        "user": {
            "id": 11348282,
            "id_str": "11348282",
            "name": "NASA",
            "screen_name": "NASA",
            "location": "Pale Blue Dot",
            "description": "There's space for everybody. ✨",
            "url": "https://t.co/9NkQJKAnuU",
            "entities": {
                "url": {
                    "urls": [
                        {
                            "url": "https://t.co/9NkQJKAnuU",
                            "expanded_url": "http://www.nasa.gov/",
                            "display_url": "nasa.gov",
                            "indices": [
                                0,
                                23
                            ]
                        }
                    ]
                },
                "description": {
                    "urls": [
                        
                    ]
                }
            },
            "protected": false,
            "followers_count": 61749511,
            "friends_count": 181,
            "listed_count": 99442,
            "created_at": "Wed Dec 19 20:20:32 +0000 2007",
            "favourites_count": 14175,
            "utc_offset": null,
            "time_zone": null,
            "geo_enabled": false,
            "verified": true,
            "statuses_count": 68511,
            "lang": null,
            "contributors_enabled": false,
            "is_translator": false,
            "is_translation_enabled": false,
            "profile_background_color": "000000",
            "profile_background_image_url": "http://abs.twimg.com/images/themes/theme1/bg.png",
            "profile_background_image_url_https": "https://abs.twimg.com/images/themes/theme1/bg.png",
            "profile_background_tile": false,
            "profile_image_url": "http://pbs.twimg.com/profile_images/1321163587679784960/0ZxKlEKB_normal.jpg",
            "profile_image_url_https": "https://pbs.twimg.com/profile_images/1321163587679784960/0ZxKlEKB_normal.jpg",
            "profile_banner_url": "https://pbs.twimg.com/profile_banners/11348282/1659538659",
            "profile_link_color": "205BA7",
            "profile_sidebar_border_color": "000000",
            "profile_sidebar_fill_color": "F3F2F2",
            "profile_text_color": "000000",
            "profile_use_background_image": true,
            "has_extended_profile": true,
            "default_profile": false,
            "default_profile_image": false,
            "following": true,
            "follow_request_sent": false,
            "notifications": false,
            "translator_type": "regular",
            "withheld_in_countries": [
                
            ]
        },
        "geo": null,
        "coordinates": null,
        "place": null,
        "contributors": null,
        "is_quote_status": false,
        "retweet_count": 270,
        "favorite_count": 1139,
        "favorited": false,
        "retweeted": false,
        "possibly_sensitive": false,
        "possibly_sensitive_appealable": false,
        "lang": "en"
    },
    {
        "created_at": "Wed Aug 31 22:15:05 +0000 2022",
        "id": 1565100890394165248,
        "id_str": "1565100890394165248",
        "text": "Delta Air Lines issues $6B in refunds since 2020 https://t.co/VbYzJvB0nP",
        "truncated": false,
        "entities": {
            "hashtags": [
                
            ],
            "symbols": [
                
            ],
            "user_mentions": [
                
            ],
            "urls": [
                {
                    "url": "https://t.co/VbYzJvB0nP",
                    "expanded_url": "https://fxn.ws/3Tw4gYc",
                    "display_url": "fxn.ws/3Tw4gYc",
                    "indices": [
                        49,
                        72
                    ]
                }
            ]
        },
        "source": "<a href=\"http://www.socialflow.com\" rel=\"nofollow\">SocialFlow</a>",
        "in_reply_to_status_id": null,
        "in_reply_to_status_id_str": null,
        "in_reply_to_user_id": null,
        "in_reply_to_user_id_str": null,
        "in_reply_to_screen_name": null,
        "user": {
            "id": 1367531,
            "id_str": "1367531",
            "name": "Fox News",
            "screen_name": "FoxNews",
            "location": "U.S.A.",
            "description": "Follow America's #1 cable news network, delivering you breaking news, insightful analysis, and must-see videos. https://t.co/sXA1eVB5Gv",
            "url": "https://t.co/s4jEId5Aef",
            "entities": {
                "url": {
                    "urls": [
                        {
                            "url": "https://t.co/s4jEId5Aef",
                            "expanded_url": "http://www.foxnews.com",
                            "display_url": "foxnews.com",
                            "indices": [
                                0,
                                23
                            ]
                        }
                    ]
                },
                "description": {
                    "urls": [
                        {
                            "url": "https://t.co/sXA1eVB5Gv",
                            "expanded_url": "http://foxnews.com/contact",
                            "display_url": "foxnews.com/contact",
                            "indices": [
                                112,
                                135
                            ]
                        }
                    ]
                }
            },
            "protected": false,
            "followers_count": 22305278,
            "friends_count": 261,
            "listed_count": 72680,
            "created_at": "Sat Mar 17 19:01:26 +0000 2007",
            "favourites_count": 4,
            "utc_offset": null,
            "time_zone": null,
            "geo_enabled": true,
            "verified": true,
            "statuses_count": 492198,
            "lang": null,
            "contributors_enabled": false,
            "is_translator": false,
            "is_translation_enabled": true,
            "profile_background_color": "0E2331",
            "profile_background_image_url": "http://abs.twimg.com/images/themes/theme1/bg.png",
            "profile_background_image_url_https": "https://abs.twimg.com/images/themes/theme1/bg.png",
            "profile_background_tile": false,
            "profile_image_url": "http://pbs.twimg.com/profile_images/1459143267673677853/xtIvtfZp_normal.jpg",
            "profile_image_url_https": "https://pbs.twimg.com/profile_images/1459143267673677853/xtIvtfZp_normal.jpg",
            "profile_banner_url": "https://pbs.twimg.com/profile_banners/1367531/1492649996",
            "profile_link_color": "183A52",
            "profile_sidebar_border_color": "FFFFFF",
            "profile_sidebar_fill_color": "F4F4F4",
            "profile_text_color": "000000",
            "profile_use_background_image": true,
            "has_extended_profile": false,
            "default_profile": false,
            "default_profile_image": false,
            "following": true,
            "follow_request_sent": false,
            "notifications": false,
            "translator_type": "regular",
            "withheld_in_countries": [
                
            ]
        },
        "geo": null,
        "coordinates": null,
        "place": null,
        "contributors": null,
        "is_quote_status": false,
        "retweet_count": 21,
        "favorite_count": 46,
        "favorited": false,
        "retweeted": false,
        "possibly_sensitive": false,
        "possibly_sensitive_appealable": false,
        "lang": "en"
    },
    {
        "created_at": "Wed Aug 31 22:10:05 +0000 2022",
        "id": 1565099635504447488,
        "id_str": "1565099635504447488",
        "text": "Lisa Marie Presley says she felt like a 'pariah' after loss of son Benjamin https://t.co/N8y4N9sKHd",
        "truncated": false,
        "entities": {
            "hashtags": [
                
            ],
            "symbols": [
                
            ],
            "user_mentions": [
                
            ],
            "urls": [
                {
                    "url": "https://t.co/N8y4N9sKHd",
                    "expanded_url": "https://fxn.ws/3TxDui4",
                    "display_url": "fxn.ws/3TxDui4",
                    "indices": [
                        76,
                        99
                    ]
                }
            ]
        },
        "source": "<a href=\"http://www.socialflow.com\" rel=\"nofollow\">SocialFlow</a>",
        "in_reply_to_status_id": null,
        "in_reply_to_status_id_str": null,
        "in_reply_to_user_id": null,
        "in_reply_to_user_id_str": null,
        "in_reply_to_screen_name": null,
        "user": {
            "id": 1367531,
            "id_str": "1367531",
            "name": "Fox News",
            "screen_name": "FoxNews",
            "location": "U.S.A.",
            "description": "Follow America's #1 cable news network, delivering you breaking news, insightful analysis, and must-see videos. https://t.co/sXA1eVB5Gv",
            "url": "https://t.co/s4jEId5Aef",
            "entities": {
                "url": {
                    "urls": [
                        {
                            "url": "https://t.co/s4jEId5Aef",
                            "expanded_url": "http://www.foxnews.com",
                            "display_url": "foxnews.com",
                            "indices": [
                                0,
                                23
                            ]
                        }
                    ]
                },
                "description": {
                    "urls": [
                        {
                            "url": "https://t.co/sXA1eVB5Gv",
                            "expanded_url": "http://foxnews.com/contact",
                            "display_url": "foxnews.com/contact",
                            "indices": [
                                112,
                                135
                            ]
                        }
                    ]
                }
            },
            "protected": false,
            "followers_count": 22305278,
            "friends_count": 261,
            "listed_count": 72680,
            "created_at": "Sat Mar 17 19:01:26 +0000 2007",
            "favourites_count": 4,
            "utc_offset": null,
            "time_zone": null,
            "geo_enabled": true,
            "verified": true,
            "statuses_count": 492198,
            "lang": null,
            "contributors_enabled": false,
            "is_translator": false,
            "is_translation_enabled": true,
            "profile_background_color": "0E2331",
            "profile_background_image_url": "http://abs.twimg.com/images/themes/theme1/bg.png",
            "profile_background_image_url_https": "https://abs.twimg.com/images/themes/theme1/bg.png",
            "profile_background_tile": false,
            "profile_image_url": "http://pbs.twimg.com/profile_images/1459143267673677853/xtIvtfZp_normal.jpg",
            "profile_image_url_https": "https://pbs.twimg.com/profile_images/1459143267673677853/xtIvtfZp_normal.jpg",
            "profile_banner_url": "https://pbs.twimg.com/profile_banners/1367531/1492649996",
            "profile_link_color": "183A52",
            "profile_sidebar_border_color": "FFFFFF",
            "profile_sidebar_fill_color": "F4F4F4",
            "profile_text_color": "000000",
            "profile_use_background_image": true,
            "has_extended_profile": false,
            "default_profile": false,
            "default_profile_image": false,
            "following": true,
            "follow_request_sent": false,
            "notifications": false,
            "translator_type": "regular",
            "withheld_in_countries": [
                
            ]
        },
        "geo": null,
        "coordinates": null,
        "place": null,
        "contributors": null,
        "is_quote_status": false,
        "retweet_count": 11,
        "favorite_count": 49,
        "favorited": false,
        "retweeted": false,
        "possibly_sensitive": false,
        "possibly_sensitive_appealable": false,
        "lang": "en"
    },
    {
        "created_at": "Wed Aug 31 22:06:27 +0000 2022",
        "id": 1565098718944264192,
        "id_str": "1565098718944264192",
        "text": "OH, BABY: Canine unit helped border agents make the largest bust in 20 years. https://t.co/paHERjbyTa https://t.co/7m2qdoGi9X",
        "truncated": false,
        "entities": {
            "hashtags": [
                
            ],
            "symbols": [
                
            ],
            "user_mentions": [
                
            ],
            "urls": [
                {
                    "url": "https://t.co/paHERjbyTa",
                    "expanded_url": "https://fxn.ws/3Ro7eMj",
                    "display_url": "fxn.ws/3Ro7eMj",
                    "indices": [
                        78,
                        101
                    ]
                }
            ],
            "media": [
                {
                    "id": 1565098716205383681,
                    "id_str": "1565098716205383681",
                    "indices": [
                        102,
                        125
                    ],
                    "media_url": "http://pbs.twimg.com/media/FbhY_XnXgAE6UTB.jpg",
                    "media_url_https": "https://pbs.twimg.com/media/FbhY_XnXgAE6UTB.jpg",
                    "url": "https://t.co/7m2qdoGi9X",
                    "display_url": "pic.twitter.com/7m2qdoGi9X",
                    "expanded_url": "https://twitter.com/FoxNews/status/1565098718944264192/photo/1",
                    "type": "photo",
                    "sizes": {
                        "thumb": {
                            "w": 150,
                            "h": 150,
                            "resize": "crop"
                        },
                        "small": {
                            "w": 680,
                            "h": 680,
                            "resize": "fit"
                        },
                        "medium": {
                            "w": 1000,
                            "h": 1000,
                            "resize": "fit"
                        },
                        "large": {
                            "w": 1000,
                            "h": 1000,
                            "resize": "fit"
                        }
                    }
                }
            ]
        },
        "extended_entities": {
            "media": [
                {
                    "id": 1565098716205383681,
                    "id_str": "1565098716205383681",
                    "indices": [
                        102,
                        125
                    ],
                    "media_url": "http://pbs.twimg.com/media/FbhY_XnXgAE6UTB.jpg",
                    "media_url_https": "https://pbs.twimg.com/media/FbhY_XnXgAE6UTB.jpg",
                    "url": "https://t.co/7m2qdoGi9X",
                    "display_url": "pic.twitter.com/7m2qdoGi9X",
                    "expanded_url": "https://twitter.com/FoxNews/status/1565098718944264192/photo/1",
                    "type": "photo",
                    "sizes": {
                        "thumb": {
                            "w": 150,
                            "h": 150,
                            "resize": "crop"
                        },
                        "small": {
                            "w": 680,
                            "h": 680,
                            "resize": "fit"
                        },
                        "medium": {
                            "w": 1000,
                            "h": 1000,
                            "resize": "fit"
                        },
                        "large": {
                            "w": 1000,
                            "h": 1000,
                            "resize": "fit"
                        }
                    }
                }
            ]
        },
        "source": "<a href=\"http://www.socialflow.com\" rel=\"nofollow\">SocialFlow</a>",
        "in_reply_to_status_id": null,
        "in_reply_to_status_id_str": null,
        "in_reply_to_user_id": null,
        "in_reply_to_user_id_str": null,
        "in_reply_to_screen_name": null,
        "user": {
            "id": 1367531,
            "id_str": "1367531",
            "name": "Fox News",
            "screen_name": "FoxNews",
            "location": "U.S.A.",
            "description": "Follow America's #1 cable news network, delivering you breaking news, insightful analysis, and must-see videos. https://t.co/sXA1eVB5Gv",
            "url": "https://t.co/s4jEId5Aef",
            "entities": {
                "url": {
                    "urls": [
                        {
                            "url": "https://t.co/s4jEId5Aef",
                            "expanded_url": "http://www.foxnews.com",
                            "display_url": "foxnews.com",
                            "indices": [
                                0,
                                23
                            ]
                        }
                    ]
                },
                "description": {
                    "urls": [
                        {
                            "url": "https://t.co/sXA1eVB5Gv",
                            "expanded_url": "http://foxnews.com/contact",
                            "display_url": "foxnews.com/contact",
                            "indices": [
                                112,
                                135
                            ]
                        }
                    ]
                }
            },
            "protected": false,
            "followers_count": 22305278,
            "friends_count": 261,
            "listed_count": 72680,
            "created_at": "Sat Mar 17 19:01:26 +0000 2007",
            "favourites_count": 4,
            "utc_offset": null,
            "time_zone": null,
            "geo_enabled": true,
            "verified": true,
            "statuses_count": 492198,
            "lang": null,
            "contributors_enabled": false,
            "is_translator": false,
            "is_translation_enabled": true,
            "profile_background_color": "0E2331",
            "profile_background_image_url": "http://abs.twimg.com/images/themes/theme1/bg.png",
            "profile_background_image_url_https": "https://abs.twimg.com/images/themes/theme1/bg.png",
            "profile_background_tile": false,
            "profile_image_url": "http://pbs.twimg.com/profile_images/1459143267673677853/xtIvtfZp_normal.jpg",
            "profile_image_url_https": "https://pbs.twimg.com/profile_images/1459143267673677853/xtIvtfZp_normal.jpg",
            "profile_banner_url": "https://pbs.twimg.com/profile_banners/1367531/1492649996",
            "profile_link_color": "183A52",
            "profile_sidebar_border_color": "FFFFFF",
            "profile_sidebar_fill_color": "F4F4F4",
            "profile_text_color": "000000",
            "profile_use_background_image": true,
            "has_extended_profile": false,
            "default_profile": false,
            "default_profile_image": false,
            "following": true,
            "follow_request_sent": false,
            "notifications": false,
            "translator_type": "regular",
            "withheld_in_countries": [
                
            ]
        },
        "geo": null,
        "coordinates": null,
        "place": null,
        "contributors": null,
        "is_quote_status": false,
        "retweet_count": 126,
        "favorite_count": 464,
        "favorited": false,
        "retweeted": false,
        "possibly_sensitive": false,
        "possibly_sensitive_appealable": false,
        "lang": "en"
    },
    {
        "created_at": "Wed Aug 31 22:05:07 +0000 2022",
        "id": 1565098382842109952,
        "id_str": "1565098382842109952",
        "text": "Wisconsin elections agency seeks $1.3 million in order to increase confidence in election results https://t.co/GkFs42mbN8",
        "truncated": false,
        "entities": {
            "hashtags": [
                
            ],
            "symbols": [
                
            ],
            "user_mentions": [
                
            ],
            "urls": [
                {
                    "url": "https://t.co/GkFs42mbN8",
                    "expanded_url": "https://fxn.ws/3AAnq6o",
                    "display_url": "fxn.ws/3AAnq6o",
                    "indices": [
                        98,
                        121
                    ]
                }
            ]
        },
        "source": "<a href=\"http://www.socialflow.com\" rel=\"nofollow\">SocialFlow</a>",
        "in_reply_to_status_id": null,
        "in_reply_to_status_id_str": null,
        "in_reply_to_user_id": null,
        "in_reply_to_user_id_str": null,
        "in_reply_to_screen_name": null,
        "user": {
            "id": 1367531,
            "id_str": "1367531",
            "name": "Fox News",
            "screen_name": "FoxNews",
            "location": "U.S.A.",
            "description": "Follow America's #1 cable news network, delivering you breaking news, insightful analysis, and must-see videos. https://t.co/sXA1eVB5Gv",
            "url": "https://t.co/s4jEId5Aef",
            "entities": {
                "url": {
                    "urls": [
                        {
                            "url": "https://t.co/s4jEId5Aef",
                            "expanded_url": "http://www.foxnews.com",
                            "display_url": "foxnews.com",
                            "indices": [
                                0,
                                23
                            ]
                        }
                    ]
                },
                "description": {
                    "urls": [
                        {
                            "url": "https://t.co/sXA1eVB5Gv",
                            "expanded_url": "http://foxnews.com/contact",
                            "display_url": "foxnews.com/contact",
                            "indices": [
                                112,
                                135
                            ]
                        }
                    ]
                }
            },
            "protected": false,
            "followers_count": 22305278,
            "friends_count": 261,
            "listed_count": 72680,
            "created_at": "Sat Mar 17 19:01:26 +0000 2007",
            "favourites_count": 4,
            "utc_offset": null,
            "time_zone": null,
            "geo_enabled": true,
            "verified": true,
            "statuses_count": 492198,
            "lang": null,
            "contributors_enabled": false,
            "is_translator": false,
            "is_translation_enabled": true,
            "profile_background_color": "0E2331",
            "profile_background_image_url": "http://abs.twimg.com/images/themes/theme1/bg.png",
            "profile_background_image_url_https": "https://abs.twimg.com/images/themes/theme1/bg.png",
            "profile_background_tile": false,
            "profile_image_url": "http://pbs.twimg.com/profile_images/1459143267673677853/xtIvtfZp_normal.jpg",
            "profile_image_url_https": "https://pbs.twimg.com/profile_images/1459143267673677853/xtIvtfZp_normal.jpg",
            "profile_banner_url": "https://pbs.twimg.com/profile_banners/1367531/1492649996",
            "profile_link_color": "183A52",
            "profile_sidebar_border_color": "FFFFFF",
            "profile_sidebar_fill_color": "F4F4F4",
            "profile_text_color": "000000",
            "profile_use_background_image": true,
            "has_extended_profile": false,
            "default_profile": false,
            "default_profile_image": false,
            "following": true,
            "follow_request_sent": false,
            "notifications": false,
            "translator_type": "regular",
            "withheld_in_countries": [
                
            ]
        },
        "geo": null,
        "coordinates": null,
        "place": null,
        "contributors": null,
        "is_quote_status": false,
        "retweet_count": 16,
        "favorite_count": 55,
        "favorited": false,
        "retweeted": false,
        "possibly_sensitive": false,
        "possibly_sensitive_appealable": false,
        "lang": "en"
    },
    {
        "created_at": "Wed Aug 31 22:04:51 +0000 2022",
        "id": 1565098318132350976,
        "id_str": "1565098318132350976",
        "text": "Claims of torture against Uyghurs in China are credible, says UN in long-awaited report that China tried to stop be… https://t.co/9RdZGCCL5h",
        "truncated": true,
        "entities": {
            "hashtags": [
                
            ],
            "symbols": [
                
            ],
            "user_mentions": [
                
            ],
            "urls": [
                {
                    "url": "https://t.co/9RdZGCCL5h",
                    "expanded_url": "https://twitter.com/i/web/status/1565098318132350976",
                    "display_url": "twitter.com/i/web/status/1…",
                    "indices": [
                        117,
                        140
                    ]
                }
            ]
        },
        "source": "<a href=\"http://www.socialflow.com\" rel=\"nofollow\">SocialFlow</a>",
        "in_reply_to_status_id": null,
        "in_reply_to_status_id_str": null,
        "in_reply_to_user_id": null,
        "in_reply_to_user_id_str": null,
        "in_reply_to_screen_name": null,
        "user": {
            "id": 5402612,
            "id_str": "5402612",
            "name": "BBC Breaking News",
            "screen_name": "BBCBreaking",
            "location": "London, UK",
            "description": "Breaking news alerts and updates from the BBC. For news, features, analysis follow @BBCWorld (international) or @BBCNews (UK). Latest sport news @BBCSport.",
            "url": "https://t.co/A7Clxaz0fX",
            "entities": {
                "url": {
                    "urls": [
                        {
                            "url": "https://t.co/A7Clxaz0fX",
                            "expanded_url": "http://www.bbc.co.uk/news",
                            "display_url": "bbc.co.uk/news",
                            "indices": [
                                0,
                                23
                            ]
                        }
                    ]
                },
                "description": {
                    "urls": [
                        
                    ]
                }
            },
            "protected": false,
            "followers_count": 50900494,
            "friends_count": 3,
            "listed_count": 148060,
            "created_at": "Sun Apr 22 14:42:37 +0000 2007",
            "favourites_count": 0,
            "utc_offset": null,
            "time_zone": null,
            "geo_enabled": false,
            "verified": true,
            "statuses_count": 38229,
            "lang": null,
            "contributors_enabled": false,
            "is_translator": false,
            "is_translation_enabled": true,
            "profile_background_color": "FFFFFF",
            "profile_background_image_url": "http://abs.twimg.com/images/themes/theme1/bg.png",
            "profile_background_image_url_https": "https://abs.twimg.com/images/themes/theme1/bg.png",
            "profile_background_tile": false,
            "profile_image_url": "http://pbs.twimg.com/profile_images/1150716997254209536/M7gkjsv5_normal.jpg",
            "profile_image_url_https": "https://pbs.twimg.com/profile_images/1150716997254209536/M7gkjsv5_normal.jpg",
            "profile_banner_url": "https://pbs.twimg.com/profile_banners/5402612/1653400708",
            "profile_link_color": "1F527B",
            "profile_sidebar_border_color": "FFFFFF",
            "profile_sidebar_fill_color": "FFFFFF",
            "profile_text_color": "5A5A5A",
            "profile_use_background_image": true,
            "has_extended_profile": false,
            "default_profile": false,
            "default_profile_image": false,
            "following": true,
            "follow_request_sent": false,
            "notifications": false,
            "translator_type": "none",
            "withheld_in_countries": [
                
            ]
        },
        "geo": null,
        "coordinates": null,
        "place": null,
        "contributors": null,
        "is_quote_status": false,
        "retweet_count": 373,
        "favorite_count": 742,
        "favorited": false,
        "retweeted": false,
        "possibly_sensitive": false,
        "possibly_sensitive_appealable": false,
        "lang": "en"
    },
    {
        "created_at": "Wed Aug 31 22:00:25 +0000 2022",
        "id": 1565097200606232576,
        "id_str": "1565097200606232576",
        "text": "Billionaire oil refinery owner reveals 'simple' solution to lower inflation https://t.co/8dO5it4KJ8",
        "truncated": false,
        "entities": {
            "hashtags": [
                
            ],
            "symbols": [
                
            ],
            "user_mentions": [
                
            ],
            "urls": [
                {
                    "url": "https://t.co/8dO5it4KJ8",
                    "expanded_url": "https://fxn.ws/3ecNCfJ",
                    "display_url": "fxn.ws/3ecNCfJ",
                    "indices": [
                        76,
                        99
                    ]
                }
            ]
        },
        "source": "<a href=\"http://www.socialflow.com\" rel=\"nofollow\">SocialFlow</a>",
        "in_reply_to_status_id": null,
        "in_reply_to_status_id_str": null,
        "in_reply_to_user_id": null,
        "in_reply_to_user_id_str": null,
        "in_reply_to_screen_name": null,
        "user": {
            "id": 1367531,
            "id_str": "1367531",
            "name": "Fox News",
            "screen_name": "FoxNews",
            "location": "U.S.A.",
            "description": "Follow America's #1 cable news network, delivering you breaking news, insightful analysis, and must-see videos. https://t.co/sXA1eVB5Gv",
            "url": "https://t.co/s4jEId5Aef",
            "entities": {
                "url": {
                    "urls": [
                        {
                            "url": "https://t.co/s4jEId5Aef",
                            "expanded_url": "http://www.foxnews.com",
                            "display_url": "foxnews.com",
                            "indices": [
                                0,
                                23
                            ]
                        }
                    ]
                },
                "description": {
                    "urls": [
                        {
                            "url": "https://t.co/sXA1eVB5Gv",
                            "expanded_url": "http://foxnews.com/contact",
                            "display_url": "foxnews.com/contact",
                            "indices": [
                                112,
                                135
                            ]
                        }
                    ]
                }
            },
            "protected": false,
            "followers_count": 22305278,
            "friends_count": 261,
            "listed_count": 72680,
            "created_at": "Sat Mar 17 19:01:26 +0000 2007",
            "favourites_count": 4,
            "utc_offset": null,
            "time_zone": null,
            "geo_enabled": true,
            "verified": true,
            "statuses_count": 492198,
            "lang": null,
            "contributors_enabled": false,
            "is_translator": false,
            "is_translation_enabled": true,
            "profile_background_color": "0E2331",
            "profile_background_image_url": "http://abs.twimg.com/images/themes/theme1/bg.png",
            "profile_background_image_url_https": "https://abs.twimg.com/images/themes/theme1/bg.png",
            "profile_background_tile": false,
            "profile_image_url": "http://pbs.twimg.com/profile_images/1459143267673677853/xtIvtfZp_normal.jpg",
            "profile_image_url_https": "https://pbs.twimg.com/profile_images/1459143267673677853/xtIvtfZp_normal.jpg",
            "profile_banner_url": "https://pbs.twimg.com/profile_banners/1367531/1492649996",
            "profile_link_color": "183A52",
            "profile_sidebar_border_color": "FFFFFF",
            "profile_sidebar_fill_color": "F4F4F4",
            "profile_text_color": "000000",
            "profile_use_background_image": true,
            "has_extended_profile": false,
            "default_profile": false,
            "default_profile_image": false,
            "following": true,
            "follow_request_sent": false,
            "notifications": false,
            "translator_type": "regular",
            "withheld_in_countries": [
                
            ]
        },
        "geo": null,
        "coordinates": null,
        "place": null,
        "contributors": null,
        "is_quote_status": false,
        "retweet_count": 27,
        "favorite_count": 85,
        "favorited": false,
        "retweeted": false,
        "possibly_sensitive": false,
        "possibly_sensitive_appealable": false,
        "lang": "en"
    }
]
]]></system-out>
  </testcase>
  <testcase name="verifyCreateTweet" classname="twitterAPITest.TweetTest" time="0">
    <failure message="1 expectation failed.&#10;Expected status code &lt;200&gt; but was &lt;403&gt;.&#10;" type="java.lang.AssertionError"><![CDATA[java.lang.AssertionError: 
1 expectation failed.
Expected status code <200> but was <403>.

	at twitterAPITest.TweetTest.verifyCreateTweet(TweetTest.java:75)
]]></failure>
  </testcase>
  <testcase name="verifyDeleteTweet" classname="twitterAPITest.TweetTest" time="0.164">
    <system-out><![CDATA[{
    "errors": [
        {
            "code": 144,
            "message": "No status found with that ID."
        }
    ]
}
]]></system-out>
  </testcase>
  <testcase name="verifyHeaderValue" classname="twitterAPITest.TweetTest" time="0.313">
    <system-out><![CDATA[application/json;charset=utf-8
]]></system-out>
  </testcase>
  <testcase name="verifyHeaderValue1" classname="twitterAPITest.TweetTest" time="0.269">
    <system-out><![CDATA[date=Wed, 31 Aug 2022 22:49:13 GMT
pragma=no-cache
server=tsa_b
status=200 OK
expires=Tue, 31 Mar 1981 05:00:00 GMT
set-cookie=guest_id_marketing=v1%3A166198615365179898; Max-Age=63072000; Expires=Fri, 30 Aug 2024 22:49:13 GMT; Path=/; Domain=.twitter.com; Secure; SameSite=None
set-cookie=guest_id_ads=v1%3A166198615365179898; Max-Age=63072000; Expires=Fri, 30 Aug 2024 22:49:13 GMT; Path=/; Domain=.twitter.com; Secure; SameSite=None
set-cookie=personalization_id="v1_hUNMjMctI5fouf5n5uRwFg=="; Max-Age=63072000; Expires=Fri, 30 Aug 2024 22:49:13 GMT; Path=/; Domain=.twitter.com; Secure; SameSite=None
set-cookie=lang=en; Path=/
set-cookie=guest_id=v1%3A166198615365179898; Max-Age=63072000; Expires=Fri, 30 Aug 2024 22:49:13 GMT; Path=/; Domain=.twitter.com; Secure; SameSite=None
content-type=application/json;charset=utf-8
cache-control=no-cache, no-store, must-revalidate, pre-check=0, post-check=0
last-modified=Wed, 31 Aug 2022 22:49:13 GMT
x-transaction=2e03aa2fc406a5fe
content-length=5311
x-access-level=read-write-directmessages
x-frame-options=SAMEORIGIN
content-encoding=gzip
x-xss-protection=0
x-rate-limit-limit=15
x-rate-limit-reset=1661986990
content-disposition=attachment; filename=json.json
x-content-type-options=nosniff
x-rate-limit-remaining=4
x-twitter-response-tags=BouncerCompliant
strict-transport-security=max-age=631138519
x-response-time=81
x-connection-hash=6b22be441786cd61115157894fcaf6755a17f87a91e8b37a26fec490a4044cce
]]></system-out>
  </testcase>
  <testcase name="verifyResponseTime" classname="twitterAPITest.TweetTest" time="0.264"/>
  <testcase name="verifyUserCanNotCreateSameTweetTwiceInARow" classname="twitterAPITest.TweetTest" time="0.189">
    <system-out><![CDATA[{
    "errors": [
        {
            "code": 187,
            "message": "Status is a duplicate."
        }
    ]
}
]]></system-out>
  </testcase>
  <testcase name="testCreatePost" classname="typicodeTest.TestTypiCode" time="0.368">
    <system-out><![CDATA[{
    "userId": 11,
    "id": 101,
    "title": "QA Engineer",
    "body": "Test body"
}
]]></system-out>
  </testcase>
  <testcase name="testGetAllPosts" classname="typicodeTest.TestTypiCode" time="0.155">
    <system-out><![CDATA[[
    {
        "userId": 1,
        "id": 1,
        "title": "sunt aut facere repellat provident occaecati excepturi optio reprehenderit",
        "body": "quia et suscipit\nsuscipit recusandae consequuntur expedita et cum\nreprehenderit molestiae ut ut quas totam\nnostrum rerum est autem sunt rem eveniet architecto"
    },
    {
        "userId": 1,
        "id": 2,
        "title": "qui est esse",
        "body": "est rerum tempore vitae\nsequi sint nihil reprehenderit dolor beatae ea dolores neque\nfugiat blanditiis voluptate porro vel nihil molestiae ut reiciendis\nqui aperiam non debitis possimus qui neque nisi nulla"
    },
    {
        "userId": 1,
        "id": 3,
        "title": "ea molestias quasi exercitationem repellat qui ipsa sit aut",
        "body": "et iusto sed quo iure\nvoluptatem occaecati omnis eligendi aut ad\nvoluptatem doloribus vel accusantium quis pariatur\nmolestiae porro eius odio et labore et velit aut"
    },
    {
        "userId": 1,
        "id": 4,
        "title": "eum et est occaecati",
        "body": "ullam et saepe reiciendis voluptatem adipisci\nsit amet autem assumenda provident rerum culpa\nquis hic commodi nesciunt rem tenetur doloremque ipsam iure\nquis sunt voluptatem rerum illo velit"
    },
    {
        "userId": 1,
        "id": 5,
        "title": "nesciunt quas odio",
        "body": "repudiandae veniam quaerat sunt sed\nalias aut fugiat sit autem sed est\nvoluptatem omnis possimus esse voluptatibus quis\nest aut tenetur dolor neque"
    },
    {
        "userId": 1,
        "id": 6,
        "title": "dolorem eum magni eos aperiam quia",
        "body": "ut aspernatur corporis harum nihil quis provident sequi\nmollitia nobis aliquid molestiae\nperspiciatis et ea nemo ab reprehenderit accusantium quas\nvoluptate dolores velit et doloremque molestiae"
    },
    {
        "userId": 1,
        "id": 7,
        "title": "magnam facilis autem",
        "body": "dolore placeat quibusdam ea quo vitae\nmagni quis enim qui quis quo nemo aut saepe\nquidem repellat excepturi ut quia\nsunt ut sequi eos ea sed quas"
    },
    {
        "userId": 1,
        "id": 8,
        "title": "dolorem dolore est ipsam",
        "body": "dignissimos aperiam dolorem qui eum\nfacilis quibusdam animi sint suscipit qui sint possimus cum\nquaerat magni maiores excepturi\nipsam ut commodi dolor voluptatum modi aut vitae"
    },
    {
        "userId": 1,
        "id": 9,
        "title": "nesciunt iure omnis dolorem tempora et accusantium",
        "body": "consectetur animi nesciunt iure dolore\nenim quia ad\nveniam autem ut quam aut nobis\net est aut quod aut provident voluptas autem voluptas"
    },
    {
        "userId": 1,
        "id": 10,
        "title": "optio molestias id quia eum",
        "body": "quo et expedita modi cum officia vel magni\ndoloribus qui repudiandae\nvero nisi sit\nquos veniam quod sed accusamus veritatis error"
    },
    {
        "userId": 2,
        "id": 11,
        "title": "et ea vero quia laudantium autem",
        "body": "delectus reiciendis molestiae occaecati non minima eveniet qui voluptatibus\naccusamus in eum beatae sit\nvel qui neque voluptates ut commodi qui incidunt\nut animi commodi"
    },
    {
        "userId": 2,
        "id": 12,
        "title": "in quibusdam tempore odit est dolorem",
        "body": "itaque id aut magnam\npraesentium quia et ea odit et ea voluptas et\nsapiente quia nihil amet occaecati quia id voluptatem\nincidunt ea est distinctio odio"
    },
    {
        "userId": 2,
        "id": 13,
        "title": "dolorum ut in voluptas mollitia et saepe quo animi",
        "body": "aut dicta possimus sint mollitia voluptas commodi quo doloremque\niste corrupti reiciendis voluptatem eius rerum\nsit cumque quod eligendi laborum minima\nperferendis recusandae assumenda consectetur porro architecto ipsum ipsam"
    },
    {
        "userId": 2,
        "id": 14,
        "title": "voluptatem eligendi optio",
        "body": "fuga et accusamus dolorum perferendis illo voluptas\nnon doloremque neque facere\nad qui dolorum molestiae beatae\nsed aut voluptas totam sit illum"
    },
    {
        "userId": 2,
        "id": 15,
        "title": "eveniet quod temporibus",
        "body": "reprehenderit quos placeat\nvelit minima officia dolores impedit repudiandae molestiae nam\nvoluptas recusandae quis delectus\nofficiis harum fugiat vitae"
    },
    {
        "userId": 2,
        "id": 16,
        "title": "sint suscipit perspiciatis velit dolorum rerum ipsa laboriosam odio",
        "body": "suscipit nam nisi quo aperiam aut\nasperiores eos fugit maiores voluptatibus quia\nvoluptatem quis ullam qui in alias quia est\nconsequatur magni mollitia accusamus ea nisi voluptate dicta"
    },
    {
        "userId": 2,
        "id": 17,
        "title": "fugit voluptas sed molestias voluptatem provident",
        "body": "eos voluptas et aut odit natus earum\naspernatur fuga molestiae ullam\ndeserunt ratione qui eos\nqui nihil ratione nemo velit ut aut id quo"
    },
    {
        "userId": 2,
        "id": 18,
        "title": "voluptate et itaque vero tempora molestiae",
        "body": "eveniet quo quis\nlaborum totam consequatur non dolor\nut et est repudiandae\nest voluptatem vel debitis et magnam"
    },
    {
        "userId": 2,
        "id": 19,
        "title": "adipisci placeat illum aut reiciendis qui",
        "body": "illum quis cupiditate provident sit magnam\nea sed aut omnis\nveniam maiores ullam consequatur atque\nadipisci quo iste expedita sit quos voluptas"
    },
    {
        "userId": 2,
        "id": 20,
        "title": "doloribus ad provident suscipit at",
        "body": "qui consequuntur ducimus possimus quisquam amet similique\nsuscipit porro ipsam amet\neos veritatis officiis exercitationem vel fugit aut necessitatibus totam\nomnis rerum consequatur expedita quidem cumque explicabo"
    },
    {
        "userId": 3,
        "id": 21,
        "title": "asperiores ea ipsam voluptatibus modi minima quia sint",
        "body": "repellat aliquid praesentium dolorem quo\nsed totam minus non itaque\nnihil labore molestiae sunt dolor eveniet hic recusandae veniam\ntempora et tenetur expedita sunt"
    },
    {
        "userId": 3,
        "id": 22,
        "title": "dolor sint quo a velit explicabo quia nam",
        "body": "eos qui et ipsum ipsam suscipit aut\nsed omnis non odio\nexpedita earum mollitia molestiae aut atque rem suscipit\nnam impedit esse"
    },
    {
        "userId": 3,
        "id": 23,
        "title": "maxime id vitae nihil numquam",
        "body": "veritatis unde neque eligendi\nquae quod architecto quo neque vitae\nest illo sit tempora doloremque fugit quod\net et vel beatae sequi ullam sed tenetur perspiciatis"
    },
    {
        "userId": 3,
        "id": 24,
        "title": "autem hic labore sunt dolores incidunt",
        "body": "enim et ex nulla\nomnis voluptas quia qui\nvoluptatem consequatur numquam aliquam sunt\ntotam recusandae id dignissimos aut sed asperiores deserunt"
    },
    {
        "userId": 3,
        "id": 25,
        "title": "rem alias distinctio quo quis",
        "body": "ullam consequatur ut\nomnis quis sit vel consequuntur\nipsa eligendi ipsum molestiae et omnis error nostrum\nmolestiae illo tempore quia et distinctio"
    },
    {
        "userId": 3,
        "id": 26,
        "title": "est et quae odit qui non",
        "body": "similique esse doloribus nihil accusamus\nomnis dolorem fuga consequuntur reprehenderit fugit recusandae temporibus\nperspiciatis cum ut laudantium\nomnis aut molestiae vel vero"
    },
    {
        "userId": 3,
        "id": 27,
        "title": "quasi id et eos tenetur aut quo autem",
        "body": "eum sed dolores ipsam sint possimus debitis occaecati\ndebitis qui qui et\nut placeat enim earum aut odit facilis\nconsequatur suscipit necessitatibus rerum sed inventore temporibus consequatur"
    },
    {
        "userId": 3,
        "id": 28,
        "title": "delectus ullam et corporis nulla voluptas sequi",
        "body": "non et quaerat ex quae ad maiores\nmaiores recusandae totam aut blanditiis mollitia quas illo\nut voluptatibus voluptatem\nsimilique nostrum eum"
    },
    {
        "userId": 3,
        "id": 29,
        "title": "iusto eius quod necessitatibus culpa ea",
        "body": "odit magnam ut saepe sed non qui\ntempora atque nihil\naccusamus illum doloribus illo dolor\neligendi repudiandae odit magni similique sed cum maiores"
    },
    {
        "userId": 3,
        "id": 30,
        "title": "a quo magni similique perferendis",
        "body": "alias dolor cumque\nimpedit blanditiis non eveniet odio maxime\nblanditiis amet eius quis tempora quia autem rem\na provident perspiciatis quia"
    },
    {
        "userId": 4,
        "id": 31,
        "title": "ullam ut quidem id aut vel consequuntur",
        "body": "debitis eius sed quibusdam non quis consectetur vitae\nimpedit ut qui consequatur sed aut in\nquidem sit nostrum et maiores adipisci atque\nquaerat voluptatem adipisci repudiandae"
    },
    {
        "userId": 4,
        "id": 32,
        "title": "doloremque illum aliquid sunt",
        "body": "deserunt eos nobis asperiores et hic\nest debitis repellat molestiae optio\nnihil ratione ut eos beatae quibusdam distinctio maiores\nearum voluptates et aut adipisci ea maiores voluptas maxime"
    },
    {
        "userId": 4,
        "id": 33,
        "title": "qui explicabo molestiae dolorem",
        "body": "rerum ut et numquam laborum odit est sit\nid qui sint in\nquasi tenetur tempore aperiam et quaerat qui in\nrerum officiis sequi cumque quod"
    },
    {
        "userId": 4,
        "id": 34,
        "title": "magnam ut rerum iure",
        "body": "ea velit perferendis earum ut voluptatem voluptate itaque iusto\ntotam pariatur in\nnemo voluptatem voluptatem autem magni tempora minima in\nest distinctio qui assumenda accusamus dignissimos officia nesciunt nobis"
    },
    {
        "userId": 4,
        "id": 35,
        "title": "id nihil consequatur molestias animi provident",
        "body": "nisi error delectus possimus ut eligendi vitae\nplaceat eos harum cupiditate facilis reprehenderit voluptatem beatae\nmodi ducimus quo illum voluptas eligendi\net nobis quia fugit"
    },
    {
        "userId": 4,
        "id": 36,
        "title": "fuga nam accusamus voluptas reiciendis itaque",
        "body": "ad mollitia et omnis minus architecto odit\nvoluptas doloremque maxime aut non ipsa qui alias veniam\nblanditiis culpa aut quia nihil cumque facere et occaecati\nqui aspernatur quia eaque ut aperiam inventore"
    },
    {
        "userId": 4,
        "id": 37,
        "title": "provident vel ut sit ratione est",
        "body": "debitis et eaque non officia sed nesciunt pariatur vel\nvoluptatem iste vero et ea\nnumquam aut expedita ipsum nulla in\nvoluptates omnis consequatur aut enim officiis in quam qui"
    },
    {
        "userId": 4,
        "id": 38,
        "title": "explicabo et eos deleniti nostrum ab id repellendus",
        "body": "animi esse sit aut sit nesciunt assumenda eum voluptas\nquia voluptatibus provident quia necessitatibus ea\nrerum repudiandae quia voluptatem delectus fugit aut id quia\nratione optio eos iusto veniam iure"
    },
    {
        "userId": 4,
        "id": 39,
        "title": "eos dolorem iste accusantium est eaque quam",
        "body": "corporis rerum ducimus vel eum accusantium\nmaxime aspernatur a porro possimus iste omnis\nest in deleniti asperiores fuga aut\nvoluptas sapiente vel dolore minus voluptatem incidunt ex"
    },
    {
        "userId": 4,
        "id": 40,
        "title": "enim quo cumque",
        "body": "ut voluptatum aliquid illo tenetur nemo sequi quo facilis\nipsum rem optio mollitia quas\nvoluptatem eum voluptas qui\nunde omnis voluptatem iure quasi maxime voluptas nam"
    },
    {
        "userId": 5,
        "id": 41,
        "title": "non est facere",
        "body": "molestias id nostrum\nexcepturi molestiae dolore omnis repellendus quaerat saepe\nconsectetur iste quaerat tenetur asperiores accusamus ex ut\nnam quidem est ducimus sunt debitis saepe"
    },
    {
        "userId": 5,
        "id": 42,
        "title": "commodi ullam sint et excepturi error explicabo praesentium voluptas",
        "body": "odio fugit voluptatum ducimus earum autem est incidunt voluptatem\nodit reiciendis aliquam sunt sequi nulla dolorem\nnon facere repellendus voluptates quia\nratione harum vitae ut"
    },
    {
        "userId": 5,
        "id": 43,
        "title": "eligendi iste nostrum consequuntur adipisci praesentium sit beatae perferendis",
        "body": "similique fugit est\nillum et dolorum harum et voluptate eaque quidem\nexercitationem quos nam commodi possimus cum odio nihil nulla\ndolorum exercitationem magnam ex et a et distinctio debitis"
    },
    {
        "userId": 5,
        "id": 44,
        "title": "optio dolor molestias sit",
        "body": "temporibus est consectetur dolore\net libero debitis vel velit laboriosam quia\nipsum quibusdam qui itaque fuga rem aut\nea et iure quam sed maxime ut distinctio quae"
    },
    {
        "userId": 5,
        "id": 45,
        "title": "ut numquam possimus omnis eius suscipit laudantium iure",
        "body": "est natus reiciendis nihil possimus aut provident\nex et dolor\nrepellat pariatur est\nnobis rerum repellendus dolorem autem"
    },
    {
        "userId": 5,
        "id": 46,
        "title": "aut quo modi neque nostrum ducimus",
        "body": "voluptatem quisquam iste\nvoluptatibus natus officiis facilis dolorem\nquis quas ipsam\nvel et voluptatum in aliquid"
    },
    {
        "userId": 5,
        "id": 47,
        "title": "quibusdam cumque rem aut deserunt",
        "body": "voluptatem assumenda ut qui ut cupiditate aut impedit veniam\noccaecati nemo illum voluptatem laudantium\nmolestiae beatae rerum ea iure soluta nostrum\neligendi et voluptate"
    },
    {
        "userId": 5,
        "id": 48,
        "title": "ut voluptatem illum ea doloribus itaque eos",
        "body": "voluptates quo voluptatem facilis iure occaecati\nvel assumenda rerum officia et\nillum perspiciatis ab deleniti\nlaudantium repellat ad ut et autem reprehenderit"
    },
    {
        "userId": 5,
        "id": 49,
        "title": "laborum non sunt aut ut assumenda perspiciatis voluptas",
        "body": "inventore ab sint\nnatus fugit id nulla sequi architecto nihil quaerat\neos tenetur in in eum veritatis non\nquibusdam officiis aspernatur cumque aut commodi aut"
    },
    {
        "userId": 5,
        "id": 50,
        "title": "repellendus qui recusandae incidunt voluptates tenetur qui omnis exercitationem",
        "body": "error suscipit maxime adipisci consequuntur recusandae\nvoluptas eligendi et est et voluptates\nquia distinctio ab amet quaerat molestiae et vitae\nadipisci impedit sequi nesciunt quis consectetur"
    },
    {
        "userId": 6,
        "id": 51,
        "title": "soluta aliquam aperiam consequatur illo quis voluptas",
        "body": "sunt dolores aut doloribus\ndolore doloribus voluptates tempora et\ndoloremque et quo\ncum asperiores sit consectetur dolorem"
    },
    {
        "userId": 6,
        "id": 52,
        "title": "qui enim et consequuntur quia animi quis voluptate quibusdam",
        "body": "iusto est quibusdam fuga quas quaerat molestias\na enim ut sit accusamus enim\ntemporibus iusto accusantium provident architecto\nsoluta esse reprehenderit qui laborum"
    },
    {
        "userId": 6,
        "id": 53,
        "title": "ut quo aut ducimus alias",
        "body": "minima harum praesentium eum rerum illo dolore\nquasi exercitationem rerum nam\nporro quis neque quo\nconsequatur minus dolor quidem veritatis sunt non explicabo similique"
    },
    {
        "userId": 6,
        "id": 54,
        "title": "sit asperiores ipsam eveniet odio non quia",
        "body": "totam corporis dignissimos\nvitae dolorem ut occaecati accusamus\nex velit deserunt\net exercitationem vero incidunt corrupti mollitia"
    },
    {
        "userId": 6,
        "id": 55,
        "title": "sit vel voluptatem et non libero",
        "body": "debitis excepturi ea perferendis harum libero optio\neos accusamus cum fuga ut sapiente repudiandae\net ut incidunt omnis molestiae\nnihil ut eum odit"
    },
    {
        "userId": 6,
        "id": 56,
        "title": "qui et at rerum necessitatibus",
        "body": "aut est omnis dolores\nneque rerum quod ea rerum velit pariatur beatae excepturi\net provident voluptas corrupti\ncorporis harum reprehenderit dolores eligendi"
    },
    {
        "userId": 6,
        "id": 57,
        "title": "sed ab est est",
        "body": "at pariatur consequuntur earum quidem\nquo est laudantium soluta voluptatem\nqui ullam et est\net cum voluptas voluptatum repellat est"
    },
    {
        "userId": 6,
        "id": 58,
        "title": "voluptatum itaque dolores nisi et quasi",
        "body": "veniam voluptatum quae adipisci id\net id quia eos ad et dolorem\naliquam quo nisi sunt eos impedit error\nad similique veniam"
    },
    {
        "userId": 6,
        "id": 59,
        "title": "qui commodi dolor at maiores et quis id accusantium",
        "body": "perspiciatis et quam ea autem temporibus non voluptatibus qui\nbeatae a earum officia nesciunt dolores suscipit voluptas et\nanimi doloribus cum rerum quas et magni\net hic ut ut commodi expedita sunt"
    },
    {
        "userId": 6,
        "id": 60,
        "title": "consequatur placeat omnis quisquam quia reprehenderit fugit veritatis facere",
        "body": "asperiores sunt ab assumenda cumque modi velit\nqui esse omnis\nvoluptate et fuga perferendis voluptas\nillo ratione amet aut et omnis"
    },
    {
        "userId": 7,
        "id": 61,
        "title": "voluptatem doloribus consectetur est ut ducimus",
        "body": "ab nemo optio odio\ndelectus tenetur corporis similique nobis repellendus rerum omnis facilis\nvero blanditiis debitis in nesciunt doloribus dicta dolores\nmagnam minus velit"
    },
    {
        "userId": 7,
        "id": 62,
        "title": "beatae enim quia vel",
        "body": "enim aspernatur illo distinctio quae praesentium\nbeatae alias amet delectus qui voluptate distinctio\nodit sint accusantium autem omnis\nquo molestiae omnis ea eveniet optio"
    },
    {
        "userId": 7,
        "id": 63,
        "title": "voluptas blanditiis repellendus animi ducimus error sapiente et suscipit",
        "body": "enim adipisci aspernatur nemo\nnumquam omnis facere dolorem dolor ex quis temporibus incidunt\nab delectus culpa quo reprehenderit blanditiis asperiores\naccusantium ut quam in voluptatibus voluptas ipsam dicta"
    },
    {
        "userId": 7,
        "id": 64,
        "title": "et fugit quas eum in in aperiam quod",
        "body": "id velit blanditiis\neum ea voluptatem\nmolestiae sint occaecati est eos perspiciatis\nincidunt a error provident eaque aut aut qui"
    },
    {
        "userId": 7,
        "id": 65,
        "title": "consequatur id enim sunt et et",
        "body": "voluptatibus ex esse\nsint explicabo est aliquid cumque adipisci fuga repellat labore\nmolestiae corrupti ex saepe at asperiores et perferendis\nnatus id esse incidunt pariatur"
    },
    {
        "userId": 7,
        "id": 66,
        "title": "repudiandae ea animi iusto",
        "body": "officia veritatis tenetur vero qui itaque\nsint non ratione\nsed et ut asperiores iusto eos molestiae nostrum\nveritatis quibusdam et nemo iusto saepe"
    },
    {
        "userId": 7,
        "id": 67,
        "title": "aliquid eos sed fuga est maxime repellendus",
        "body": "reprehenderit id nostrum\nvoluptas doloremque pariatur sint et accusantium quia quod aspernatur\net fugiat amet\nnon sapiente et consequatur necessitatibus molestiae"
    },
    {
        "userId": 7,
        "id": 68,
        "title": "odio quis facere architecto reiciendis optio",
        "body": "magnam molestiae perferendis quisquam\nqui cum reiciendis\nquaerat animi amet hic inventore\nea quia deleniti quidem saepe porro velit"
    },
    {
        "userId": 7,
        "id": 69,
        "title": "fugiat quod pariatur odit minima",
        "body": "officiis error culpa consequatur modi asperiores et\ndolorum assumenda voluptas et vel qui aut vel rerum\nvoluptatum quisquam perspiciatis quia rerum consequatur totam quas\nsequi commodi repudiandae asperiores et saepe a"
    },
    {
        "userId": 7,
        "id": 70,
        "title": "voluptatem laborum magni",
        "body": "sunt repellendus quae\nest asperiores aut deleniti esse accusamus repellendus quia aut\nquia dolorem unde\neum tempora esse dolore"
    },
    {
        "userId": 8,
        "id": 71,
        "title": "et iusto veniam et illum aut fuga",
        "body": "occaecati a doloribus\niste saepe consectetur placeat eum voluptate dolorem et\nqui quo quia voluptas\nrerum ut id enim velit est perferendis"
    },
    {
        "userId": 8,
        "id": 72,
        "title": "sint hic doloribus consequatur eos non id",
        "body": "quam occaecati qui deleniti consectetur\nconsequatur aut facere quas exercitationem aliquam hic voluptas\nneque id sunt ut aut accusamus\nsunt consectetur expedita inventore velit"
    },
    {
        "userId": 8,
        "id": 73,
        "title": "consequuntur deleniti eos quia temporibus ab aliquid at",
        "body": "voluptatem cumque tenetur consequatur expedita ipsum nemo quia explicabo\naut eum minima consequatur\ntempore cumque quae est et\net in consequuntur voluptatem voluptates aut"
    },
    {
        "userId": 8,
        "id": 74,
        "title": "enim unde ratione doloribus quas enim ut sit sapiente",
        "body": "odit qui et et necessitatibus sint veniam\nmollitia amet doloremque molestiae commodi similique magnam et quam\nblanditiis est itaque\nquo et tenetur ratione occaecati molestiae tempora"
    },
    {
        "userId": 8,
        "id": 75,
        "title": "dignissimos eum dolor ut enim et delectus in",
        "body": "commodi non non omnis et voluptas sit\nautem aut nobis magnam et sapiente voluptatem\net laborum repellat qui delectus facilis temporibus\nrerum amet et nemo voluptate expedita adipisci error dolorem"
    },
    {
        "userId": 8,
        "id": 76,
        "title": "doloremque officiis ad et non perferendis",
        "body": "ut animi facere\ntotam iusto tempore\nmolestiae eum aut et dolorem aperiam\nquaerat recusandae totam odio"
    },
    {
        "userId": 8,
        "id": 77,
        "title": "necessitatibus quasi exercitationem odio",
        "body": "modi ut in nulla repudiandae dolorum nostrum eos\naut consequatur omnis\nut incidunt est omnis iste et quam\nvoluptates sapiente aliquam asperiores nobis amet corrupti repudiandae provident"
    },
    {
        "userId": 8,
        "id": 78,
        "title": "quam voluptatibus rerum veritatis",
        "body": "nobis facilis odit tempore cupiditate quia\nassumenda doloribus rerum qui ea\nillum et qui totam\naut veniam repellendus"
    },
    {
        "userId": 8,
        "id": 79,
        "title": "pariatur consequatur quia magnam autem omnis non amet",
        "body": "libero accusantium et et facere incidunt sit dolorem\nnon excepturi qui quia sed laudantium\nquisquam molestiae ducimus est\nofficiis esse molestiae iste et quos"
    },
    {
        "userId": 8,
        "id": 80,
        "title": "labore in ex et explicabo corporis aut quas",
        "body": "ex quod dolorem ea eum iure qui provident amet\nquia qui facere excepturi et repudiandae\nasperiores molestias provident\nminus incidunt vero fugit rerum sint sunt excepturi provident"
    },
    {
        "userId": 9,
        "id": 81,
        "title": "tempora rem veritatis voluptas quo dolores vero",
        "body": "facere qui nesciunt est voluptatum voluptatem nisi\nsequi eligendi necessitatibus ea at rerum itaque\nharum non ratione velit laboriosam quis consequuntur\nex officiis minima doloremque voluptas ut aut"
    },
    {
        "userId": 9,
        "id": 82,
        "title": "laudantium voluptate suscipit sunt enim enim",
        "body": "ut libero sit aut totam inventore sunt\nporro sint qui sunt molestiae\nconsequatur cupiditate qui iste ducimus adipisci\ndolor enim assumenda soluta laboriosam amet iste delectus hic"
    },
    {
        "userId": 9,
        "id": 83,
        "title": "odit et voluptates doloribus alias odio et",
        "body": "est molestiae facilis quis tempora numquam nihil qui\nvoluptate sapiente consequatur est qui\nnecessitatibus autem aut ipsa aperiam modi dolore numquam\nreprehenderit eius rem quibusdam"
    },
    {
        "userId": 9,
        "id": 84,
        "title": "optio ipsam molestias necessitatibus occaecati facilis veritatis dolores aut",
        "body": "sint molestiae magni a et quos\neaque et quasi\nut rerum debitis similique veniam\nrecusandae dignissimos dolor incidunt consequatur odio"
    },
    {
        "userId": 9,
        "id": 85,
        "title": "dolore veritatis porro provident adipisci blanditiis et sunt",
        "body": "similique sed nisi voluptas iusto omnis\nmollitia et quo\nassumenda suscipit officia magnam sint sed tempora\nenim provident pariatur praesentium atque animi amet ratione"
    },
    {
        "userId": 9,
        "id": 86,
        "title": "placeat quia et porro iste",
        "body": "quasi excepturi consequatur iste autem temporibus sed molestiae beatae\net quaerat et esse ut\nvoluptatem occaecati et vel explicabo autem\nasperiores pariatur deserunt optio"
    },
    {
        "userId": 9,
        "id": 87,
        "title": "nostrum quis quasi placeat",
        "body": "eos et molestiae\nnesciunt ut a\ndolores perspiciatis repellendus repellat aliquid\nmagnam sint rem ipsum est"
    },
    {
        "userId": 9,
        "id": 88,
        "title": "sapiente omnis fugit eos",
        "body": "consequatur omnis est praesentium\nducimus non iste\nneque hic deserunt\nvoluptatibus veniam cum et rerum sed"
    },
    {
        "userId": 9,
        "id": 89,
        "title": "sint soluta et vel magnam aut ut sed qui",
        "body": "repellat aut aperiam totam temporibus autem et\narchitecto magnam ut\nconsequatur qui cupiditate rerum quia soluta dignissimos nihil iure\ntempore quas est"
    },
    {
        "userId": 9,
        "id": 90,
        "title": "ad iusto omnis odit dolor voluptatibus",
        "body": "minus omnis soluta quia\nqui sed adipisci voluptates illum ipsam voluptatem\neligendi officia ut in\neos soluta similique molestias praesentium blanditiis"
    },
    {
        "userId": 10,
        "id": 91,
        "title": "aut amet sed",
        "body": "libero voluptate eveniet aperiam sed\nsunt placeat suscipit molestias\nsimilique fugit nam natus\nexpedita consequatur consequatur dolores quia eos et placeat"
    },
    {
        "userId": 10,
        "id": 92,
        "title": "ratione ex tenetur perferendis",
        "body": "aut et excepturi dicta laudantium sint rerum nihil\nlaudantium et at\na neque minima officia et similique libero et\ncommodi voluptate qui"
    },
    {
        "userId": 10,
        "id": 93,
        "title": "beatae soluta recusandae",
        "body": "dolorem quibusdam ducimus consequuntur dicta aut quo laboriosam\nvoluptatem quis enim recusandae ut sed sunt\nnostrum est odit totam\nsit error sed sunt eveniet provident qui nulla"
    },
    {
        "userId": 10,
        "id": 94,
        "title": "qui qui voluptates illo iste minima",
        "body": "aspernatur expedita soluta quo ab ut similique\nexpedita dolores amet\nsed temporibus distinctio magnam saepe deleniti\nomnis facilis nam ipsum natus sint similique omnis"
    },
    {
        "userId": 10,
        "id": 95,
        "title": "id minus libero illum nam ad officiis",
        "body": "earum voluptatem facere provident blanditiis velit laboriosam\npariatur accusamus odio saepe\ncumque dolor qui a dicta ab doloribus consequatur omnis\ncorporis cupiditate eaque assumenda ad nesciunt"
    },
    {
        "userId": 10,
        "id": 96,
        "title": "quaerat velit veniam amet cupiditate aut numquam ut sequi",
        "body": "in non odio excepturi sint eum\nlabore voluptates vitae quia qui et\ninventore itaque rerum\nveniam non exercitationem delectus aut"
    },
    {
        "userId": 10,
        "id": 97,
        "title": "quas fugiat ut perspiciatis vero provident",
        "body": "eum non blanditiis soluta porro quibusdam voluptas\nvel voluptatem qui placeat dolores qui velit aut\nvel inventore aut cumque culpa explicabo aliquid at\nperspiciatis est et voluptatem dignissimos dolor itaque sit nam"
    },
    {
        "userId": 10,
        "id": 98,
        "title": "laboriosam dolor voluptates",
        "body": "doloremque ex facilis sit sint culpa\nsoluta assumenda eligendi non ut eius\nsequi ducimus vel quasi\nveritatis est dolores"
    },
    {
        "userId": 10,
        "id": 99,
        "title": "temporibus sit alias delectus eligendi possimus magni",
        "body": "quo deleniti praesentium dicta non quod\naut est molestias\nmolestias et officia quis nihil\nitaque dolorem quia"
    },
    {
        "userId": 10,
        "id": 100,
        "title": "at nam consequatur ea labore ea harum",
        "body": "cupiditate quo est a modi nesciunt soluta\nipsa voluptas error itaque dicta in\nautem qui minus magnam et distinctio eum\naccusamus ratione error aut"
    }
]
]]></system-out>
  </testcase>
  <testcase name="testUserCanCreateAPostSuccessfully" classname="typicodeTest.TestTypiCode" time="0.09">
    <system-out><![CDATA[{
    "patientName": "james",
    "contact": "779879879",
    "title": "Dr",
    "body": "Patient descriptions",
    "userId": 20,
    "id": 101
}
]]></system-out>
  </testcase>
</testsuite>