<?xml version="1.0" encoding="UTF-8"?>
<!-- Generated by org.testng.reporters.JUnitReportReporter -->
<testsuite hostname="DESKTOP-U2P560E" failures="0" tests="3" name="typicodeTest.TestTypiCode" time="0.613" errors="0" timestamp="2022-08-31T18:49:15 EDT" skipped="0">
  <testcase classname="typicodeTest.TestTypiCode" name="testGetAllPosts" time="0.090"/>
  <system-out/>
  <testcase classname="typicodeTest.TestTypiCode" name="testUserCanCreateAPostSuccessfully" time="0.156"/>
  <system-out/>
  <testcase classname="typicodeTest.TestTypiCode" name="testCreatePost" time="0.367"/>
  <system-out/>
</testsuite> <!-- typicodeTest.TestTypiCode -->
