<?xml version="1.0" encoding="UTF-8"?>
<!-- Generated by org.testng.reporters.JUnitReportReporter -->
<testsuite hostname="DESKTOP-U2P560E" failures="0" tests="2" name="twitterAPITest.Tweet2Test" time="1.628" errors="0" timestamp="2022-08-31T18:49:15 EDT" skipped="0">
  <testcase classname="twitterAPITest.Tweet2Test" name="testGetUserTimeLineTweetFollowing" time="0.385"/>
  <system-out/>
  <testcase classname="twitterAPITest.Tweet2Test" name="testGetUserTimeLineTweet" time="1.243"/>
  <system-out/>
</testsuite> <!-- twitterAPITest.Tweet2Test -->
